2022-10-13 12:01:03,565 - clientLogger - INFO - Logging initiated
2022-10-13 12:01:06,780 - clientLogger - INFO - forward sent
2022-10-13 12:01:07,203 - clientLogger - INFO - forward sent
2022-10-13 12:01:07,810 - clientLogger - INFO - right sent
2022-10-13 12:01:08,115 - clientLogger - INFO - left sent
2022-10-13 12:01:08,328 - clientLogger - INFO - right sent
2022-10-13 12:01:08,527 - clientLogger - INFO - forward sent
2022-10-13 12:01:08,848 - clientLogger - INFO - right sent
2022-10-13 12:01:08,995 - clientLogger - INFO - left sent
2022-10-13 12:01:09,265 - clientLogger - INFO - forward sent
2022-10-13 12:01:09,777 - clientLogger - INFO - forward sent
2022-10-13 12:01:09,808 - clientLogger - INFO - forward sent
2022-10-13 12:01:09,840 - clientLogger - INFO - forward sent
2022-10-13 12:01:09,872 - clientLogger - INFO - forward sent
2022-10-13 12:01:09,903 - clientLogger - INFO - forward sent
2022-10-13 12:01:09,934 - clientLogger - INFO - forward sent
2022-10-13 12:01:09,966 - clientLogger - INFO - forward sent
2022-10-13 12:01:09,997 - clientLogger - INFO - forward sent
2022-10-13 12:01:10,029 - clientLogger - INFO - forward sent
2022-10-13 12:01:10,075 - clientLogger - INFO - forward sent
2022-10-13 12:01:10,106 - clientLogger - INFO - forward sent
2022-10-13 12:01:10,137 - clientLogger - INFO - forward sent
2022-10-13 12:01:10,167 - clientLogger - INFO - forward sent
2022-10-13 12:01:10,199 - clientLogger - INFO - forward sent
2022-10-13 12:01:10,231 - clientLogger - INFO - forward sent
2022-10-13 12:01:10,263 - clientLogger - INFO - forward sent
2022-10-13 12:01:10,294 - clientLogger - INFO - forward sent
2022-10-13 12:01:10,325 - clientLogger - INFO - forward sent
2022-10-13 12:01:10,371 - clientLogger - INFO - forward sent
2022-10-13 12:01:10,401 - clientLogger - INFO - forward sent
2022-10-13 12:01:10,432 - clientLogger - INFO - forward sent
2022-10-13 12:01:10,463 - clientLogger - INFO - forward sent
2022-10-13 12:01:10,495 - clientLogger - INFO - forward sent
2022-10-13 12:01:10,526 - clientLogger - INFO - forward sent
2022-10-13 12:01:10,558 - clientLogger - INFO - forward sent
2022-10-13 12:01:10,590 - clientLogger - INFO - forward sent
2022-10-13 12:01:10,636 - clientLogger - INFO - forward sent
2022-10-13 12:01:10,668 - clientLogger - INFO - forward sent
2022-10-13 12:01:10,700 - clientLogger - INFO - forward sent
2022-10-13 12:01:10,732 - clientLogger - INFO - forward sent
2022-10-13 12:01:10,763 - clientLogger - INFO - forward sent
2022-10-13 12:01:10,794 - clientLogger - INFO - forward sent
2022-10-13 12:01:10,826 - clientLogger - INFO - forward sent
2022-10-13 12:01:10,857 - clientLogger - INFO - forward sent
2022-10-13 12:01:10,890 - clientLogger - INFO - forward sent
2022-10-13 12:01:10,922 - clientLogger - INFO - forward sent
2022-10-13 12:01:10,953 - clientLogger - INFO - forward sent
2022-10-13 12:01:10,985 - clientLogger - INFO - forward sent
2022-10-13 12:01:11,033 - clientLogger - INFO - forward sent
2022-10-13 12:01:11,064 - clientLogger - INFO - forward sent
2022-10-13 12:01:11,096 - clientLogger - INFO - forward sent
2022-10-13 12:01:11,128 - clientLogger - INFO - forward sent
2022-10-13 12:01:11,160 - clientLogger - INFO - forward sent
2022-10-13 12:01:11,192 - clientLogger - INFO - forward sent
2022-10-13 12:01:11,224 - clientLogger - INFO - forward sent
2022-10-13 12:01:11,254 - clientLogger - INFO - forward sent
2022-10-13 12:01:11,401 - clientLogger - INFO - back sent
2022-10-13 12:01:11,714 - clientLogger - INFO - forward sent
2022-10-13 12:01:11,913 - clientLogger - INFO - turnRight sent
2022-10-13 12:01:12,424 - clientLogger - INFO - turnRight sent
2022-10-13 12:01:12,455 - clientLogger - INFO - turnRight sent
2022-10-13 12:01:12,486 - clientLogger - INFO - turnRight sent
2022-10-13 12:01:12,517 - clientLogger - INFO - turnRight sent
2022-10-13 12:01:12,547 - clientLogger - INFO - turnRight sent
2022-10-13 12:01:12,579 - clientLogger - INFO - turnRight sent
2022-10-13 12:01:12,626 - clientLogger - INFO - turnRight sent
2022-10-13 12:01:12,657 - clientLogger - INFO - turnRight sent
2022-10-13 12:01:12,688 - clientLogger - INFO - turnRight sent
2022-10-13 12:01:12,720 - clientLogger - INFO - turnRight sent
2022-10-13 12:01:12,750 - clientLogger - INFO - turnRight sent
2022-10-13 12:01:12,781 - clientLogger - INFO - turnRight sent
2022-10-13 12:01:12,813 - clientLogger - INFO - turnRight sent
2022-10-13 12:01:12,845 - clientLogger - INFO - turnRight sent
2022-10-13 12:01:12,877 - clientLogger - INFO - turnRight sent
2022-10-13 12:01:12,922 - clientLogger - INFO - turnRight sent
2022-10-13 12:01:12,954 - clientLogger - INFO - turnRight sent
2022-10-13 12:01:12,985 - clientLogger - INFO - turnRight sent
2022-10-13 12:01:13,016 - clientLogger - INFO - turnRight sent
2022-10-13 12:01:13,046 - clientLogger - INFO - turnRight sent
2022-10-13 12:01:13,077 - clientLogger - INFO - turnRight sent
2022-10-13 12:01:13,108 - clientLogger - INFO - turnRight sent
2022-10-13 12:01:13,140 - clientLogger - INFO - turnRight sent
2022-10-13 12:01:13,702 - clientLogger - INFO - turnLeft sent
2022-10-13 12:01:13,748 - clientLogger - INFO - turnLeft sent
2022-10-13 12:01:13,780 - clientLogger - INFO - turnLeft sent
2022-10-13 12:01:13,811 - clientLogger - INFO - turnLeft sent
2022-10-13 12:01:13,842 - clientLogger - INFO - turnLeft sent
2022-10-13 12:01:13,873 - clientLogger - INFO - turnLeft sent
2022-10-13 12:01:13,904 - clientLogger - INFO - turnLeft sent
2022-10-13 12:01:13,936 - clientLogger - INFO - turnLeft sent
2022-10-13 12:01:13,968 - clientLogger - INFO - turnLeft sent
2022-10-13 12:01:14,000 - clientLogger - INFO - turnLeft sent
2022-10-13 12:01:14,031 - clientLogger - INFO - turnLeft sent
2022-10-13 12:01:14,077 - clientLogger - INFO - turnLeft sent
2022-10-13 12:01:14,108 - clientLogger - INFO - turnLeft sent
2022-10-13 12:01:14,140 - clientLogger - INFO - turnLeft sent
2022-10-13 12:01:14,170 - clientLogger - INFO - turnLeft sent
2022-10-13 12:01:14,201 - clientLogger - INFO - turnLeft sent
2022-10-13 12:01:14,276 - clientLogger - INFO - turnRight sent
2022-10-13 12:01:14,777 - clientLogger - INFO - turnRight sent
2022-10-13 12:01:14,824 - clientLogger - INFO - turnRight sent
2022-10-13 12:01:14,855 - clientLogger - INFO - turnRight sent
2022-10-13 12:01:14,886 - clientLogger - INFO - turnRight sent
2022-10-13 12:01:14,918 - clientLogger - INFO - turnRight sent
2022-10-13 12:01:14,950 - clientLogger - INFO - turnRight sent
2022-10-13 12:01:14,982 - clientLogger - INFO - turnRight sent
2022-10-13 12:01:15,012 - clientLogger - INFO - turnRight sent
2022-10-13 12:01:15,043 - clientLogger - INFO - turnRight sent
2022-10-13 12:01:15,075 - clientLogger - INFO - turnRight sent
2022-10-13 12:01:15,106 - clientLogger - INFO - turnRight sent
2022-10-13 12:01:15,152 - clientLogger - INFO - turnRight sent
2022-10-13 12:01:15,184 - clientLogger - INFO - turnRight sent
2022-10-13 12:01:15,215 - clientLogger - INFO - turnRight sent
2022-10-13 12:01:15,247 - clientLogger - INFO - turnRight sent
2022-10-13 12:01:15,278 - clientLogger - INFO - turnRight sent
2022-10-13 12:01:15,310 - clientLogger - INFO - turnRight sent
2022-10-13 12:01:15,340 - clientLogger - INFO - turnRight sent
2022-10-13 12:01:15,371 - clientLogger - INFO - turnRight sent
2022-10-13 12:01:15,417 - clientLogger - INFO - turnRight sent
2022-10-13 12:01:15,449 - clientLogger - INFO - turnRight sent
2022-10-13 12:01:15,481 - clientLogger - INFO - turnRight sent
2022-10-13 12:01:15,513 - clientLogger - INFO - turnRight sent
2022-10-13 12:01:15,543 - clientLogger - INFO - turnRight sent
2022-10-13 12:01:15,575 - clientLogger - INFO - turnRight sent
2022-10-13 12:01:15,606 - clientLogger - INFO - turnRight sent
2022-10-13 12:01:15,637 - clientLogger - INFO - turnRight sent
2022-10-13 12:01:15,670 - clientLogger - INFO - turnRight sent
2022-10-13 12:01:15,701 - clientLogger - INFO - turnRight sent
2022-10-13 12:01:15,748 - clientLogger - INFO - turnRight sent
2022-10-13 12:01:15,779 - clientLogger - INFO - turnRight sent
2022-10-13 12:01:15,810 - clientLogger - INFO - turnRight sent
2022-10-13 12:01:15,842 - clientLogger - INFO - turnRight sent
2022-10-13 12:01:15,874 - clientLogger - INFO - turnRight sent
2022-10-13 12:01:15,906 - clientLogger - INFO - turnRight sent
2022-10-13 12:01:15,938 - clientLogger - INFO - turnRight sent
2022-10-13 12:01:15,970 - clientLogger - INFO - turnRight sent
2022-10-13 12:01:16,112 - clientLogger - INFO - forward sent
2022-10-13 12:01:16,615 - clientLogger - INFO - forward sent
2022-10-13 12:01:16,644 - clientLogger - INFO - forward sent
2022-10-13 12:01:16,690 - clientLogger - INFO - forward sent
2022-10-13 12:01:16,721 - clientLogger - INFO - forward sent
2022-10-13 12:01:16,753 - clientLogger - INFO - forward sent
2022-10-13 12:01:16,784 - clientLogger - INFO - forward sent
2022-10-13 12:01:16,816 - clientLogger - INFO - forward sent
2022-10-13 12:01:16,848 - clientLogger - INFO - forward sent
2022-10-13 12:01:16,880 - clientLogger - INFO - forward sent
2022-10-13 12:01:16,911 - clientLogger - INFO - forward sent
2022-10-13 12:01:16,942 - clientLogger - INFO - forward sent
2022-10-13 12:01:16,974 - clientLogger - INFO - forward sent
2022-10-13 12:01:17,021 - clientLogger - INFO - forward sent
2022-10-13 12:01:17,053 - clientLogger - INFO - forward sent
2022-10-13 12:01:17,084 - clientLogger - INFO - forward sent
2022-10-13 12:01:17,115 - clientLogger - INFO - forward sent
2022-10-13 12:01:17,148 - clientLogger - INFO - forward sent
2022-10-13 12:01:17,178 - clientLogger - INFO - forward sent
2022-10-13 12:01:17,210 - clientLogger - INFO - forward sent
2022-10-13 12:01:17,241 - clientLogger - INFO - forward sent
2022-10-13 12:01:17,272 - clientLogger - INFO - forward sent
2022-10-13 12:01:17,318 - clientLogger - INFO - forward sent
2022-10-13 12:01:17,350 - clientLogger - INFO - forward sent
2022-10-13 12:01:17,381 - clientLogger - INFO - forward sent
2022-10-13 12:01:17,412 - clientLogger - INFO - forward sent
2022-10-13 12:01:17,443 - clientLogger - INFO - forward sent
2022-10-13 12:01:17,474 - clientLogger - INFO - forward sent
2022-10-13 12:01:17,506 - clientLogger - INFO - forward sent
2022-10-13 12:01:17,538 - clientLogger - INFO - forward sent
2022-10-13 12:01:17,570 - clientLogger - INFO - forward sent
2022-10-13 12:01:17,601 - clientLogger - INFO - forward sent
2022-10-13 12:01:17,649 - clientLogger - INFO - forward sent
2022-10-13 12:01:17,680 - clientLogger - INFO - forward sent
2022-10-13 12:01:17,711 - clientLogger - INFO - forward sent
2022-10-13 12:01:17,742 - clientLogger - INFO - forward sent
2022-10-13 12:01:17,773 - clientLogger - INFO - forward sent
2022-10-13 12:01:17,804 - clientLogger - INFO - forward sent
2022-10-13 12:01:17,835 - clientLogger - INFO - forward sent
2022-10-13 12:01:17,866 - clientLogger - INFO - forward sent
2022-10-13 12:01:17,898 - clientLogger - INFO - forward sent
2022-10-13 12:01:17,944 - clientLogger - INFO - forward sent
2022-10-13 12:01:17,975 - clientLogger - INFO - forward sent
2022-10-13 12:01:18,006 - clientLogger - INFO - forward sent
2022-10-13 12:01:18,036 - clientLogger - INFO - forward sent
2022-10-13 12:01:18,068 - clientLogger - INFO - forward sent
2022-10-13 12:01:18,098 - clientLogger - INFO - forward sent
2022-10-13 12:01:18,130 - clientLogger - INFO - forward sent
2022-10-13 12:01:18,177 - clientLogger - INFO - forward sent
2022-10-13 12:01:18,208 - clientLogger - INFO - forward sent
2022-10-13 12:01:18,240 - clientLogger - INFO - forward sent
2022-10-13 12:01:18,271 - clientLogger - INFO - forward sent
2022-10-13 12:01:18,302 - clientLogger - INFO - forward sent
2022-10-13 12:01:18,334 - clientLogger - INFO - forward sent
2022-10-13 12:01:18,366 - clientLogger - INFO - forward sent
2022-10-13 12:01:18,398 - clientLogger - INFO - forward sent
2022-10-13 12:01:18,428 - clientLogger - INFO - forward sent
2022-10-13 12:01:18,460 - clientLogger - INFO - forward sent
2022-10-13 12:01:18,507 - clientLogger - INFO - forward sent
2022-10-13 12:01:18,538 - clientLogger - INFO - forward sent
2022-10-13 12:01:18,570 - clientLogger - INFO - forward sent
2022-10-13 12:01:18,601 - clientLogger - INFO - forward sent
2022-10-13 12:01:18,632 - clientLogger - INFO - forward sent
2022-10-13 12:01:18,664 - clientLogger - INFO - forward sent
2022-10-13 12:01:18,696 - clientLogger - INFO - forward sent
2022-10-13 12:01:18,727 - clientLogger - INFO - forward sent
2022-10-13 12:01:18,760 - clientLogger - INFO - forward sent
2022-10-13 12:01:18,791 - clientLogger - INFO - forward sent
2022-10-13 12:01:18,822 - clientLogger - INFO - forward sent
2022-10-13 12:01:18,870 - clientLogger - INFO - forward sent
2022-10-13 12:01:18,901 - clientLogger - INFO - forward sent
2022-10-13 12:01:18,932 - clientLogger - INFO - forward sent
2022-10-13 12:01:18,964 - clientLogger - INFO - forward sent
2022-10-13 12:01:18,995 - clientLogger - INFO - forward sent
2022-10-13 12:01:19,026 - clientLogger - INFO - forward sent
2022-10-13 12:01:19,058 - clientLogger - INFO - forward sent
2022-10-13 12:01:19,090 - clientLogger - INFO - forward sent
2022-10-13 12:01:19,121 - clientLogger - INFO - forward sent
2022-10-13 12:01:19,167 - clientLogger - INFO - forward sent
2022-10-13 12:01:19,197 - clientLogger - INFO - forward sent
2022-10-13 12:01:19,229 - clientLogger - INFO - forward sent
2022-10-13 12:01:19,260 - clientLogger - INFO - forward sent
2022-10-13 12:01:19,291 - clientLogger - INFO - forward sent
2022-10-13 12:01:19,322 - clientLogger - INFO - forward sent
2022-10-13 12:01:19,354 - clientLogger - INFO - forward sent
2022-10-13 12:01:19,384 - clientLogger - INFO - forward sent
2022-10-13 12:01:19,416 - clientLogger - INFO - forward sent
2022-10-13 12:01:19,464 - clientLogger - INFO - forward sent
2022-10-13 12:01:19,495 - clientLogger - INFO - forward sent
2022-10-13 12:01:19,525 - clientLogger - INFO - forward sent
2022-10-13 12:01:19,556 - clientLogger - INFO - forward sent
2022-10-13 12:01:19,587 - clientLogger - INFO - forward sent
2022-10-13 12:01:19,618 - clientLogger - INFO - forward sent
2022-10-13 12:01:19,649 - clientLogger - INFO - forward sent
2022-10-13 12:01:19,695 - clientLogger - INFO - forward sent
2022-10-13 12:01:19,726 - clientLogger - INFO - forward sent
2022-10-13 12:01:19,757 - clientLogger - INFO - forward sent
2022-10-13 12:01:19,788 - clientLogger - INFO - forward sent
2022-10-13 12:01:19,820 - clientLogger - INFO - forward sent
2022-10-13 12:01:19,851 - clientLogger - INFO - forward sent
2022-10-13 12:01:19,882 - clientLogger - INFO - forward sent
2022-10-13 12:01:19,912 - clientLogger - INFO - forward sent
2022-10-13 12:01:19,944 - clientLogger - INFO - forward sent
2022-10-13 12:01:19,990 - clientLogger - INFO - forward sent
2022-10-13 12:01:20,021 - clientLogger - INFO - forward sent
2022-10-13 12:01:20,053 - clientLogger - INFO - forward sent
2022-10-13 12:01:20,086 - clientLogger - INFO - forward sent
2022-10-13 12:01:20,116 - clientLogger - INFO - forward sent
2022-10-13 12:01:20,147 - clientLogger - INFO - forward sent
2022-10-13 12:01:20,179 - clientLogger - INFO - forward sent
2022-10-13 12:01:20,210 - clientLogger - INFO - forward sent
2022-10-13 12:01:20,241 - clientLogger - INFO - forward sent
2022-10-13 12:01:20,288 - clientLogger - INFO - forward sent
2022-10-13 12:01:20,321 - clientLogger - INFO - up sent
2022-10-13 12:01:20,831 - clientLogger - INFO - up sent
2022-10-13 12:01:20,862 - clientLogger - INFO - up sent
2022-10-13 12:01:20,894 - clientLogger - INFO - up sent
2022-10-13 12:01:20,925 - clientLogger - INFO - up sent
2022-10-13 12:01:20,956 - clientLogger - INFO - up sent
2022-10-13 12:01:20,987 - clientLogger - INFO - up sent
2022-10-13 12:01:21,033 - clientLogger - INFO - up sent
2022-10-13 12:01:21,065 - clientLogger - INFO - up sent
2022-10-13 12:01:21,096 - clientLogger - INFO - up sent
2022-10-13 12:01:21,128 - clientLogger - INFO - up sent
2022-10-13 12:01:21,158 - clientLogger - INFO - up sent
2022-10-13 12:01:21,190 - clientLogger - INFO - up sent
2022-10-13 12:01:21,222 - clientLogger - INFO - up sent
2022-10-13 12:01:21,252 - clientLogger - INFO - up sent
2022-10-13 12:01:21,283 - clientLogger - INFO - up sent
2022-10-13 12:01:21,330 - clientLogger - INFO - up sent
2022-10-13 12:01:21,362 - clientLogger - INFO - up sent
2022-10-13 12:01:21,393 - clientLogger - INFO - up sent
2022-10-13 12:01:21,423 - clientLogger - INFO - up sent
2022-10-13 12:01:21,455 - clientLogger - INFO - up sent
2022-10-13 12:01:21,487 - clientLogger - INFO - up sent
2022-10-13 12:01:21,518 - clientLogger - INFO - up sent
2022-10-13 12:01:21,549 - clientLogger - INFO - up sent
2022-10-13 12:01:21,580 - clientLogger - INFO - up sent
2022-10-13 12:01:21,627 - clientLogger - INFO - up sent
2022-10-13 12:01:21,658 - clientLogger - INFO - up sent
2022-10-13 12:01:21,690 - clientLogger - INFO - up sent
2022-10-13 12:01:21,722 - clientLogger - INFO - up sent
2022-10-13 12:01:21,752 - clientLogger - INFO - up sent
2022-10-13 12:01:21,783 - clientLogger - INFO - up sent
2022-10-13 12:01:21,813 - clientLogger - INFO - up sent
2022-10-13 12:01:21,845 - clientLogger - INFO - up sent
2022-10-13 12:01:21,892 - clientLogger - INFO - up sent
2022-10-13 12:01:21,923 - clientLogger - INFO - up sent
2022-10-13 12:01:21,955 - clientLogger - INFO - up sent
2022-10-13 12:01:21,984 - clientLogger - INFO - up sent
2022-10-13 12:01:22,016 - clientLogger - INFO - up sent
2022-10-13 12:01:22,047 - clientLogger - INFO - up sent
2022-10-13 12:01:22,078 - clientLogger - INFO - up sent
2022-10-13 12:01:22,110 - clientLogger - INFO - up sent
2022-10-13 12:01:22,141 - clientLogger - INFO - up sent
2022-10-13 12:01:22,189 - clientLogger - INFO - up sent
2022-10-13 12:01:22,220 - clientLogger - INFO - up sent
2022-10-13 12:01:22,250 - clientLogger - INFO - up sent
2022-10-13 12:01:22,281 - clientLogger - INFO - up sent
2022-10-13 12:01:22,312 - clientLogger - INFO - up sent
2022-10-13 12:01:22,343 - clientLogger - INFO - up sent
2022-10-13 12:01:22,375 - clientLogger - INFO - up sent
2022-10-13 12:01:22,407 - clientLogger - INFO - up sent
2022-10-13 12:01:22,438 - clientLogger - INFO - up sent
2022-10-13 12:01:22,486 - clientLogger - INFO - up sent
2022-10-13 12:01:22,517 - clientLogger - INFO - up sent
2022-10-13 12:01:22,548 - clientLogger - INFO - up sent
2022-10-13 12:01:22,580 - clientLogger - INFO - up sent
2022-10-13 12:01:22,611 - clientLogger - INFO - up sent
2022-10-13 12:01:22,643 - clientLogger - INFO - up sent
2022-10-13 12:01:22,674 - clientLogger - INFO - up sent
2022-10-13 12:01:22,705 - clientLogger - INFO - up sent
2022-10-13 12:01:22,737 - clientLogger - INFO - up sent
2022-10-13 12:01:22,768 - clientLogger - INFO - up sent
2022-10-13 12:01:22,815 - clientLogger - INFO - up sent
2022-10-13 12:01:22,846 - clientLogger - INFO - up sent
2022-10-13 12:01:22,878 - clientLogger - INFO - up sent
2022-10-13 12:01:22,909 - clientLogger - INFO - up sent
2022-10-13 12:01:22,940 - clientLogger - INFO - up sent
2022-10-13 12:01:22,971 - clientLogger - INFO - up sent
2022-10-13 12:01:23,002 - clientLogger - INFO - up sent
2022-10-13 12:01:23,033 - clientLogger - INFO - up sent
2022-10-13 12:01:23,065 - clientLogger - INFO - up sent
2022-10-13 12:01:23,112 - clientLogger - INFO - up sent
2022-10-13 12:01:23,143 - clientLogger - INFO - up sent
2022-10-13 12:01:23,174 - clientLogger - INFO - up sent
2022-10-13 12:01:23,205 - clientLogger - INFO - up sent
2022-10-13 12:01:23,236 - clientLogger - INFO - up sent
2022-10-13 12:01:23,266 - clientLogger - INFO - up sent
2022-10-13 12:01:23,298 - clientLogger - INFO - up sent
2022-10-13 12:01:23,331 - clientLogger - INFO - up sent
2022-10-13 12:01:23,376 - clientLogger - INFO - up sent
2022-10-13 12:01:23,408 - clientLogger - INFO - up sent
2022-10-13 12:01:23,440 - clientLogger - INFO - up sent
2022-10-13 12:01:23,472 - clientLogger - INFO - up sent
2022-10-13 12:01:23,503 - clientLogger - INFO - up sent
2022-10-13 12:01:23,535 - clientLogger - INFO - up sent
2022-10-13 12:01:23,566 - clientLogger - INFO - up sent
2022-10-13 12:01:23,598 - clientLogger - INFO - up sent
2022-10-13 12:01:24,159 - clientLogger - INFO - forward sent
2022-10-13 12:01:24,204 - clientLogger - INFO - forward sent
2022-10-13 12:01:24,235 - clientLogger - INFO - forward sent
2022-10-13 12:01:24,267 - clientLogger - INFO - forward sent
2022-10-13 12:01:24,297 - clientLogger - INFO - forward sent
2022-10-13 12:01:24,328 - clientLogger - INFO - forward sent
2022-10-13 12:01:24,359 - clientLogger - INFO - forward sent
2022-10-13 12:01:24,391 - clientLogger - INFO - forward sent
2022-10-13 12:01:24,423 - clientLogger - INFO - forward sent
2022-10-13 12:01:24,454 - clientLogger - INFO - forward sent
2022-10-13 12:01:24,501 - clientLogger - INFO - forward sent
2022-10-13 12:01:24,532 - clientLogger - INFO - forward sent
2022-10-13 12:01:24,563 - clientLogger - INFO - forward sent
2022-10-13 12:01:24,594 - clientLogger - INFO - forward sent
2022-10-13 12:01:24,626 - clientLogger - INFO - forward sent
2022-10-13 12:01:24,658 - clientLogger - INFO - forward sent
2022-10-13 12:01:24,689 - clientLogger - INFO - forward sent
2022-10-13 12:01:24,720 - clientLogger - INFO - forward sent
2022-10-13 12:01:24,751 - clientLogger - INFO - forward sent
2022-10-13 12:01:24,798 - clientLogger - INFO - forward sent
2022-10-13 12:01:24,828 - clientLogger - INFO - forward sent
2022-10-13 12:01:24,860 - clientLogger - INFO - forward sent
2022-10-13 12:01:24,891 - clientLogger - INFO - forward sent
2022-10-13 12:01:24,922 - clientLogger - INFO - forward sent
2022-10-13 12:01:24,953 - clientLogger - INFO - forward sent
2022-10-13 12:01:24,985 - clientLogger - INFO - forward sent
2022-10-13 12:01:25,016 - clientLogger - INFO - forward sent
2022-10-13 12:01:25,062 - clientLogger - INFO - forward sent
2022-10-13 12:01:25,094 - clientLogger - INFO - forward sent
2022-10-13 12:01:25,125 - clientLogger - INFO - forward sent
2022-10-13 12:01:25,156 - clientLogger - INFO - forward sent
2022-10-13 12:01:25,187 - clientLogger - INFO - forward sent
2022-10-13 12:01:25,219 - clientLogger - INFO - forward sent
2022-10-13 12:01:25,250 - clientLogger - INFO - forward sent
2022-10-13 12:01:25,280 - clientLogger - INFO - forward sent
2022-10-13 12:01:25,327 - clientLogger - INFO - forward sent
2022-10-13 12:01:25,358 - clientLogger - INFO - forward sent
2022-10-13 12:01:25,390 - clientLogger - INFO - forward sent
2022-10-13 12:01:25,421 - clientLogger - INFO - forward sent
2022-10-13 12:01:25,452 - clientLogger - INFO - forward sent
2022-10-13 12:01:25,484 - clientLogger - INFO - forward sent
2022-10-13 12:01:25,515 - clientLogger - INFO - forward sent
2022-10-13 12:01:25,546 - clientLogger - INFO - forward sent
2022-10-13 12:01:25,577 - clientLogger - INFO - forward sent
2022-10-13 12:01:25,623 - clientLogger - INFO - forward sent
2022-10-13 12:01:25,655 - clientLogger - INFO - forward sent
2022-10-13 12:01:25,686 - clientLogger - INFO - forward sent
2022-10-13 12:01:25,718 - clientLogger - INFO - forward sent
2022-10-13 12:01:25,751 - clientLogger - INFO - forward sent
2022-10-13 12:01:25,781 - clientLogger - INFO - forward sent
2022-10-13 12:01:25,812 - clientLogger - INFO - forward sent
2022-10-13 12:01:25,843 - clientLogger - INFO - forward sent
2022-10-13 12:01:25,975 - clientLogger - INFO - turnLeft sent
2022-10-13 12:01:26,483 - clientLogger - INFO - turnLeft sent
2022-10-13 12:01:26,514 - clientLogger - INFO - turnLeft sent
2022-10-13 12:01:26,545 - clientLogger - INFO - turnLeft sent
2022-10-13 12:01:26,577 - clientLogger - INFO - turnLeft sent
2022-10-13 12:01:26,608 - clientLogger - INFO - turnLeft sent
2022-10-13 12:01:26,639 - clientLogger - INFO - turnLeft sent
2022-10-13 12:01:26,686 - clientLogger - INFO - turnLeft sent
2022-10-13 12:01:26,717 - clientLogger - INFO - turnLeft sent
2022-10-13 12:01:26,748 - clientLogger - INFO - turnLeft sent
2022-10-13 12:01:26,779 - clientLogger - INFO - turnLeft sent
2022-10-13 12:01:26,811 - clientLogger - INFO - turnLeft sent
2022-10-13 12:01:26,841 - clientLogger - INFO - turnLeft sent
2022-10-13 12:01:26,872 - clientLogger - INFO - turnLeft sent
2022-10-13 12:01:26,903 - clientLogger - INFO - turnLeft sent
2022-10-13 12:01:26,950 - clientLogger - INFO - turnLeft sent
2022-10-13 12:01:27,027 - clientLogger - INFO - forward sent
2022-10-13 12:01:27,531 - clientLogger - INFO - forward sent
2022-10-13 12:01:27,562 - clientLogger - INFO - forward sent
2022-10-13 12:01:27,609 - clientLogger - INFO - forward sent
2022-10-13 12:01:27,640 - clientLogger - INFO - forward sent
2022-10-13 12:01:27,671 - clientLogger - INFO - forward sent
2022-10-13 12:01:27,703 - clientLogger - INFO - forward sent
2022-10-13 12:01:27,735 - clientLogger - INFO - forward sent
2022-10-13 12:01:27,766 - clientLogger - INFO - forward sent
2022-10-13 12:01:27,797 - clientLogger - INFO - forward sent
2022-10-13 12:01:27,828 - clientLogger - INFO - forward sent
2022-10-13 12:01:27,859 - clientLogger - INFO - forward sent
2022-10-13 12:01:27,905 - clientLogger - INFO - forward sent
2022-10-13 12:01:27,936 - clientLogger - INFO - forward sent
2022-10-13 12:01:27,967 - clientLogger - INFO - forward sent
2022-10-13 12:01:27,997 - clientLogger - INFO - forward sent
2022-10-13 12:01:28,030 - clientLogger - INFO - forward sent
2022-10-13 12:01:28,061 - clientLogger - INFO - forward sent
2022-10-13 12:01:28,092 - clientLogger - INFO - forward sent
2022-10-13 12:01:28,123 - clientLogger - INFO - forward sent
2022-10-13 12:01:28,155 - clientLogger - INFO - forward sent
2022-10-13 12:01:28,201 - clientLogger - INFO - forward sent
2022-10-13 12:01:28,232 - clientLogger - INFO - forward sent
2022-10-13 12:01:28,262 - clientLogger - INFO - forward sent
2022-10-13 12:01:28,294 - clientLogger - INFO - forward sent
2022-10-13 12:01:28,325 - clientLogger - INFO - forward sent
2022-10-13 12:01:28,357 - clientLogger - INFO - forward sent
2022-10-13 12:01:28,388 - clientLogger - INFO - forward sent
2022-10-13 12:01:28,418 - clientLogger - INFO - forward sent
2022-10-13 12:01:28,465 - clientLogger - INFO - forward sent
2022-10-13 12:01:28,496 - clientLogger - INFO - forward sent
2022-10-13 12:01:28,528 - clientLogger - INFO - forward sent
2022-10-13 12:01:28,560 - clientLogger - INFO - forward sent
2022-10-13 12:01:28,591 - clientLogger - INFO - forward sent
2022-10-13 12:01:28,621 - clientLogger - INFO - forward sent
2022-10-13 12:01:28,653 - clientLogger - INFO - forward sent
2022-10-13 12:01:28,685 - clientLogger - INFO - forward sent
2022-10-13 12:01:28,716 - clientLogger - INFO - forward sent
2022-10-13 12:01:28,748 - clientLogger - INFO - forward sent
2022-10-13 12:01:28,795 - clientLogger - INFO - forward sent
2022-10-13 12:01:28,826 - clientLogger - INFO - forward sent
2022-10-13 12:01:28,858 - clientLogger - INFO - forward sent
2022-10-13 12:01:28,890 - clientLogger - INFO - forward sent
2022-10-13 12:01:28,921 - clientLogger - INFO - forward sent
2022-10-13 12:01:28,953 - clientLogger - INFO - forward sent
2022-10-13 12:01:28,984 - clientLogger - INFO - forward sent
2022-10-13 12:01:29,016 - clientLogger - INFO - forward sent
2022-10-13 12:01:29,048 - clientLogger - INFO - forward sent
2022-10-13 12:01:29,080 - clientLogger - INFO - forward sent
2022-10-13 12:01:29,126 - clientLogger - INFO - forward sent
2022-10-13 12:01:29,160 - clientLogger - INFO - forward sent
2022-10-13 12:01:29,189 - clientLogger - INFO - forward sent
2022-10-13 12:01:29,221 - clientLogger - INFO - forward sent
2022-10-13 12:01:29,252 - clientLogger - INFO - forward sent
2022-10-13 12:01:29,283 - clientLogger - INFO - forward sent
2022-10-13 12:01:29,314 - clientLogger - INFO - forward sent
2022-10-13 12:01:29,345 - clientLogger - INFO - forward sent
2022-10-13 12:01:29,376 - clientLogger - INFO - forward sent
2022-10-13 12:01:29,423 - clientLogger - INFO - forward sent
2022-10-13 12:01:29,454 - clientLogger - INFO - forward sent
2022-10-13 12:01:29,485 - clientLogger - INFO - forward sent
2022-10-13 12:01:29,516 - clientLogger - INFO - forward sent
2022-10-13 12:01:29,548 - clientLogger - INFO - forward sent
2022-10-13 12:01:29,580 - clientLogger - INFO - forward sent
2022-10-13 12:01:29,611 - clientLogger - INFO - forward sent
2022-10-13 12:01:29,642 - clientLogger - INFO - forward sent
2022-10-13 12:01:29,674 - clientLogger - INFO - forward sent
2022-10-13 12:01:29,705 - clientLogger - INFO - forward sent
2022-10-13 12:01:29,752 - clientLogger - INFO - forward sent
2022-10-13 12:01:29,782 - clientLogger - INFO - forward sent
2022-10-13 12:01:29,813 - clientLogger - INFO - forward sent
2022-10-13 12:01:29,845 - clientLogger - INFO - forward sent
2022-10-13 12:01:29,876 - clientLogger - INFO - forward sent
2022-10-13 12:01:29,907 - clientLogger - INFO - forward sent
2022-10-13 12:01:29,939 - clientLogger - INFO - forward sent
2022-10-13 12:01:29,970 - clientLogger - INFO - forward sent
2022-10-13 12:01:30,016 - clientLogger - INFO - forward sent
2022-10-13 12:01:30,048 - clientLogger - INFO - forward sent
2022-10-13 12:01:30,079 - clientLogger - INFO - forward sent
2022-10-13 12:01:30,110 - clientLogger - INFO - forward sent
2022-10-13 12:01:30,141 - clientLogger - INFO - forward sent
2022-10-13 12:01:30,172 - clientLogger - INFO - forward sent
2022-10-13 12:01:30,202 - clientLogger - INFO - forward sent
2022-10-13 12:01:30,233 - clientLogger - INFO - forward sent
2022-10-13 12:01:30,280 - clientLogger - INFO - forward sent
2022-10-13 12:01:30,310 - clientLogger - INFO - forward sent
2022-10-13 12:01:30,341 - clientLogger - INFO - forward sent
2022-10-13 12:01:30,373 - clientLogger - INFO - forward sent
2022-10-13 12:01:30,403 - clientLogger - INFO - forward sent
2022-10-13 12:01:30,434 - clientLogger - INFO - forward sent
2022-10-13 12:01:30,465 - clientLogger - INFO - forward sent
2022-10-13 12:01:30,512 - clientLogger - INFO - forward sent
2022-10-13 12:01:30,543 - clientLogger - INFO - forward sent
2022-10-13 12:01:30,575 - clientLogger - INFO - forward sent
2022-10-13 12:01:30,605 - clientLogger - INFO - forward sent
2022-10-13 12:01:30,637 - clientLogger - INFO - forward sent
2022-10-13 12:01:30,668 - clientLogger - INFO - forward sent
2022-10-13 12:01:30,699 - clientLogger - INFO - forward sent
2022-10-13 12:01:30,730 - clientLogger - INFO - forward sent
2022-10-13 12:01:30,776 - clientLogger - INFO - forward sent
2022-10-13 12:01:30,807 - clientLogger - INFO - forward sent
2022-10-13 12:01:30,839 - clientLogger - INFO - forward sent
2022-10-13 12:01:30,870 - clientLogger - INFO - forward sent
2022-10-13 12:01:30,901 - clientLogger - INFO - forward sent
2022-10-13 12:01:30,932 - clientLogger - INFO - forward sent
2022-10-13 12:01:30,963 - clientLogger - INFO - forward sent
2022-10-13 12:01:30,994 - clientLogger - INFO - forward sent
2022-10-13 12:01:31,026 - clientLogger - INFO - forward sent
2022-10-13 12:01:31,073 - clientLogger - INFO - forward sent
2022-10-13 12:01:31,104 - clientLogger - INFO - forward sent
2022-10-13 12:01:31,135 - clientLogger - INFO - forward sent
2022-10-13 12:01:31,167 - clientLogger - INFO - forward sent
2022-10-13 12:01:31,196 - clientLogger - INFO - forward sent
2022-10-13 12:01:31,228 - clientLogger - INFO - forward sent
2022-10-13 12:01:31,260 - clientLogger - INFO - forward sent
2022-10-13 12:01:31,291 - clientLogger - INFO - forward sent
2022-10-13 12:01:31,337 - clientLogger - INFO - forward sent
2022-10-13 12:01:31,368 - clientLogger - INFO - forward sent
2022-10-13 12:01:31,400 - clientLogger - INFO - forward sent
2022-10-13 12:01:31,431 - clientLogger - INFO - forward sent
2022-10-13 12:01:31,462 - clientLogger - INFO - forward sent
2022-10-13 12:01:31,493 - clientLogger - INFO - forward sent
2022-10-13 12:01:31,524 - clientLogger - INFO - forward sent
2022-10-13 12:01:31,556 - clientLogger - INFO - forward sent
2022-10-13 12:01:31,602 - clientLogger - INFO - forward sent
2022-10-13 12:01:31,634 - clientLogger - INFO - forward sent
2022-10-13 12:01:31,665 - clientLogger - INFO - forward sent
2022-10-13 12:01:31,696 - clientLogger - INFO - forward sent
2022-10-13 12:01:31,727 - clientLogger - INFO - forward sent
2022-10-13 12:01:31,758 - clientLogger - INFO - forward sent
2022-10-13 12:01:31,790 - clientLogger - INFO - forward sent
2022-10-13 12:01:31,821 - clientLogger - INFO - forward sent
2022-10-13 12:01:31,852 - clientLogger - INFO - forward sent
2022-10-13 12:01:31,883 - clientLogger - INFO - forward sent
2022-10-13 12:01:31,930 - clientLogger - INFO - forward sent
2022-10-13 12:01:32,118 - clientLogger - INFO - back sent
2022-10-13 12:01:32,615 - clientLogger - INFO - forward sent
2022-10-13 12:01:33,124 - clientLogger - INFO - forward sent
2022-10-13 12:01:33,156 - clientLogger - INFO - forward sent
2022-10-13 12:01:33,186 - clientLogger - INFO - forward sent
2022-10-13 12:01:33,218 - clientLogger - INFO - forward sent
2022-10-13 12:01:33,250 - clientLogger - INFO - forward sent
2022-10-13 12:01:33,280 - clientLogger - INFO - forward sent
2022-10-13 12:01:33,327 - clientLogger - INFO - forward sent
2022-10-13 12:01:33,358 - clientLogger - INFO - forward sent
2022-10-13 12:01:33,390 - clientLogger - INFO - forward sent
2022-10-13 12:01:33,421 - clientLogger - INFO - forward sent
2022-10-13 12:01:33,453 - clientLogger - INFO - forward sent
2022-10-13 12:01:33,484 - clientLogger - INFO - forward sent
2022-10-13 12:01:33,515 - clientLogger - INFO - forward sent
2022-10-13 12:01:33,546 - clientLogger - INFO - forward sent
2022-10-13 12:01:33,592 - clientLogger - INFO - forward sent
2022-10-13 12:01:33,623 - clientLogger - INFO - forward sent
2022-10-13 12:01:33,654 - clientLogger - INFO - forward sent
2022-10-13 12:01:33,685 - clientLogger - INFO - forward sent
2022-10-13 12:01:33,716 - clientLogger - INFO - forward sent
2022-10-13 12:01:33,747 - clientLogger - INFO - forward sent
2022-10-13 12:01:33,777 - clientLogger - INFO - forward sent
2022-10-13 12:01:33,808 - clientLogger - INFO - forward sent
2022-10-13 12:01:33,856 - clientLogger - INFO - forward sent
2022-10-13 12:01:33,886 - clientLogger - INFO - forward sent
2022-10-13 12:01:33,916 - clientLogger - INFO - forward sent
2022-10-13 12:01:33,948 - clientLogger - INFO - forward sent
2022-10-13 12:01:33,978 - clientLogger - INFO - forward sent
2022-10-13 12:01:34,009 - clientLogger - INFO - forward sent
2022-10-13 12:01:34,041 - clientLogger - INFO - forward sent
2022-10-13 12:01:34,087 - clientLogger - INFO - forward sent
2022-10-13 12:01:34,118 - clientLogger - INFO - forward sent
2022-10-13 12:01:34,149 - clientLogger - INFO - forward sent
2022-10-13 12:01:34,180 - clientLogger - INFO - forward sent
2022-10-13 12:01:34,212 - clientLogger - INFO - forward sent
2022-10-13 12:01:34,243 - clientLogger - INFO - forward sent
2022-10-13 12:01:34,274 - clientLogger - INFO - forward sent
2022-10-13 12:01:34,305 - clientLogger - INFO - forward sent
2022-10-13 12:01:34,337 - clientLogger - INFO - forward sent
2022-10-13 12:01:34,384 - clientLogger - INFO - forward sent
2022-10-13 12:01:34,416 - clientLogger - INFO - forward sent
2022-10-13 12:01:34,447 - clientLogger - INFO - forward sent
2022-10-13 12:01:34,478 - clientLogger - INFO - forward sent
2022-10-13 12:01:34,508 - clientLogger - INFO - forward sent
2022-10-13 12:01:34,540 - clientLogger - INFO - forward sent
2022-10-13 12:01:34,571 - clientLogger - INFO - forward sent
2022-10-13 12:01:34,602 - clientLogger - INFO - forward sent
2022-10-13 12:01:34,633 - clientLogger - INFO - forward sent
2022-10-13 12:01:34,682 - clientLogger - INFO - forward sent
2022-10-13 12:01:34,712 - clientLogger - INFO - forward sent
2022-10-13 12:01:34,743 - clientLogger - INFO - forward sent
2022-10-13 12:01:34,774 - clientLogger - INFO - forward sent
2022-10-13 12:01:34,805 - clientLogger - INFO - forward sent
2022-10-13 12:01:34,835 - clientLogger - INFO - forward sent
2022-10-13 12:01:34,866 - clientLogger - INFO - forward sent
2022-10-13 12:01:35,108 - clientLogger - INFO - back sent
2022-10-13 12:01:35,522 - clientLogger - INFO - hover sent
2022-10-13 12:01:36,021 - clientLogger - INFO - hover sent
2022-10-13 12:01:39,418 - clientLogger - INFO - hover sent
2022-10-13 12:02:08,971 - clientLogger - INFO - back sent
2022-10-13 12:02:09,327 - clientLogger - INFO - right sent
2022-10-13 12:02:09,988 - clientLogger - INFO - hover sent
2022-10-13 12:02:10,645 - clientLogger - INFO - right sent
2022-10-13 12:02:10,947 - clientLogger - INFO - hover sent
2022-10-13 12:02:11,200 - clientLogger - INFO - forward sent
2022-10-13 12:02:13,911 - clientLogger - INFO - right sent
2022-10-13 12:02:14,547 - clientLogger - INFO - hover sent
2022-10-13 12:02:14,967 - clientLogger - INFO - forward sent
2022-10-13 12:02:15,649 - clientLogger - INFO - hover sent
2022-10-13 12:02:15,985 - clientLogger - INFO - back sent
2022-10-13 12:02:19,389 - clientLogger - INFO - hover sent
2022-10-13 12:02:21,846 - clientLogger - INFO - hover sent
2022-10-13 12:02:23,272 - clientLogger - INFO - hover sent
2022-10-13 12:02:24,754 - clientLogger - INFO - hover sent
2022-10-13 12:02:25,492 - clientLogger - INFO - right sent
2022-10-13 12:02:25,667 - clientLogger - INFO - hover sent
2022-10-13 12:02:25,866 - clientLogger - INFO - back sent
2022-10-13 12:02:26,385 - clientLogger - INFO - turnRight sent
2022-10-13 12:02:39,926 - clientLogger - INFO - hover sent
2022-10-13 12:02:40,363 - clientLogger - INFO - hover sent
2022-10-13 12:02:41,078 - clientLogger - INFO - turnRight sent
2022-10-13 12:02:41,397 - clientLogger - INFO - left sent
2022-10-13 12:02:43,641 - clientLogger - INFO - hover sent
2022-10-13 12:02:44,151 - clientLogger - INFO - left sent
2022-10-13 12:02:44,538 - clientLogger - INFO - hover sent
2022-10-13 12:02:44,975 - clientLogger - INFO - turnRight sent
2022-10-13 12:02:45,152 - clientLogger - INFO - left sent
2022-10-13 12:02:46,054 - clientLogger - INFO - turnRight sent
2022-10-13 12:02:46,177 - clientLogger - INFO - hover sent
2022-10-13 12:02:47,668 - clientLogger - INFO - hover sent
2022-10-13 12:02:50,231 - clientLogger - INFO - right sent
2022-10-13 12:02:51,283 - clientLogger - INFO - hover sent
2022-10-13 12:02:53,106 - clientLogger - INFO - hover sent
2022-10-13 12:02:53,799 - clientLogger - INFO - right sent
2022-10-13 12:02:54,161 - clientLogger - INFO - back sent
2022-10-13 12:02:54,291 - clientLogger - INFO - hover sent
2022-10-13 12:02:54,973 - clientLogger - INFO - hover sent
