2022-09-30 00:19:51,375 - mainLogger - INFO - Logging initiated
2022-09-30 00:19:51,375 - mainLogger - INFO - Connected to instance of Airsim
2022-09-30 00:19:51,376 - mainLogger - INFO - Created map
2022-09-30 00:19:51,376 - mainLogger - INFO - Simulation ready to start...

2022-09-30 00:19:51,379 - mainLogger - INFO - State:
<MultirotorState> {   'collision': <CollisionInfo> {   'has_collided': False,
    'impact_point': <Vector3r> {   'x_val': 0.0,
    'y_val': 0.0,
    'z_val': 0.0},
    'normal': <Vector3r> {   'x_val': 0.0,
    'y_val': 0.0,
    'z_val': 0.0},
    'object_id': -1,
    'object_name': '',
    'penetration_depth': 0.0,
    'position': <Vector3r> {   'x_val': 0.0,
    'y_val': 0.0,
    'z_val': 0.0},
    'time_stamp': 0},
    'gps_location': <GeoPoint> {   'altitude': 122.15619659423828,
    'latitude': 47.6414680808809,
    'longitude': -122.14016504425251},
    'kinematics_estimated': <KinematicsState> {   'angular_acceleration': <Vector3r> {   'x_val': 0.0,
    'y_val': 0.0,
    'z_val': 0.0},
    'angular_velocity': <Vector3r> {   'x_val': 0.0,
    'y_val': 0.0,
    'z_val': 0.0},
    'linear_acceleration': <Vector3r> {   'x_val': 0.0,
    'y_val': 0.0,
    'z_val': 9.806650161743164},
    'linear_velocity': <Vector3r> {   'x_val': 0.0,
    'y_val': 0.0,
    'z_val': 0.014710289426147938},
    'orientation': <Quaternionr> {   'w_val': 1.0,
    'x_val': -0.0,
    'y_val': 0.0,
    'z_val': 0.0},
    'position': <Vector3r> {   'x_val': 0.0,
    'y_val': 0.0,
    'z_val': -0.14649587869644165}},
    'landed_state': 0,
    'rc_data': <RCData> {   'is_initialized': False,
    'is_valid': False,
    'left_z': 0.0,
    'pitch': 0.0,
    'right_z': 0.0,
    'roll': 0.0,
    'switches': 0,
    'throttle': 0.0,
    'timestamp': 0,
    'vendor_id': '',
    'yaw': 0.0},
    'timestamp': 1664486382125868032}
2022-09-30 00:19:51,379 - mainLogger - INFO - Collision:
<CollisionInfo> {   'has_collided': False,
    'impact_point': <Vector3r> {   'x_val': 0.0,
    'y_val': 0.0,
    'z_val': 0.0},
    'normal': <Vector3r> {   'x_val': 0.0,
    'y_val': 0.0,
    'z_val': 0.0},
    'object_id': -1,
    'object_name': '',
    'penetration_depth': 0.0,
    'position': <Vector3r> {   'x_val': 0.0,
    'y_val': 0.0,
    'z_val': 0.0},
    'time_stamp': 0}
2022-09-30 00:19:52,389 - mainLogger - INFO - State:
<MultirotorState> {   'collision': <CollisionInfo> {   'has_collided': False,
    'impact_point': <Vector3r> {   'x_val': 0.0,
    'y_val': 0.0,
    'z_val': 0.0},
    'normal': <Vector3r> {   'x_val': 0.0,
    'y_val': 0.0,
    'z_val': 0.0},
    'object_id': -1,
    'object_name': '',
    'penetration_depth': 0.0,
    'position': <Vector3r> {   'x_val': 0.0,
    'y_val': 0.0,
    'z_val': 0.0},
    'time_stamp': 0},
    'gps_location': <GeoPoint> {   'altitude': 121.8134994506836,
    'latitude': 47.641468080880905,
    'longitude': -122.14016504425251},
    'kinematics_estimated': <KinematicsState> {   'angular_acceleration': <Vector3r> {   'x_val': 0.0,
    'y_val': 0.0,
    'z_val': 0.0},
    'angular_velocity': <Vector3r> {   'x_val': 0.0,
    'y_val': 0.0,
    'z_val': 0.0},
    'linear_acceleration': <Vector3r> {   'x_val': 0.0,
    'y_val': 0.0,
    'z_val': 0.0},
    'linear_velocity': <Vector3r> {   'x_val': 0.0,
    'y_val': 0.0,
    'z_val': 0.0},
    'orientation': <Quaternionr> {   'w_val': 0.9999998807907104,
    'x_val': 0.0,
    'y_val': 0.0,
    'z_val': 0.0},
    'position': <Vector3r> {   'x_val': 0.0,
    'y_val': 0.0,
    'z_val': 0.1962023377418518}},
    'landed_state': 0,
    'rc_data': <RCData> {   'is_initialized': False,
    'is_valid': False,
    'left_z': 0.0,
    'pitch': 0.0,
    'right_z': 0.0,
    'roll': 0.0,
    'switches': 0,
    'throttle': 0.0,
    'timestamp': 0,
    'vendor_id': '',
    'yaw': 0.0},
    'timestamp': 1664486383133889536}
2022-09-30 00:19:52,390 - mainLogger - INFO - Collision:
<CollisionInfo> {   'has_collided': True,
    'impact_point': <Vector3r> {   'x_val': -0.22481729090213776,
    'y_val': 0.31564638018608093,
    'z_val': 0.3930765390396118},
    'normal': <Vector3r> {   'x_val': -2.092225592775776e-08,
    'y_val': -2.0812269241332615e-08,
    'z_val': -1.0},
    'object_id': -1,
    'object_name': 'Landscape_0',
    'penetration_depth': 0.0,
    'position': <Vector3r> {   'x_val': 0.0,
    'y_val': 0.0,
    'z_val': 0.1962023377418518},
    'time_stamp': 1664486382428874496}
2022-09-30 00:19:53,393 - mainLogger - INFO - State:
<MultirotorState> {   'collision': <CollisionInfo> {   'has_collided': False,
    'impact_point': <Vector3r> {   'x_val': 0.0,
    'y_val': 0.0,
    'z_val': 0.0},
    'normal': <Vector3r> {   'x_val': 0.0,
    'y_val': 0.0,
    'z_val': 0.0},
    'object_id': -1,
    'object_name': '',
    'penetration_depth': 0.0,
    'position': <Vector3r> {   'x_val': 0.0,
    'y_val': 0.0,
    'z_val': 0.0},
    'time_stamp': 0},
    'gps_location': <GeoPoint> {   'altitude': 121.8134994506836,
    'latitude': 47.641468080880905,
    'longitude': -122.14016504425251},
    'kinematics_estimated': <KinematicsState> {   'angular_acceleration': <Vector3r> {   'x_val': 0.0,
    'y_val': 0.0,
    'z_val': 0.0},
    'angular_velocity': <Vector3r> {   'x_val': 0.0,
    'y_val': 0.0,
    'z_val': 0.0},
    'linear_acceleration': <Vector3r> {   'x_val': 0.0,
    'y_val': 0.0,
    'z_val': 0.0},
    'linear_velocity': <Vector3r> {   'x_val': 0.0,
    'y_val': 0.0,
    'z_val': 0.0},
    'orientation': <Quaternionr> {   'w_val': 0.9999998807907104,
    'x_val': 0.0,
    'y_val': 0.0,
    'z_val': 0.0},
    'position': <Vector3r> {   'x_val': 0.0,
    'y_val': 0.0,
    'z_val': 0.1962023377418518}},
    'landed_state': 0,
    'rc_data': <RCData> {   'is_initialized': False,
    'is_valid': False,
    'left_z': 0.0,
    'pitch': 0.0,
    'right_z': 0.0,
    'roll': 0.0,
    'switches': 0,
    'throttle': 0.0,
    'timestamp': 0,
    'vendor_id': '',
    'yaw': 0.0},
    'timestamp': 1664486384138910976}
2022-09-30 00:19:53,393 - mainLogger - INFO - Collision:
<CollisionInfo> {   'has_collided': False,
    'impact_point': <Vector3r> {   'x_val': -0.22481729090213776,
    'y_val': 0.31564638018608093,
    'z_val': 0.3930765390396118},
    'normal': <Vector3r> {   'x_val': -2.092225592775776e-08,
    'y_val': -2.0812269241332615e-08,
    'z_val': -1.0},
    'object_id': -1,
    'object_name': 'Landscape_0',
    'penetration_depth': 0.0,
    'position': <Vector3r> {   'x_val': 0.0,
    'y_val': 0.0,
    'z_val': 0.1962023377418518},
    'time_stamp': 1664486382428874496}
2022-09-30 00:19:54,402 - mainLogger - INFO - State:
<MultirotorState> {   'collision': <CollisionInfo> {   'has_collided': False,
    'impact_point': <Vector3r> {   'x_val': 0.0,
    'y_val': 0.0,
    'z_val': 0.0},
    'normal': <Vector3r> {   'x_val': 0.0,
    'y_val': 0.0,
    'z_val': 0.0},
    'object_id': -1,
    'object_name': '',
    'penetration_depth': 0.0,
    'position': <Vector3r> {   'x_val': 0.0,
    'y_val': 0.0,
    'z_val': 0.0},
    'time_stamp': 0},
    'gps_location': <GeoPoint> {   'altitude': 121.8134994506836,
    'latitude': 47.641468080880905,
    'longitude': -122.14016504425251},
    'kinematics_estimated': <KinematicsState> {   'angular_acceleration': <Vector3r> {   'x_val': 0.0,
    'y_val': 0.0,
    'z_val': 0.0},
    'angular_velocity': <Vector3r> {   'x_val': 0.0,
    'y_val': 0.0,
    'z_val': 0.0},
    'linear_acceleration': <Vector3r> {   'x_val': 0.0,
    'y_val': 0.0,
    'z_val': 0.0},
    'linear_velocity': <Vector3r> {   'x_val': 0.0,
    'y_val': 0.0,
    'z_val': 0.0},
    'orientation': <Quaternionr> {   'w_val': 0.9999998807907104,
    'x_val': 0.0,
    'y_val': 0.0,
    'z_val': 0.0},
    'position': <Vector3r> {   'x_val': 0.0,
    'y_val': 0.0,
    'z_val': 0.1962023377418518}},
    'landed_state': 0,
    'rc_data': <RCData> {   'is_initialized': False,
    'is_valid': False,
    'left_z': 0.0,
    'pitch': 0.0,
    'right_z': 0.0,
    'roll': 0.0,
    'switches': 0,
    'throttle': 0.0,
    'timestamp': 0,
    'vendor_id': '',
    'yaw': 0.0},
    'timestamp': 1664486385146932480}
2022-09-30 00:19:54,402 - mainLogger - INFO - Collision:
<CollisionInfo> {   'has_collided': False,
    'impact_point': <Vector3r> {   'x_val': -0.22481729090213776,
    'y_val': 0.31564638018608093,
    'z_val': 0.3930765390396118},
    'normal': <Vector3r> {   'x_val': -2.092225592775776e-08,
    'y_val': -2.0812269241332615e-08,
    'z_val': -1.0},
    'object_id': -1,
    'object_name': 'Landscape_0',
    'penetration_depth': 0.0,
    'position': <Vector3r> {   'x_val': 0.0,
    'y_val': 0.0,
    'z_val': 0.1962023377418518},
    'time_stamp': 1664486382428874496}
2022-09-30 00:19:55,405 - mainLogger - INFO - State:
<MultirotorState> {   'collision': <CollisionInfo> {   'has_collided': False,
    'impact_point': <Vector3r> {   'x_val': 0.0,
    'y_val': 0.0,
    'z_val': 0.0},
    'normal': <Vector3r> {   'x_val': 0.0,
    'y_val': 0.0,
    'z_val': 0.0},
    'object_id': -1,
    'object_name': '',
    'penetration_depth': 0.0,
    'position': <Vector3r> {   'x_val': 0.0,
    'y_val': 0.0,
    'z_val': 0.0},
    'time_stamp': 0},
    'gps_location': <GeoPoint> {   'altitude': 121.8134994506836,
    'latitude': 47.641468080880905,
    'longitude': -122.14016504425251},
    'kinematics_estimated': <KinematicsState> {   'angular_acceleration': <Vector3r> {   'x_val': 0.0,
    'y_val': 0.0,
    'z_val': 0.0},
    'angular_velocity': <Vector3r> {   'x_val': 0.0,
    'y_val': 0.0,
    'z_val': 0.0},
    'linear_acceleration': <Vector3r> {   'x_val': 0.0,
    'y_val': 0.0,
    'z_val': 0.0},
    'linear_velocity': <Vector3r> {   'x_val': 0.0,
    'y_val': 0.0,
    'z_val': 0.0},
    'orientation': <Quaternionr> {   'w_val': 0.9999998807907104,
    'x_val': 0.0,
    'y_val': 0.0,
    'z_val': 0.0},
    'position': <Vector3r> {   'x_val': 0.0,
    'y_val': 0.0,
    'z_val': 0.1962023377418518}},
    'landed_state': 0,
    'rc_data': <RCData> {   'is_initialized': False,
    'is_valid': False,
    'left_z': 0.0,
    'pitch': 0.0,
    'right_z': 0.0,
    'roll': 0.0,
    'switches': 0,
    'throttle': 0.0,
    'timestamp': 0,
    'vendor_id': '',
    'yaw': 0.0},
    'timestamp': 1664486386148953856}
2022-09-30 00:19:55,405 - mainLogger - INFO - Collision:
<CollisionInfo> {   'has_collided': False,
    'impact_point': <Vector3r> {   'x_val': -0.22481729090213776,
    'y_val': 0.31564638018608093,
    'z_val': 0.3930765390396118},
    'normal': <Vector3r> {   'x_val': -2.092225592775776e-08,
    'y_val': -2.0812269241332615e-08,
    'z_val': -1.0},
    'object_id': -1,
    'object_name': 'Landscape_0',
    'penetration_depth': 0.0,
    'position': <Vector3r> {   'x_val': 0.0,
    'y_val': 0.0,
    'z_val': 0.1962023377418518},
    'time_stamp': 1664486382428874496}
