2022-10-05 15:57:20,929 - mainLogger - INFO - Logging initiated
2022-10-05 15:57:20,929 - mainLogger - INFO - Connected to instance of Airsim
2022-10-05 15:57:20,929 - mainLogger - INFO - Simulation ready to start...

2022-10-05 15:57:20,945 - mainLogger - INFO - State:
<MultirotorState> {   'collision': <CollisionInfo> {   'has_collided': False,
    'impact_point': <Vector3r> {   'x_val': 0.0,
    'y_val': 0.0,
    'z_val': 0.0},
    'normal': <Vector3r> {   'x_val': 0.0,
    'y_val': 0.0,
    'z_val': 0.0},
    'object_id': -1,
    'object_name': '',
    'penetration_depth': 0.0,
    'position': <Vector3r> {   'x_val': 0.0,
    'y_val': 0.0,
    'z_val': 0.0},
    'time_stamp': 0},
    'gps_location': <GeoPoint> {   'altitude': 123.34822082519531,
    'latitude': 47.641468080880905,
    'longitude': -122.14016504425251},
    'kinematics_estimated': <KinematicsState> {   'angular_acceleration': <Vector3r> {   'x_val': 0.0,
    'y_val': 0.0,
    'z_val': 0.0},
    'angular_velocity': <Vector3r> {   'x_val': 0.0,
    'y_val': 0.0,
    'z_val': 0.0},
    'linear_acceleration': <Vector3r> {   'x_val': 0.0,
    'y_val': 0.0,
    'z_val': 0.36559009552001953},
    'linear_velocity': <Vector3r> {   'x_val': 0.0,
    'y_val': 0.0,
    'z_val': 0.020130733028054237},
    'orientation': <Quaternionr> {   'w_val': 0.9999998807907104,
    'x_val': 0.0,
    'y_val': 0.0,
    'z_val': 0.0},
    'position': <Vector3r> {   'x_val': 0.0,
    'y_val': 0.0,
    'z_val': -1.3384608030319214}},
    'landed_state': 1,
    'rc_data': <RCData> {   'is_initialized': False,
    'is_valid': False,
    'left_z': 0.0,
    'pitch': 0.0,
    'right_z': 0.0,
    'roll': 0.0,
    'switches': 0,
    'throttle': 0.0,
    'timestamp': 0,
    'vendor_id': '',
    'yaw': 0.0},
    'timestamp': 1664974637762938880}
2022-10-05 15:57:20,945 - mainLogger - INFO - Collision:
<CollisionInfo> {   'has_collided': True,
    'impact_point': <Vector3r> {   'x_val': -0.05197513476014137,
    'y_val': 0.2584356665611267,
    'z_val': 0.39307159185409546},
    'normal': <Vector3r> {   'x_val': -1.1444301506458032e-08,
    'y_val': -5.705657457610869e-08,
    'z_val': -1.0},
    'object_id': -1,
    'object_name': 'Landscape_0',
    'penetration_depth': 0.0,
    'position': <Vector3r> {   'x_val': 0.0,
    'y_val': 0.0,
    'z_val': 0.19971856474876404},
    'time_stamp': 1664974634315865344}
2022-10-05 15:57:21,965 - mainLogger - INFO - State:
<MultirotorState> {   'collision': <CollisionInfo> {   'has_collided': False,
    'impact_point': <Vector3r> {   'x_val': 0.0,
    'y_val': 0.0,
    'z_val': 0.0},
    'normal': <Vector3r> {   'x_val': 0.0,
    'y_val': 0.0,
    'z_val': 0.0},
    'object_id': -1,
    'object_name': '',
    'penetration_depth': 0.0,
    'position': <Vector3r> {   'x_val': 0.0,
    'y_val': 0.0,
    'z_val': 0.0},
    'time_stamp': 0},
    'gps_location': <GeoPoint> {   'altitude': 123.31863403320312,
    'latitude': 47.641468080880905,
    'longitude': -122.14016504425251},
    'kinematics_estimated': <KinematicsState> {   'angular_acceleration': <Vector3r> {   'x_val': 0.0,
    'y_val': 0.0,
    'z_val': 0.0},
    'angular_velocity': <Vector3r> {   'x_val': 0.0,
    'y_val': 0.0,
    'z_val': 0.0},
    'linear_acceleration': <Vector3r> {   'x_val': 0.0,
    'y_val': 0.0,
    'z_val': -0.027393341064453125},
    'linear_velocity': <Vector3r> {   'x_val': 0.0,
    'y_val': 0.0,
    'z_val': -0.007589580956846476},
    'orientation': <Quaternionr> {   'w_val': 0.9999998807907104,
    'x_val': 0.0,
    'y_val': 0.0,
    'z_val': 0.0},
    'position': <Vector3r> {   'x_val': 0.0,
    'y_val': 0.0,
    'z_val': -1.3089569807052612}},
    'landed_state': 1,
    'rc_data': <RCData> {   'is_initialized': False,
    'is_valid': False,
    'left_z': 0.0,
    'pitch': 0.0,
    'right_z': 0.0,
    'roll': 0.0,
    'switches': 0,
    'throttle': 0.0,
    'timestamp': 0,
    'vendor_id': '',
    'yaw': 0.0},
    'timestamp': 1664974638785960704}
2022-10-05 15:57:21,966 - mainLogger - INFO - Collision:
<CollisionInfo> {   'has_collided': False,
    'impact_point': <Vector3r> {   'x_val': -0.05197513476014137,
    'y_val': 0.2584356665611267,
    'z_val': 0.39307159185409546},
    'normal': <Vector3r> {   'x_val': -1.1444301506458032e-08,
    'y_val': -5.705657457610869e-08,
    'z_val': -1.0},
    'object_id': -1,
    'object_name': 'Landscape_0',
    'penetration_depth': 0.0,
    'position': <Vector3r> {   'x_val': 0.0,
    'y_val': 0.0,
    'z_val': 0.19971856474876404},
    'time_stamp': 1664974634315865344}
2022-10-05 15:57:23,020 - mainLogger - INFO - State:
<MultirotorState> {   'collision': <CollisionInfo> {   'has_collided': False,
    'impact_point': <Vector3r> {   'x_val': 0.0,
    'y_val': 0.0,
    'z_val': 0.0},
    'normal': <Vector3r> {   'x_val': 0.0,
    'y_val': 0.0,
    'z_val': 0.0},
    'object_id': -1,
    'object_name': '',
    'penetration_depth': 0.0,
    'position': <Vector3r> {   'x_val': 0.0,
    'y_val': 0.0,
    'z_val': 0.0},
    'time_stamp': 0},
    'gps_location': <GeoPoint> {   'altitude': 123.330810546875,
    'latitude': 47.64146808088091,
    'longitude': -122.14016504425251},
    'kinematics_estimated': <KinematicsState> {   'angular_acceleration': <Vector3r> {   'x_val': 0.0,
    'y_val': 0.0,
    'z_val': 0.0},
    'angular_velocity': <Vector3r> {   'x_val': 0.0,
    'y_val': 0.0,
    'z_val': 0.0},
    'linear_acceleration': <Vector3r> {   'x_val': 0.0,
    'y_val': 0.0,
    'z_val': 0.005970954895019531},
    'linear_velocity': <Vector3r> {   'x_val': 0.0,
    'y_val': 0.0,
    'z_val': -0.011245746165513992},
    'orientation': <Quaternionr> {   'w_val': 0.9999998807907104,
    'x_val': 0.0,
    'y_val': 0.0,
    'z_val': 0.0},
    'position': <Vector3r> {   'x_val': 0.0,
    'y_val': 0.0,
    'z_val': -1.3211385011672974}},
    'landed_state': 1,
    'rc_data': <RCData> {   'is_initialized': False,
    'is_valid': False,
    'left_z': 0.0,
    'pitch': 0.0,
    'right_z': 0.0,
    'roll': 0.0,
    'switches': 0,
    'throttle': 0.0,
    'timestamp': 0,
    'vendor_id': '',
    'yaw': 0.0},
    'timestamp': 1664974639802982400}
2022-10-05 15:57:23,020 - mainLogger - INFO - Collision:
<CollisionInfo> {   'has_collided': False,
    'impact_point': <Vector3r> {   'x_val': -0.05197513476014137,
    'y_val': 0.2584356665611267,
    'z_val': 0.39307159185409546},
    'normal': <Vector3r> {   'x_val': -1.1444301506458032e-08,
    'y_val': -5.705657457610869e-08,
    'z_val': -1.0},
    'object_id': -1,
    'object_name': 'Landscape_0',
    'penetration_depth': 0.0,
    'position': <Vector3r> {   'x_val': 0.0,
    'y_val': 0.0,
    'z_val': 0.19971856474876404},
    'time_stamp': 1664974634315865344}
2022-10-05 15:57:23,301 - mainLogger - INFO - Command received: Move Forward
2022-10-05 15:57:24,071 - mainLogger - INFO - State:
<MultirotorState> {   'collision': <CollisionInfo> {   'has_collided': False,
    'impact_point': <Vector3r> {   'x_val': 0.0,
    'y_val': 0.0,
    'z_val': 0.0},
    'normal': <Vector3r> {   'x_val': 0.0,
    'y_val': 0.0,
    'z_val': 0.0},
    'object_id': -1,
    'object_name': '',
    'penetration_depth': 0.0,
    'position': <Vector3r> {   'x_val': 0.0,
    'y_val': 0.0,
    'z_val': 0.0},
    'time_stamp': 0},
    'gps_location': <GeoPoint> {   'altitude': 124.0423355102539,
    'latitude': 47.64147749494715,
    'longitude': -122.14016504425251},
    'kinematics_estimated': <KinematicsState> {   'angular_acceleration': <Vector3r> {   'x_val': -5.456419205351892e-10,
    'y_val': -0.06514438986778259,
    'z_val': 1.304677113012076e-07},
    'angular_velocity': <Vector3r> {   'x_val': -5.77260184098094e-10,
    'y_val': 0.3770254850387573,
    'z_val': 1.7545831454413019e-09},
    'linear_acceleration': <Vector3r> {   'x_val': 2.597109794616699,
    'y_val': -2.7424222892591388e-09,
    'z_val': 2.0530996322631836},
    'linear_velocity': <Vector3r> {   'x_val': 2.8352084159851074,
    'y_val': -1.250137215969005e-09,
    'z_val': -0.8807764649391174},
    'orientation': <Quaternionr> {   'w_val': 0.9866917133331299,
    'x_val': -1.68918379284122e-10,
    'y_val': -0.16260232031345367,
    'z_val': -1.1320991019636573e-11},
    'position': <Vector3r> {   'x_val': 1.0552018880844116,
    'y_val': -3.5229844042028446e-10,
    'z_val': -2.0352818965911865}},
    'landed_state': 1,
    'rc_data': <RCData> {   'is_initialized': False,
    'is_valid': False,
    'left_z': 0.0,
    'pitch': 0.0,
    'right_z': 0.0,
    'roll': 0.0,
    'switches': 0,
    'throttle': 0.0,
    'timestamp': 0,
    'vendor_id': '',
    'yaw': 0.0},
    'timestamp': 1664974640868005120}
2022-10-05 15:57:24,071 - mainLogger - INFO - Collision:
<CollisionInfo> {   'has_collided': False,
    'impact_point': <Vector3r> {   'x_val': -0.05197513476014137,
    'y_val': 0.2584356665611267,
    'z_val': 0.39307159185409546},
    'normal': <Vector3r> {   'x_val': -1.1444301506458032e-08,
    'y_val': -5.705657457610869e-08,
    'z_val': -1.0},
    'object_id': -1,
    'object_name': 'Landscape_0',
    'penetration_depth': 0.0,
    'position': <Vector3r> {   'x_val': 0.0,
    'y_val': 0.0,
    'z_val': 0.19971856474876404},
    'time_stamp': 1664974634315865344}
2022-10-05 15:57:24,238 - mainLogger - INFO - Command received: Move Forward
2022-10-05 15:57:25,168 - mainLogger - INFO - State:
<MultirotorState> {   'collision': <CollisionInfo> {   'has_collided': False,
    'impact_point': <Vector3r> {   'x_val': 0.0,
    'y_val': 0.0,
    'z_val': 0.0},
    'normal': <Vector3r> {   'x_val': 0.0,
    'y_val': 0.0,
    'z_val': 0.0},
    'object_id': -1,
    'object_name': '',
    'penetration_depth': 0.0,
    'position': <Vector3r> {   'x_val': 0.0,
    'y_val': 0.0,
    'z_val': 0.0},
    'time_stamp': 0},
    'gps_location': <GeoPoint> {   'altitude': 124.36670684814453,
    'latitude': 47.64151298721794,
    'longitude': -122.14016504425256},
    'kinematics_estimated': <KinematicsState> {   'angular_acceleration': <Vector3r> {   'x_val': -1.534411209203057e-10,
    'y_val': -0.15948811173439026,
    'z_val': 1.0237144465463643e-11},
    'angular_velocity': <Vector3r> {   'x_val': -1.057157694717148e-09,
    'y_val': 0.10457450151443481,
    'z_val': 1.5773035100252741e-09},
    'linear_acceleration': <Vector3r> {   'x_val': 0.6847556233406067,
    'y_val': -1.426104034862874e-08,
    'z_val': 0.1491384506225586},
    'linear_velocity': <Vector3r> {   'x_val': 4.4161763191223145,
    'y_val': -9.440110027014725e-09,
    'z_val': -0.06051787734031677},
    'orientation': <Quaternionr> {   'w_val': 0.9991292357444763,
    'x_val': -7.667924073473387e-10,
    'y_val': -0.04172227159142494,
    'z_val': 9.764468122952508e-10},
    'position': <Vector3r> {   'x_val': 5.0061798095703125,
    'y_val': -4.839635803222109e-09,
    'z_val': -2.357184410095215}},
    'landed_state': 1,
    'rc_data': <RCData> {   'is_initialized': False,
    'is_valid': False,
    'left_z': 0.0,
    'pitch': 0.0,
    'right_z': 0.0,
    'roll': 0.0,
    'switches': 0,
    'throttle': 0.0,
    'timestamp': 0,
    'vendor_id': '',
    'yaw': 0.0},
    'timestamp': 1664974641909027328}
2022-10-05 15:57:25,168 - mainLogger - INFO - Collision:
<CollisionInfo> {   'has_collided': False,
    'impact_point': <Vector3r> {   'x_val': -0.05197513476014137,
    'y_val': 0.2584356665611267,
    'z_val': 0.39307159185409546},
    'normal': <Vector3r> {   'x_val': -1.1444301506458032e-08,
    'y_val': -5.705657457610869e-08,
    'z_val': -1.0},
    'object_id': -1,
    'object_name': 'Landscape_0',
    'penetration_depth': 0.0,
    'position': <Vector3r> {   'x_val': 0.0,
    'y_val': 0.0,
    'z_val': 0.19971856474876404},
    'time_stamp': 1664974634315865344}
2022-10-05 15:57:25,427 - mainLogger - INFO - Command received: Move Forward
2022-10-05 15:57:26,025 - mainLogger - INFO - Command received: Move Forward
2022-10-05 15:57:26,055 - mainLogger - INFO - Command received: Move Forward
2022-10-05 15:57:26,089 - mainLogger - INFO - Command received: Move Forward
2022-10-05 15:57:26,116 - mainLogger - INFO - Command received: Move Forward
2022-10-05 15:57:26,147 - mainLogger - INFO - Command received: Move Forward
2022-10-05 15:57:26,177 - mainLogger - INFO - Command received: Move Forward
2022-10-05 15:57:26,189 - mainLogger - INFO - State:
<MultirotorState> {   'collision': <CollisionInfo> {   'has_collided': False,
    'impact_point': <Vector3r> {   'x_val': 0.0,
    'y_val': 0.0,
    'z_val': 0.0},
    'normal': <Vector3r> {   'x_val': 0.0,
    'y_val': 0.0,
    'z_val': 0.0},
    'object_id': -1,
    'object_name': '',
    'penetration_depth': 0.0,
    'position': <Vector3r> {   'x_val': 0.0,
    'y_val': 0.0,
    'z_val': 0.0},
    'time_stamp': 0},
    'gps_location': <GeoPoint> {   'altitude': 124.35086059570312,
    'latitude': 47.6415556744379,
    'longitude': -122.14016504425302},
    'kinematics_estimated': <KinematicsState> {   'angular_acceleration': <Vector3r> {   'x_val': 3.5739185048899724e-12,
    'y_val': 0.14574463665485382,
    'z_val': 1.7623198039773413e-11},
    'angular_velocity': <Vector3r> {   'x_val': -4.437853196037622e-09,
    'y_val': 0.043191637843847275,
    'z_val': -8.957940639264805e-11},
    'linear_acceleration': <Vector3r> {   'x_val': 0.5662504434585571,
    'y_val': -2.087033834641261e-07,
    'z_val': -0.008858680725097656},
    'linear_velocity': <Vector3r> {   'x_val': 4.442403793334961,
    'y_val': -1.0217882362439923e-07,
    'z_val': 0.023291990160942078},
    'orientation': <Quaternionr> {   'w_val': 0.9993785619735718,
    'x_val': -1.0649999104828112e-08,
    'y_val': -0.0352504700422287,
    'z_val': 1.208153244114385e-09},
    'position': <Vector3r> {   'x_val': 9.752459526062012,
    'y_val': -3.9016722297446904e-08,
    'z_val': -2.341078996658325}},
    'landed_state': 1,
    'rc_data': <RCData> {   'is_initialized': False,
    'is_valid': False,
    'left_z': 0.0,
    'pitch': 0.0,
    'right_z': 0.0,
    'roll': 0.0,
    'switches': 0,
    'throttle': 0.0,
    'timestamp': 0,
    'vendor_id': '',
    'yaw': 0.0},
    'timestamp': 1664974642998050560}
2022-10-05 15:57:26,189 - mainLogger - INFO - Collision:
<CollisionInfo> {   'has_collided': False,
    'impact_point': <Vector3r> {   'x_val': -0.05197513476014137,
    'y_val': 0.2584356665611267,
    'z_val': 0.39307159185409546},
    'normal': <Vector3r> {   'x_val': -1.1444301506458032e-08,
    'y_val': -5.705657457610869e-08,
    'z_val': -1.0},
    'object_id': -1,
    'object_name': 'Landscape_0',
    'penetration_depth': 0.0,
    'position': <Vector3r> {   'x_val': 0.0,
    'y_val': 0.0,
    'z_val': 0.19971856474876404},
    'time_stamp': 1664974634315865344}
2022-10-05 15:57:26,206 - mainLogger - INFO - Command received: Move Forward
2022-10-05 15:57:26,237 - mainLogger - INFO - Command received: Move Forward
2022-10-05 15:57:26,266 - mainLogger - INFO - Command received: Move Forward
2022-10-05 15:57:26,318 - mainLogger - INFO - Command received: Move Forward
2022-10-05 15:57:26,359 - mainLogger - INFO - Command received: Move Forward
2022-10-05 15:57:26,359 - mainLogger - INFO - Command received: Move Forward
2022-10-05 15:57:26,415 - mainLogger - INFO - Command received: Move Forward
2022-10-05 15:57:26,457 - mainLogger - INFO - Command received: Move Forward
2022-10-05 15:57:26,457 - mainLogger - INFO - Command received: Move Forward
2022-10-05 15:57:26,477 - mainLogger - INFO - Command received: Move Forward
2022-10-05 15:57:26,506 - mainLogger - INFO - Command received: Move Forward
2022-10-05 15:57:26,538 - mainLogger - INFO - Command received: Move Forward
2022-10-05 15:57:26,590 - mainLogger - INFO - Command received: Move Forward
2022-10-05 15:57:26,600 - mainLogger - INFO - Command received: Move Forward
2022-10-05 15:57:26,627 - mainLogger - INFO - Command received: Move Forward
2022-10-05 15:57:26,658 - mainLogger - INFO - Command received: Move Forward
2022-10-05 15:57:26,686 - mainLogger - INFO - Command received: Move Forward
2022-10-05 15:57:26,745 - mainLogger - INFO - Command received: Move Forward
2022-10-05 15:57:26,789 - mainLogger - INFO - Command received: Move Forward
2022-10-05 15:57:26,790 - mainLogger - INFO - Command received: Move Forward
2022-10-05 15:57:26,836 - mainLogger - INFO - Command received: Move Forward
2022-10-05 15:57:26,861 - mainLogger - INFO - Command received: Move Forward
2022-10-05 15:57:26,887 - mainLogger - INFO - Command received: Move Forward
2022-10-05 15:57:26,917 - mainLogger - INFO - Command received: Move Forward
2022-10-05 15:57:26,960 - mainLogger - INFO - Command received: Move Forward
2022-10-05 15:57:26,971 - mainLogger - INFO - Command received: Move Forward
2022-10-05 15:57:26,987 - mainLogger - INFO - Command received: Move Forward
2022-10-05 15:57:27,017 - mainLogger - INFO - Command received: Move Forward
2022-10-05 15:57:27,047 - mainLogger - INFO - Command received: Move Forward
2022-10-05 15:57:27,081 - mainLogger - INFO - Command received: Move Forward
2022-10-05 15:57:27,121 - mainLogger - INFO - Command received: Move Forward
2022-10-05 15:57:27,138 - mainLogger - INFO - Command received: Move Forward
2022-10-05 15:57:27,168 - mainLogger - INFO - Command received: Move Forward
2022-10-05 15:57:27,197 - mainLogger - INFO - Command received: Move Forward
2022-10-05 15:57:27,230 - mainLogger - INFO - Command received: Move Forward
2022-10-05 15:57:27,449 - mainLogger - INFO - State:
<MultirotorState> {   'collision': <CollisionInfo> {   'has_collided': False,
    'impact_point': <Vector3r> {   'x_val': 0.0,
    'y_val': 0.0,
    'z_val': 0.0},
    'normal': <Vector3r> {   'x_val': 0.0,
    'y_val': 0.0,
    'z_val': 0.0},
    'object_id': -1,
    'object_name': '',
    'penetration_depth': 0.0,
    'position': <Vector3r> {   'x_val': 0.0,
    'y_val': 0.0,
    'z_val': 0.0},
    'time_stamp': 0},
    'gps_location': <GeoPoint> {   'altitude': 124.3265380859375,
    'latitude': 47.64160523176932,
    'longitude': -122.14016504425483},
    'kinematics_estimated': <KinematicsState> {   'angular_acceleration': <Vector3r> {   'x_val': 1.5761785973622544e-11,
    'y_val': -0.024721955880522728,
    'z_val': 8.751127600348241e-11},
    'angular_velocity': <Vector3r> {   'x_val': -5.7549137011392304e-08,
    'y_val': 0.01641836203634739,
    'z_val': -1.0318772503126183e-09},
    'linear_acceleration': <Vector3r> {   'x_val': 0.11030369997024536,
    'y_val': 6.705199240286674e-08,
    'z_val': -0.01186370849609375},
    'linear_velocity': <Vector3r> {   'x_val': 4.790966033935547,
    'y_val': -3.606598752980972e-08,
    'z_val': 0.01462048664689064},
    'orientation': <Quaternionr> {   'w_val': 0.9999128580093384,
    'x_val': 3.3290368239846657e-09,
    'y_val': -0.013203372247517109,
    'z_val': 4.915330920063354e-10},
    'position': <Vector3r> {   'x_val': 15.263565063476562,
    'y_val': -1.7524220652376243e-07,
    'z_val': -2.3167710304260254}},
    'landed_state': 1,
    'rc_data': <RCData> {   'is_initialized': False,
    'is_valid': False,
    'left_z': 0.0,
    'pitch': 0.0,
    'right_z': 0.0,
    'roll': 0.0,
    'switches': 0,
    'throttle': 0.0,
    'timestamp': 0,
    'vendor_id': '',
    'yaw': 0.0},
    'timestamp': 1664974644180075776}
2022-10-05 15:57:27,449 - mainLogger - INFO - Collision:
<CollisionInfo> {   'has_collided': False,
    'impact_point': <Vector3r> {   'x_val': -0.05197513476014137,
    'y_val': 0.2584356665611267,
    'z_val': 0.39307159185409546},
    'normal': <Vector3r> {   'x_val': -1.1444301506458032e-08,
    'y_val': -5.705657457610869e-08,
    'z_val': -1.0},
    'object_id': -1,
    'object_name': 'Landscape_0',
    'penetration_depth': 0.0,
    'position': <Vector3r> {   'x_val': 0.0,
    'y_val': 0.0,
    'z_val': 0.19971856474876404},
    'time_stamp': 1664974634315865344}
2022-10-05 15:57:28,012 - mainLogger - INFO - Command received: Turn right by 5 degrees
2022-10-05 15:57:28,531 - mainLogger - INFO - State:
<MultirotorState> {   'collision': <CollisionInfo> {   'has_collided': False,
    'impact_point': <Vector3r> {   'x_val': 0.0,
    'y_val': 0.0,
    'z_val': 0.0},
    'normal': <Vector3r> {   'x_val': 0.0,
    'y_val': 0.0,
    'z_val': 0.0},
    'object_id': -1,
    'object_name': '',
    'penetration_depth': 0.0,
    'position': <Vector3r> {   'x_val': 0.0,
    'y_val': 0.0,
    'z_val': 0.0},
    'time_stamp': 0},
    'gps_location': <GeoPoint> {   'altitude': 124.31611633300781,
    'latitude': 47.64165343354843,
    'longitude': -122.14016504425615},
    'kinematics_estimated': <KinematicsState> {   'angular_acceleration': <Vector3r> {   'x_val': 3.758197572589772e-11,
    'y_val': -0.004722004756331444,
    'z_val': -2.60901401816227e-07},
    'angular_velocity': <Vector3r> {   'x_val': 2.228304296636452e-08,
    'y_val': 0.002985582919791341,
    'z_val': -1.392170378977653e-08},
    'linear_acceleration': <Vector3r> {   'x_val': 0.019891396164894104,
    'y_val': -8.765117343045858e-08,
    'z_val': -0.004790306091308594},
    'linear_velocity': <Vector3r> {   'x_val': 4.849624156951904,
    'y_val': -1.6755060983086878e-07,
    'z_val': 0.005520842969417572},
    'orientation': <Quaternionr> {   'w_val': 0.9999611377716064,
    'x_val': -4.445035006739317e-09,
    'y_val': -0.008816803805530071,
    'z_val': -1.7520914719071357e-09},
    'position': <Vector3r> {   'x_val': 20.62308120727539,
    'y_val': -2.7423405413173896e-07,
    'z_val': -2.3063666820526123}},
    'landed_state': 1,
    'rc_data': <RCData> {   'is_initialized': False,
    'is_valid': False,
    'left_z': 0.0,
    'pitch': 0.0,
    'right_z': 0.0,
    'roll': 0.0,
    'switches': 0,
    'throttle': 0.0,
    'timestamp': 0,
    'vendor_id': '',
    'yaw': 0.0},
    'timestamp': 1664974645290099456}
2022-10-05 15:57:28,532 - mainLogger - INFO - Collision:
<CollisionInfo> {   'has_collided': False,
    'impact_point': <Vector3r> {   'x_val': -0.05197513476014137,
    'y_val': 0.2584356665611267,
    'z_val': 0.39307159185409546},
    'normal': <Vector3r> {   'x_val': -1.1444301506458032e-08,
    'y_val': -5.705657457610869e-08,
    'z_val': -1.0},
    'object_id': -1,
    'object_name': 'Landscape_0',
    'penetration_depth': 0.0,
    'position': <Vector3r> {   'x_val': 0.0,
    'y_val': 0.0,
    'z_val': 0.19971856474876404},
    'time_stamp': 1664974634315865344}
2022-10-05 15:57:29,238 - mainLogger - INFO - Command received: Turn right by 5 degrees
2022-10-05 15:57:29,500 - mainLogger - INFO - Command received: Turn right by 5 degrees
2022-10-05 15:57:29,603 - mainLogger - INFO - State:
<MultirotorState> {   'collision': <CollisionInfo> {   'has_collided': False,
    'impact_point': <Vector3r> {   'x_val': 0.0,
    'y_val': 0.0,
    'z_val': 0.0},
    'normal': <Vector3r> {   'x_val': 0.0,
    'y_val': 0.0,
    'z_val': 0.0},
    'object_id': -1,
    'object_name': '',
    'penetration_depth': 0.0,
    'position': <Vector3r> {   'x_val': 0.0,
    'y_val': 0.0,
    'z_val': 0.0},
    'time_stamp': 0},
    'gps_location': <GeoPoint> {   'altitude': 124.72960662841797,
    'latitude': 47.641696161100384,
    'longitude': -122.14016506179836},
    'kinematics_estimated': <KinematicsState> {   'angular_acceleration': <Vector3r> {   'x_val': -0.22948062419891357,
    'y_val': -0.920083224773407,
    'z_val': 0.9156911373138428},
    'angular_velocity': <Vector3r> {   'x_val': -0.04727597534656525,
    'y_val': -0.3011706471443176,
    'z_val': 0.43510183691978455},
    'linear_acceleration': <Vector3r> {   'x_val': -3.251190662384033,
    'y_val': -0.02010667696595192,
    'z_val': 2.001826286315918},
    'linear_velocity': <Vector3r> {   'x_val': 2.6254565715789795,
    'y_val': -0.00729000847786665,
    'z_val': -1.3761823177337646},
    'orientation': <Quaternionr> {   'w_val': 0.9785533547401428,
    'x_val': 0.01361980102956295,
    'y_val': 0.1919384002685547,
    'z_val': 0.07353522628545761},
    'position': <Vector3r> {   'x_val': 25.367109298706055,
    'y_val': -0.0013402114855125546,
    'z_val': -2.7239933013916016}},
    'landed_state': 1,
    'rc_data': <RCData> {   'is_initialized': False,
    'is_valid': False,
    'left_z': 0.0,
    'pitch': 0.0,
    'right_z': 0.0,
    'roll': 0.0,
    'switches': 0,
    'throttle': 0.0,
    'timestamp': 0,
    'vendor_id': '',
    'yaw': 0.0},
    'timestamp': 1664974646370122496}
2022-10-05 15:57:29,604 - mainLogger - INFO - Collision:
<CollisionInfo> {   'has_collided': False,
    'impact_point': <Vector3r> {   'x_val': -0.05197513476014137,
    'y_val': 0.2584356665611267,
    'z_val': 0.39307159185409546},
    'normal': <Vector3r> {   'x_val': -1.1444301506458032e-08,
    'y_val': -5.705657457610869e-08,
    'z_val': -1.0},
    'object_id': -1,
    'object_name': 'Landscape_0',
    'penetration_depth': 0.0,
    'position': <Vector3r> {   'x_val': 0.0,
    'y_val': 0.0,
    'z_val': 0.19971856474876404},
    'time_stamp': 1664974634315865344}
2022-10-05 15:57:29,809 - mainLogger - INFO - Command received: Turn right by 5 degrees
2022-10-05 15:57:30,020 - mainLogger - INFO - Command received: Turn right by 5 degrees
2022-10-05 15:57:30,218 - mainLogger - INFO - Command received: Turn right by 5 degrees
2022-10-05 15:57:30,426 - mainLogger - INFO - Command received: Turn right by 5 degrees
2022-10-05 15:57:30,608 - mainLogger - INFO - Command received: Turn right by 5 degrees
2022-10-05 15:57:30,656 - mainLogger - INFO - State:
<MultirotorState> {   'collision': <CollisionInfo> {   'has_collided': False,
    'impact_point': <Vector3r> {   'x_val': 0.0,
    'y_val': 0.0,
    'z_val': 0.0},
    'normal': <Vector3r> {   'x_val': 0.0,
    'y_val': 0.0,
    'z_val': 0.0},
    'object_id': -1,
    'object_name': '',
    'penetration_depth': 0.0,
    'position': <Vector3r> {   'x_val': 0.0,
    'y_val': 0.0,
    'z_val': 0.0},
    'time_stamp': 0},
    'gps_location': <GeoPoint> {   'altitude': 125.29401397705078,
    'latitude': 47.64171007252119,
    'longitude': -122.14016523199243},
    'kinematics_estimated': <KinematicsState> {   'angular_acceleration': <Vector3r> {   'x_val': 0.05457000061869621,
    'y_val': 0.19603317975997925,
    'z_val': 1.009871006011963},
    'angular_velocity': <Vector3r> {   'x_val': -0.07334057241678238,
    'y_val': -0.10978469252586365,
    'z_val': 0.4738757908344269},
    'linear_acceleration': <Vector3r> {   'x_val': -0.8676767945289612,
    'y_val': 0.011963718570768833,
    'z_val': 0.2347860336303711},
    'linear_velocity': <Vector3r> {   'x_val': 0.5985091924667358,
    'y_val': -0.00877783540636301,
    'z_val': -0.09635104238986969},
    'orientation': <Quaternionr> {   'w_val': 0.9568012356758118,
    'x_val': 0.013515065424144268,
    'y_val': 0.04281456395983696,
    'z_val': 0.28725531697273254},
    'position': <Vector3r> {   'x_val': 26.90776824951172,
    'y_val': -0.014133554883301258,
    'z_val': -3.2845425605773926}},
    'landed_state': 1,
    'rc_data': <RCData> {   'is_initialized': False,
    'is_valid': False,
    'left_z': 0.0,
    'pitch': 0.0,
    'right_z': 0.0,
    'roll': 0.0,
    'switches': 0,
    'throttle': 0.0,
    'timestamp': 0,
    'vendor_id': '',
    'yaw': 0.0},
    'timestamp': 1664974647465145856}
2022-10-05 15:57:30,656 - mainLogger - INFO - Collision:
<CollisionInfo> {   'has_collided': False,
    'impact_point': <Vector3r> {   'x_val': -0.05197513476014137,
    'y_val': 0.2584356665611267,
    'z_val': 0.39307159185409546},
    'normal': <Vector3r> {   'x_val': -1.1444301506458032e-08,
    'y_val': -5.705657457610869e-08,
    'z_val': -1.0},
    'object_id': -1,
    'object_name': 'Landscape_0',
    'penetration_depth': 0.0,
    'position': <Vector3r> {   'x_val': 0.0,
    'y_val': 0.0,
    'z_val': 0.19971856474876404},
    'time_stamp': 1664974634315865344}
2022-10-05 15:57:30,807 - mainLogger - INFO - Command received: Turn right by 5 degrees
2022-10-05 15:57:31,029 - mainLogger - INFO - Command received: Turn right by 5 degrees
2022-10-05 15:57:31,233 - mainLogger - INFO - Command received: Turn right by 5 degrees
2022-10-05 15:57:31,430 - mainLogger - INFO - Command received: Turn right by 5 degrees
2022-10-05 15:57:31,624 - mainLogger - INFO - Command received: Turn right by 5 degrees
2022-10-05 15:57:31,683 - mainLogger - INFO - State:
<MultirotorState> {   'collision': <CollisionInfo> {   'has_collided': False,
    'impact_point': <Vector3r> {   'x_val': 0.0,
    'y_val': 0.0,
    'z_val': 0.0},
    'normal': <Vector3r> {   'x_val': 0.0,
    'y_val': 0.0,
    'z_val': 0.0},
    'object_id': -1,
    'object_name': '',
    'penetration_depth': 0.0,
    'position': <Vector3r> {   'x_val': 0.0,
    'y_val': 0.0,
    'z_val': 0.0},
    'time_stamp': 0},
    'gps_location': <GeoPoint> {   'altitude': 125.33232879638672,
    'latitude': 47.64171294731264,
    'longitude': -122.14016529023068},
    'kinematics_estimated': <KinematicsState> {   'angular_acceleration': <Vector3r> {   'x_val': 0.03178785368800163,
    'y_val': 0.03107587993144989,
    'z_val': 1.0347691774368286},
    'angular_velocity': <Vector3r> {   'x_val': -0.02539234422147274,
    'y_val': -0.014624438248574734,
    'z_val': 0.4271484613418579},
    'linear_acceleration': <Vector3r> {   'x_val': -0.1966300904750824,
    'y_val': 0.002942019375041127,
    'z_val': 0.021015167236328125},
    'linear_velocity': <Vector3r> {   'x_val': 0.13447465002536774,
    'y_val': -0.0014109400799497962,
    'z_val': -0.010405149310827255},
    'orientation': <Quaternionr> {   'w_val': 0.8702564835548401,
    'x_val': 0.005051714368164539,
    'y_val': 0.008628113195300102,
    'z_val': 0.49249744415283203},
    'position': <Vector3r> {   'x_val': 27.226009368896484,
    'y_val': -0.018487555906176567,
    'z_val': -3.3225958347320557}},
    'landed_state': 1,
    'rc_data': <RCData> {   'is_initialized': False,
    'is_valid': False,
    'left_z': 0.0,
    'pitch': 0.0,
    'right_z': 0.0,
    'roll': 0.0,
    'switches': 0,
    'throttle': 0.0,
    'timestamp': 0,
    'vendor_id': '',
    'yaw': 0.0},
    'timestamp': 1664974648488167680}
2022-10-05 15:57:31,683 - mainLogger - INFO - Collision:
<CollisionInfo> {   'has_collided': False,
    'impact_point': <Vector3r> {   'x_val': -0.05197513476014137,
    'y_val': 0.2584356665611267,
    'z_val': 0.39307159185409546},
    'normal': <Vector3r> {   'x_val': -1.1444301506458032e-08,
    'y_val': -5.705657457610869e-08,
    'z_val': -1.0},
    'object_id': -1,
    'object_name': 'Landscape_0',
    'penetration_depth': 0.0,
    'position': <Vector3r> {   'x_val': 0.0,
    'y_val': 0.0,
    'z_val': 0.19971856474876404},
    'time_stamp': 1664974634315865344}
2022-10-05 15:57:31,844 - mainLogger - INFO - Command received: Turn right by 5 degrees
2022-10-05 15:57:32,044 - mainLogger - INFO - Command received: Turn right by 5 degrees
2022-10-05 15:57:32,645 - mainLogger - INFO - Command received: Turn right by 5 degrees
2022-10-05 15:57:32,674 - mainLogger - INFO - Command received: Turn right by 5 degrees
2022-10-05 15:57:32,714 - mainLogger - INFO - Command received: Turn right by 5 degrees
2022-10-05 15:57:32,753 - mainLogger - INFO - State:
<MultirotorState> {   'collision': <CollisionInfo> {   'has_collided': False,
    'impact_point': <Vector3r> {   'x_val': 0.0,
    'y_val': 0.0,
    'z_val': 0.0},
    'normal': <Vector3r> {   'x_val': 0.0,
    'y_val': 0.0,
    'z_val': 0.0},
    'object_id': -1,
    'object_name': '',
    'penetration_depth': 0.0,
    'position': <Vector3r> {   'x_val': 0.0,
    'y_val': 0.0,
    'z_val': 0.0},
    'time_stamp': 0},
    'gps_location': <GeoPoint> {   'altitude': 125.33651733398438,
    'latitude': 47.641713591195,
    'longitude': -122.1401652978318},
    'kinematics_estimated': <KinematicsState> {   'angular_acceleration': <Vector3r> {   'x_val': 0.009540189057588577,
    'y_val': 0.0012519789161160588,
    'z_val': 2.3497533798217773},
    'angular_velocity': <Vector3r> {   'x_val': -0.006423936225473881,
    'y_val': -0.001393512706272304,
    'z_val': -0.028805002570152283},
    'linear_acceleration': <Vector3r> {   'x_val': -0.04425857961177826,
    'y_val': 0.0002722945064306259,
    'z_val': 0.004094123840332031},
    'linear_velocity': <Vector3r> {   'x_val': 0.030275952070951462,
    'y_val': -0.00013443848001770675,
    'z_val': -0.000406752951676026},
    'orientation': <Quaternionr> {   'w_val': 0.7823049426078796,
    'x_val': 0.001410786178894341,
    'y_val': 0.001749741262756288,
    'z_val': 0.6228916049003601},
    'position': <Vector3r> {   'x_val': 27.297286987304688,
    'y_val': -0.019054876640439034,
    'z_val': -3.3267569541931152}},
    'landed_state': 1,
    'rc_data': <RCData> {   'is_initialized': False,
    'is_valid': False,
    'left_z': 0.0,
    'pitch': 0.0,
    'right_z': 0.0,
    'roll': 0.0,
    'switches': 0,
    'throttle': 0.0,
    'timestamp': 0,
    'vendor_id': '',
    'yaw': 0.0},
    'timestamp': 1664974649508189440}
2022-10-05 15:57:32,754 - mainLogger - INFO - Collision:
<CollisionInfo> {   'has_collided': False,
    'impact_point': <Vector3r> {   'x_val': -0.05197513476014137,
    'y_val': 0.2584356665611267,
    'z_val': 0.39307159185409546},
    'normal': <Vector3r> {   'x_val': -1.1444301506458032e-08,
    'y_val': -5.705657457610869e-08,
    'z_val': -1.0},
    'object_id': -1,
    'object_name': 'Landscape_0',
    'penetration_depth': 0.0,
    'position': <Vector3r> {   'x_val': 0.0,
    'y_val': 0.0,
    'z_val': 0.19971856474876404},
    'time_stamp': 1664974634315865344}
2022-10-05 15:57:32,784 - mainLogger - INFO - Command received: Turn right by 5 degrees
2022-10-05 15:57:32,785 - mainLogger - INFO - Command received: Turn right by 5 degrees
2022-10-05 15:57:32,806 - mainLogger - INFO - Command received: Turn right by 5 degrees
2022-10-05 15:57:32,856 - mainLogger - INFO - Command received: Turn right by 5 degrees
2022-10-05 15:57:32,857 - mainLogger - INFO - Command received: Turn right by 5 degrees
2022-10-05 15:57:32,887 - mainLogger - INFO - Command received: Turn right by 5 degrees
2022-10-05 15:57:32,917 - mainLogger - INFO - Command received: Turn right by 5 degrees
2022-10-05 15:57:32,946 - mainLogger - INFO - Command received: Turn right by 5 degrees
2022-10-05 15:57:32,975 - mainLogger - INFO - Command received: Turn right by 5 degrees
2022-10-05 15:57:33,008 - mainLogger - INFO - Command received: Turn right by 5 degrees
2022-10-05 15:57:33,035 - mainLogger - INFO - Command received: Turn right by 5 degrees
2022-10-05 15:57:33,066 - mainLogger - INFO - Command received: Turn right by 5 degrees
2022-10-05 15:57:33,096 - mainLogger - INFO - Command received: Turn right by 5 degrees
2022-10-05 15:57:33,128 - mainLogger - INFO - Command received: Turn right by 5 degrees
2022-10-05 15:57:33,186 - mainLogger - INFO - Command received: Turn right by 5 degrees
2022-10-05 15:57:33,216 - mainLogger - INFO - Command received: Turn right by 5 degrees
2022-10-05 15:57:33,275 - mainLogger - INFO - Command received: Turn right by 5 degrees
2022-10-05 15:57:33,275 - mainLogger - INFO - Command received: Turn right by 5 degrees
2022-10-05 15:57:33,275 - mainLogger - INFO - Command received: Turn right by 5 degrees
2022-10-05 15:57:33,343 - mainLogger - INFO - Command received: Turn right by 5 degrees
2022-10-05 15:57:33,358 - mainLogger - INFO - Command received: Turn right by 5 degrees
2022-10-05 15:57:33,367 - mainLogger - INFO - Command received: Turn right by 5 degrees
2022-10-05 15:57:33,400 - mainLogger - INFO - Command received: Turn right by 5 degrees
2022-10-05 15:57:33,821 - mainLogger - INFO - State:
<MultirotorState> {   'collision': <CollisionInfo> {   'has_collided': False,
    'impact_point': <Vector3r> {   'x_val': 0.0,
    'y_val': 0.0,
    'z_val': 0.0},
    'normal': <Vector3r> {   'x_val': 0.0,
    'y_val': 0.0,
    'z_val': 0.0},
    'object_id': -1,
    'object_name': '',
    'penetration_depth': 0.0,
    'position': <Vector3r> {   'x_val': 0.0,
    'y_val': 0.0,
    'z_val': 0.0},
    'time_stamp': 0},
    'gps_location': <GeoPoint> {   'altitude': 125.33397674560547,
    'latitude': 47.64171373932548,
    'longitude': -122.1401652979619},
    'kinematics_estimated': <KinematicsState> {   'angular_acceleration': <Vector3r> {   'x_val': 0.0031611749436706305,
    'y_val': -0.0021295316983014345,
    'z_val': -1.8999147415161133},
    'angular_velocity': <Vector3r> {   'x_val': 0.00012625775707419962,
    'y_val': 0.0013732189545407891,
    'z_val': 2.4131569862365723},
    'linear_acceleration': <Vector3r> {   'x_val': -0.009244520217180252,
    'y_val': 5.308195250108838e-05,
    'z_val': 0.002716064453125},
    'linear_velocity': <Vector3r> {   'x_val': 0.00632860092446208,
    'y_val': 8.436606003670022e-05,
    'z_val': 0.0005721103516407311},
    'orientation': <Quaternionr> {   'w_val': -0.03482488915324211,
    'x_val': 0.00046902013127692044,
    'y_val': -1.9006651200470515e-05,
    'z_val': 0.9993933439254761},
    'position': <Vector3r> {   'x_val': 27.313684463500977,
    'y_val': -0.01906399428844452,
    'z_val': -3.3242111206054688}},
    'landed_state': 1,
    'rc_data': <RCData> {   'is_initialized': False,
    'is_valid': False,
    'left_z': 0.0,
    'pitch': 0.0,
    'right_z': 0.0,
    'roll': 0.0,
    'switches': 0,
    'throttle': 0.0,
    'timestamp': 0,
    'vendor_id': '',
    'yaw': 0.0},
    'timestamp': 1664974650579212288}
2022-10-05 15:57:33,821 - mainLogger - INFO - Collision:
<CollisionInfo> {   'has_collided': False,
    'impact_point': <Vector3r> {   'x_val': -0.05197513476014137,
    'y_val': 0.2584356665611267,
    'z_val': 0.39307159185409546},
    'normal': <Vector3r> {   'x_val': -1.1444301506458032e-08,
    'y_val': -5.705657457610869e-08,
    'z_val': -1.0},
    'object_id': -1,
    'object_name': 'Landscape_0',
    'penetration_depth': 0.0,
    'position': <Vector3r> {   'x_val': 0.0,
    'y_val': 0.0,
    'z_val': 0.19971856474876404},
    'time_stamp': 1664974634315865344}
2022-10-05 15:57:34,842 - mainLogger - INFO - State:
<MultirotorState> {   'collision': <CollisionInfo> {   'has_collided': False,
    'impact_point': <Vector3r> {   'x_val': 0.0,
    'y_val': 0.0,
    'z_val': 0.0},
    'normal': <Vector3r> {   'x_val': 0.0,
    'y_val': 0.0,
    'z_val': 0.0},
    'object_id': -1,
    'object_name': '',
    'penetration_depth': 0.0,
    'position': <Vector3r> {   'x_val': 0.0,
    'y_val': 0.0,
    'z_val': 0.0},
    'time_stamp': 0},
    'gps_location': <GeoPoint> {   'altitude': 125.31983184814453,
    'latitude': 47.64171377034163,
    'longitude': -122.14016529699407},
    'kinematics_estimated': <KinematicsState> {   'angular_acceleration': <Vector3r> {   'x_val': 8.996419182949467e-07,
    'y_val': -0.00045432563638314605,
    'z_val': 1.2381367683410645},
    'angular_velocity': <Vector3r> {   'x_val': 9.334809146821499e-05,
    'y_val': 0.0002754110610112548,
    'z_val': 0.18868625164031982},
    'linear_acceleration': <Vector3r> {   'x_val': -0.001958768581971526,
    'y_val': -5.005340790376067e-05,
    'z_val': 0.014949798583984375},
    'linear_velocity': <Vector3r> {   'x_val': 0.0013402511831372976,
    'y_val': 3.385455420357175e-05,
    'z_val': -0.010543006472289562},
    'orientation': <Quaternionr> {   'w_val': -0.1787968873977661,
    'x_val': 9.843462612479925e-05,
    'y_val': -1.5305036868085153e-05,
    'z_val': 0.9838860630989075},
    'position': <Vector3r> {   'x_val': 27.31711769104004,
    'y_val': -0.018991420045495033,
    'z_val': -3.310100793838501}},
    'landed_state': 1,
    'rc_data': <RCData> {   'is_initialized': False,
    'is_valid': False,
    'left_z': 0.0,
    'pitch': 0.0,
    'right_z': 0.0,
    'roll': 0.0,
    'switches': 0,
    'throttle': 0.0,
    'timestamp': 0,
    'vendor_id': '',
    'yaw': 0.0},
    'timestamp': 1664974651644235008}
2022-10-05 15:57:34,842 - mainLogger - INFO - Collision:
<CollisionInfo> {   'has_collided': False,
    'impact_point': <Vector3r> {   'x_val': -0.05197513476014137,
    'y_val': 0.2584356665611267,
    'z_val': 0.39307159185409546},
    'normal': <Vector3r> {   'x_val': -1.1444301506458032e-08,
    'y_val': -5.705657457610869e-08,
    'z_val': -1.0},
    'object_id': -1,
    'object_name': 'Landscape_0',
    'penetration_depth': 0.0,
    'position': <Vector3r> {   'x_val': 0.0,
    'y_val': 0.0,
    'z_val': 0.19971856474876404},
    'time_stamp': 1664974634315865344}
2022-10-05 15:57:35,631 - mainLogger - INFO - Command received: Turn left by 5 degrees
2022-10-05 15:57:35,865 - mainLogger - INFO - State:
<MultirotorState> {   'collision': <CollisionInfo> {   'has_collided': False,
    'impact_point': <Vector3r> {   'x_val': 0.0,
    'y_val': 0.0,
    'z_val': 0.0},
    'normal': <Vector3r> {   'x_val': 0.0,
    'y_val': 0.0,
    'z_val': 0.0},
    'object_id': -1,
    'object_name': '',
    'penetration_depth': 0.0,
    'position': <Vector3r> {   'x_val': 0.0,
    'y_val': 0.0,
    'z_val': 0.0},
    'time_stamp': 0},
    'gps_location': <GeoPoint> {   'altitude': 125.29879760742188,
    'latitude': 47.641713777341536,
    'longitude': -122.1401652967546},
    'kinematics_estimated': <KinematicsState> {   'angular_acceleration': <Vector3r> {   'x_val': -0.00011709118552971631,
    'y_val': -0.00013704448065254837,
    'z_val': -0.3046492040157318},
    'angular_velocity': <Vector3r> {   'x_val': 2.441718606860377e-05,
    'y_val': 6.909384683240205e-05,
    'z_val': -0.3170873522758484},
    'linear_acceleration': <Vector3r> {   'x_val': -0.0004482609801925719,
    'y_val': -1.5025099855847657e-05,
    'z_val': -0.07864570617675781},
    'linear_velocity': <Vector3r> {   'x_val': 0.0002989460190292448,
    'y_val': 5.037308255850803e-06,
    'z_val': 0.08006785809993744},
    'orientation': <Quaternionr> {   'w_val': -0.20246392488479614,
    'x_val': 2.2248143068281934e-05,
    'y_val': -3.831227786577074e-06,
    'z_val': 0.9792897701263428},
    'position': <Vector3r> {   'x_val': 27.31789207458496,
    'y_val': -0.018973514437675476,
    'z_val': -3.2887983322143555}},
    'landed_state': 1,
    'rc_data': <RCData> {   'is_initialized': False,
    'is_valid': False,
    'left_z': 0.0,
    'pitch': 0.0,
    'right_z': 0.0,
    'roll': 0.0,
    'switches': 0,
    'throttle': 0.0,
    'timestamp': 0,
    'vendor_id': '',
    'yaw': 0.0},
    'timestamp': 1664974652670256896}
2022-10-05 15:57:35,866 - mainLogger - INFO - Collision:
<CollisionInfo> {   'has_collided': False,
    'impact_point': <Vector3r> {   'x_val': -0.05197513476014137,
    'y_val': 0.2584356665611267,
    'z_val': 0.39307159185409546},
    'normal': <Vector3r> {   'x_val': -1.1444301506458032e-08,
    'y_val': -5.705657457610869e-08,
    'z_val': -1.0},
    'object_id': -1,
    'object_name': 'Landscape_0',
    'penetration_depth': 0.0,
    'position': <Vector3r> {   'x_val': 0.0,
    'y_val': 0.0,
    'z_val': 0.19971856474876404},
    'time_stamp': 1664974634315865344}
2022-10-05 15:57:36,816 - mainLogger - INFO - Command received: Turn left by 5 degrees
2022-10-05 15:57:36,909 - mainLogger - INFO - State:
<MultirotorState> {   'collision': <CollisionInfo> {   'has_collided': False,
    'impact_point': <Vector3r> {   'x_val': 0.0,
    'y_val': 0.0,
    'z_val': 0.0},
    'normal': <Vector3r> {   'x_val': 0.0,
    'y_val': 0.0,
    'z_val': 0.0},
    'object_id': -1,
    'object_name': '',
    'penetration_depth': 0.0,
    'position': <Vector3r> {   'x_val': 0.0,
    'y_val': 0.0,
    'z_val': 0.0},
    'time_stamp': 0},
    'gps_location': <GeoPoint> {   'altitude': 125.239990234375,
    'latitude': 47.6417137773438,
    'longitude': -122.1401652967292},
    'kinematics_estimated': <KinematicsState> {   'angular_acceleration': <Vector3r> {   'x_val': 5.888678060728125e-05,
    'y_val': -0.00015271251322701573,
    'z_val': -1.9413344860076904},
    'angular_velocity': <Vector3r> {   'x_val': 8.495237125316635e-06,
    'y_val': 1.3917398064222652e-05,
    'z_val': -0.09763237833976746},
    'linear_acceleration': <Vector3r> {   'x_val': -9.431038779439405e-05,
    'y_val': -4.4035368773620576e-07,
    'z_val': 0.028962135314941406},
    'linear_velocity': <Vector3r> {   'x_val': 6.572638085344806e-05,
    'y_val': 6.475177656284359e-07,
    'z_val': 0.08742528408765793},
    'orientation': <Quaternionr> {   'w_val': -0.17562957108020782,
    'x_val': 4.728620297100861e-06,
    'y_val': -8.161620144164772e-07,
    'z_val': 0.9844563603401184},
    'position': <Vector3r> {   'x_val': 27.31789207458496,
    'y_val': -0.01897161826491356,
    'z_val': -3.2299699783325195}},
    'landed_state': 1,
    'rc_data': <RCData> {   'is_initialized': False,
    'is_valid': False,
    'left_z': 0.0,
    'pitch': 0.0,
    'right_z': 0.0,
    'roll': 0.0,
    'switches': 0,
    'throttle': 0.0,
    'timestamp': 0,
    'vendor_id': '',
    'yaw': 0.0},
    'timestamp': 1664974653711279104}
2022-10-05 15:57:36,910 - mainLogger - INFO - Collision:
<CollisionInfo> {   'has_collided': False,
    'impact_point': <Vector3r> {   'x_val': -0.05197513476014137,
    'y_val': 0.2584356665611267,
    'z_val': 0.39307159185409546},
    'normal': <Vector3r> {   'x_val': -1.1444301506458032e-08,
    'y_val': -5.705657457610869e-08,
    'z_val': -1.0},
    'object_id': -1,
    'object_name': 'Landscape_0',
    'penetration_depth': 0.0,
    'position': <Vector3r> {   'x_val': 0.0,
    'y_val': 0.0,
    'z_val': 0.19971856474876404},
    'time_stamp': 1664974634315865344}
2022-10-05 15:57:36,992 - mainLogger - INFO - Command received: Turn left by 5 degrees
2022-10-05 15:57:37,171 - mainLogger - INFO - Command received: Turn left by 5 degrees
2022-10-05 15:57:37,358 - mainLogger - INFO - Command received: Turn left by 5 degrees
2022-10-05 15:57:37,526 - mainLogger - INFO - Command received: Turn left by 5 degrees
2022-10-05 15:57:37,999 - mainLogger - INFO - State:
<MultirotorState> {   'collision': <CollisionInfo> {   'has_collided': False,
    'impact_point': <Vector3r> {   'x_val': 0.0,
    'y_val': 0.0,
    'z_val': 0.0},
    'normal': <Vector3r> {   'x_val': 0.0,
    'y_val': 0.0,
    'z_val': 0.0},
    'object_id': -1,
    'object_name': '',
    'penetration_depth': 0.0,
    'position': <Vector3r> {   'x_val': 0.0,
    'y_val': 0.0,
    'z_val': 0.0},
    'time_stamp': 0},
    'gps_location': <GeoPoint> {   'altitude': 125.18140411376953,
    'latitude': 47.64171377734606,
    'longitude': -122.14016529672423},
    'kinematics_estimated': <KinematicsState> {   'angular_acceleration': <Vector3r> {   'x_val': -4.003098638349911e-06,
    'y_val': 3.7698489450121997e-06,
    'z_val': 1.818935513496399},
    'angular_velocity': <Vector3r> {   'x_val': -4.56411953564384e-07,
    'y_val': 3.1059591947268927e-06,
    'z_val': -0.1470494121313095},
    'linear_acceleration': <Vector3r> {   'x_val': -2.1993413611198775e-05,
    'y_val': -2.0499533093243372e-07,
    'z_val': -0.03236865997314453},
    'linear_velocity': <Vector3r> {   'x_val': 1.4821021977695636e-05,
    'y_val': 1.2776395408309327e-07,
    'z_val': 0.03239277005195618},
    'orientation': <Quaternionr> {   'w_val': 0.06881635636091232,
    'x_val': 1.1096105936303502e-06,
    'y_val': 8.695122488688867e-08,
    'z_val': 0.9976293444633484},
    'position': <Vector3r> {   'x_val': 27.31789207458496,
    'y_val': -0.018971245735883713,
    'z_val': -3.171546697616577}},
    'landed_state': 1,
    'rc_data': <RCData> {   'is_initialized': False,
    'is_valid': False,
    'left_z': 0.0,
    'pitch': 0.0,
    'right_z': 0.0,
    'roll': 0.0,
    'switches': 0,
    'throttle': 0.0,
    'timestamp': 0,
    'vendor_id': '',
    'yaw': 0.0},
    'timestamp': 1664974654734300928}
2022-10-05 15:57:37,999 - mainLogger - INFO - Collision:
<CollisionInfo> {   'has_collided': False,
    'impact_point': <Vector3r> {   'x_val': -0.05197513476014137,
    'y_val': 0.2584356665611267,
    'z_val': 0.39307159185409546},
    'normal': <Vector3r> {   'x_val': -1.1444301506458032e-08,
    'y_val': -5.705657457610869e-08,
    'z_val': -1.0},
    'object_id': -1,
    'object_name': 'Landscape_0',
    'penetration_depth': 0.0,
    'position': <Vector3r> {   'x_val': 0.0,
    'y_val': 0.0,
    'z_val': 0.19971856474876404},
    'time_stamp': 1664974634315865344}
2022-10-05 15:57:39,046 - mainLogger - INFO - State:
<MultirotorState> {   'collision': <CollisionInfo> {   'has_collided': False,
    'impact_point': <Vector3r> {   'x_val': 0.0,
    'y_val': 0.0,
    'z_val': 0.0},
    'normal': <Vector3r> {   'x_val': 0.0,
    'y_val': 0.0,
    'z_val': 0.0},
    'object_id': -1,
    'object_name': '',
    'penetration_depth': 0.0,
    'position': <Vector3r> {   'x_val': 0.0,
    'y_val': 0.0,
    'z_val': 0.0},
    'time_stamp': 0},
    'gps_location': <GeoPoint> {   'altitude': 125.14152526855469,
    'latitude': 47.641713777347604,
    'longitude': -122.14016529672423},
    'kinematics_estimated': <KinematicsState> {   'angular_acceleration': <Vector3r> {   'x_val': -4.624398364239113e-10,
    'y_val': -2.9078967012097223e-10,
    'z_val': -0.02705535851418972},
    'angular_velocity': <Vector3r> {   'x_val': -4.6003400200334e-08,
    'y_val': 7.408673496911433e-08,
    'z_val': 0.006684531457722187},
    'linear_acceleration': <Vector3r> {   'x_val': -6.581664365512552e-06,
    'y_val': 9.004436662962689e-08,
    'z_val': -0.14118003845214844},
    'linear_velocity': <Vector3r> {   'x_val': 2.386066853432567e-06,
    'y_val': 8.219758740324323e-08,
    'z_val': 0.03491717576980591},
    'orientation': <Quaternionr> {   'w_val': 0.03273032605648041,
    'x_val': 3.3066660876102105e-07,
    'y_val': 6.238752625620236e-09,
    'z_val': 0.999464213848114},
    'position': <Vector3r> {   'x_val': 27.31789207458496,
    'y_val': -0.018971245735883713,
    'z_val': -3.131654977798462}},
    'landed_state': 1,
    'rc_data': <RCData> {   'is_initialized': False,
    'is_valid': False,
    'left_z': 0.0,
    'pitch': 0.0,
    'right_z': 0.0,
    'roll': 0.0,
    'switches': 0,
    'throttle': 0.0,
    'timestamp': 0,
    'vendor_id': '',
    'yaw': 0.0},
    'timestamp': 1664974655823324160}
2022-10-05 15:57:39,046 - mainLogger - INFO - Collision:
<CollisionInfo> {   'has_collided': False,
    'impact_point': <Vector3r> {   'x_val': -0.05197513476014137,
    'y_val': 0.2584356665611267,
    'z_val': 0.39307159185409546},
    'normal': <Vector3r> {   'x_val': -1.1444301506458032e-08,
    'y_val': -5.705657457610869e-08,
    'z_val': -1.0},
    'object_id': -1,
    'object_name': 'Landscape_0',
    'penetration_depth': 0.0,
    'position': <Vector3r> {   'x_val': 0.0,
    'y_val': 0.0,
    'z_val': 0.19971856474876404},
    'time_stamp': 1664974634315865344}
2022-10-05 15:57:40,164 - mainLogger - INFO - State:
<MultirotorState> {   'collision': <CollisionInfo> {   'has_collided': False,
    'impact_point': <Vector3r> {   'x_val': 0.0,
    'y_val': 0.0,
    'z_val': 0.0},
    'normal': <Vector3r> {   'x_val': 0.0,
    'y_val': 0.0,
    'z_val': 0.0},
    'object_id': -1,
    'object_name': '',
    'penetration_depth': 0.0,
    'position': <Vector3r> {   'x_val': 0.0,
    'y_val': 0.0,
    'z_val': 0.0},
    'time_stamp': 0},
    'gps_location': <GeoPoint> {   'altitude': 125.14185333251953,
    'latitude': 47.64171377734758,
    'longitude': -122.14016529672423},
    'kinematics_estimated': <KinematicsState> {   'angular_acceleration': <Vector3r> {   'x_val': -7.583170202885015e-12,
    'y_val': -3.104977646523066e-12,
    'z_val': -0.00038612494245171547},
    'angular_velocity': <Vector3r> {   'x_val': -3.4428694561938755e-08,
    'y_val': 8.515225857763653e-08,
    'z_val': 9.537018922856078e-05},
    'linear_acceleration': <Vector3r> {   'x_val': -1.8098963892043685e-06,
    'y_val': 3.40210704052879e-08,
    'z_val': -0.0014047622680664062},
    'linear_velocity': <Vector3r> {   'x_val': -2.605316922199563e-07,
    'y_val': 6.97547406502963e-08,
    'z_val': -0.013135300949215889},
    'orientation': <Quaternionr> {   'w_val': 0.03191695362329483,
    'x_val': 9.214485174879883e-08,
    'y_val': 1.1638430219562679e-09,
    'z_val': 0.9994905591011047},
    'position': <Vector3r> {   'x_val': 27.31789207458496,
    'y_val': -0.018971245735883713,
    'z_val': -3.1321301460266113}},
    'landed_state': 1,
    'rc_data': <RCData> {   'is_initialized': False,
    'is_valid': False,
    'left_z': 0.0,
    'pitch': 0.0,
    'right_z': 0.0,
    'roll': 0.0,
    'switches': 0,
    'throttle': 0.0,
    'timestamp': 0,
    'vendor_id': '',
    'yaw': 0.0},
    'timestamp': 1664974656873346560}
2022-10-05 15:57:40,165 - mainLogger - INFO - Collision:
<CollisionInfo> {   'has_collided': False,
    'impact_point': <Vector3r> {   'x_val': -0.05197513476014137,
    'y_val': 0.2584356665611267,
    'z_val': 0.39307159185409546},
    'normal': <Vector3r> {   'x_val': -1.1444301506458032e-08,
    'y_val': -5.705657457610869e-08,
    'z_val': -1.0},
    'object_id': -1,
    'object_name': 'Landscape_0',
    'penetration_depth': 0.0,
    'position': <Vector3r> {   'x_val': 0.0,
    'y_val': 0.0,
    'z_val': 0.19971856474876404},
    'time_stamp': 1664974634315865344}
2022-10-05 15:57:40,979 - mainLogger - INFO - Command received: Move Up
2022-10-05 15:57:41,105 - mainLogger - INFO - Command received: Move Up
2022-10-05 15:57:41,256 - mainLogger - INFO - Command received: Move Up
2022-10-05 15:57:41,258 - mainLogger - INFO - State:
<MultirotorState> {   'collision': <CollisionInfo> {   'has_collided': False,
    'impact_point': <Vector3r> {   'x_val': 0.0,
    'y_val': 0.0,
    'z_val': 0.0},
    'normal': <Vector3r> {   'x_val': 0.0,
    'y_val': 0.0,
    'z_val': 0.0},
    'object_id': -1,
    'object_name': '',
    'penetration_depth': 0.0,
    'position': <Vector3r> {   'x_val': 0.0,
    'y_val': 0.0,
    'z_val': 0.0},
    'time_stamp': 0},
    'gps_location': <GeoPoint> {   'altitude': 125.25257110595703,
    'latitude': 47.64171377734332,
    'longitude': -122.14016529672423},
    'kinematics_estimated': <KinematicsState> {   'angular_acceleration': <Vector3r> {   'x_val': -4.3447765385451476e-09,
    'y_val': 5.172742234549332e-10,
    'z_val': -0.16223561763763428},
    'angular_velocity': <Vector3r> {   'x_val': -8.291073605448673e-09,
    'y_val': -7.046840266866639e-08,
    'z_val': -0.06667204946279526},
    'linear_acceleration': <Vector3r> {   'x_val': 8.091064387372171e-07,
    'y_val': -7.032611648583043e-08,
    'z_val': -6.366498947143555},
    'linear_velocity': <Vector3r> {   'x_val': -3.559464119007316e-07,
    'y_val': 3.14869375017679e-08,
    'z_val': -1.1408421993255615},
    'orientation': <Quaternionr> {   'w_val': 0.03547441586852074,
    'x_val': -2.4970061573981184e-08,
    'y_val': 1.2692827899840609e-09,
    'z_val': 0.9993706345558167},
    'position': <Vector3r> {   'x_val': 27.31789207458496,
    'y_val': -0.018971245735883713,
    'z_val': -3.2462050914764404}},
    'landed_state': 1,
    'rc_data': <RCData> {   'is_initialized': False,
    'is_valid': False,
    'left_z': 0.0,
    'pitch': 0.0,
    'right_z': 0.0,
    'roll': 0.0,
    'switches': 0,
    'throttle': 0.0,
    'timestamp': 0,
    'vendor_id': '',
    'yaw': 0.0},
    'timestamp': 1664974657989370368}
2022-10-05 15:57:41,258 - mainLogger - INFO - Collision:
<CollisionInfo> {   'has_collided': False,
    'impact_point': <Vector3r> {   'x_val': -0.05197513476014137,
    'y_val': 0.2584356665611267,
    'z_val': 0.39307159185409546},
    'normal': <Vector3r> {   'x_val': -1.1444301506458032e-08,
    'y_val': -5.705657457610869e-08,
    'z_val': -1.0},
    'object_id': -1,
    'object_name': 'Landscape_0',
    'penetration_depth': 0.0,
    'position': <Vector3r> {   'x_val': 0.0,
    'y_val': 0.0,
    'z_val': 0.19971856474876404},
    'time_stamp': 1664974634315865344}
2022-10-05 15:57:41,496 - mainLogger - INFO - Command received: Move Up
2022-10-05 15:57:41,721 - mainLogger - INFO - Command received: Move Up
2022-10-05 15:57:41,863 - mainLogger - INFO - Command received: Move Up
2022-10-05 15:57:41,952 - mainLogger - INFO - Command received: Move Up
2022-10-05 15:57:42,125 - mainLogger - INFO - Command received: Move Up
2022-10-05 15:57:42,281 - mainLogger - INFO - State:
<MultirotorState> {   'collision': <CollisionInfo> {   'has_collided': False,
    'impact_point': <Vector3r> {   'x_val': 0.0,
    'y_val': 0.0,
    'z_val': 0.0},
    'normal': <Vector3r> {   'x_val': 0.0,
    'y_val': 0.0,
    'z_val': 0.0},
    'object_id': -1,
    'object_name': '',
    'penetration_depth': 0.0,
    'position': <Vector3r> {   'x_val': 0.0,
    'y_val': 0.0,
    'z_val': 0.0},
    'time_stamp': 0},
    'gps_location': <GeoPoint> {   'altitude': 127.48577880859375,
    'latitude': 47.64171377725719,
    'longitude': -122.14016529672412},
    'kinematics_estimated': <KinematicsState> {   'angular_acceleration': <Vector3r> {   'x_val': 5.972728978065334e-10,
    'y_val': -1.6019091608754366e-10,
    'z_val': -0.06085798889398575},
    'angular_velocity': <Vector3r> {   'x_val': -3.63393546365387e-08,
    'y_val': -1.3721671621169662e-07,
    'z_val': 0.0045985085889697075},
    'linear_acceleration': <Vector3r> {   'x_val': 1.435497978263811e-07,
    'y_val': -1.2206737842745952e-08,
    'z_val': 0.0888967514038086},
    'linear_velocity': <Vector3r> {   'x_val': -6.347612924173518e-08,
    'y_val': 4.502098693848211e-09,
    'z_val': -2.0794551372528076},
    'orientation': <Quaternionr> {   'w_val': 0.042751818895339966,
    'x_val': -7.202744178869125e-09,
    'y_val': 2.484637773303433e-10,
    'z_val': 0.9990857243537903},
    'position': <Vector3r> {   'x_val': 27.31789207458496,
    'y_val': -0.018971245735883713,
    'z_val': -5.482257843017578}},
    'landed_state': 1,
    'rc_data': <RCData> {   'is_initialized': False,
    'is_valid': False,
    'left_z': 0.0,
    'pitch': 0.0,
    'right_z': 0.0,
    'roll': 0.0,
    'switches': 0,
    'throttle': 0.0,
    'timestamp': 0,
    'vendor_id': '',
    'yaw': 0.0},
    'timestamp': 1664974659075393536}
2022-10-05 15:57:42,281 - mainLogger - INFO - Collision:
<CollisionInfo> {   'has_collided': False,
    'impact_point': <Vector3r> {   'x_val': -0.05197513476014137,
    'y_val': 0.2584356665611267,
    'z_val': 0.39307159185409546},
    'normal': <Vector3r> {   'x_val': -1.1444301506458032e-08,
    'y_val': -5.705657457610869e-08,
    'z_val': -1.0},
    'object_id': -1,
    'object_name': 'Landscape_0',
    'penetration_depth': 0.0,
    'position': <Vector3r> {   'x_val': 0.0,
    'y_val': 0.0,
    'z_val': 0.19971856474876404},
    'time_stamp': 1664974634315865344}
2022-10-05 15:57:43,379 - mainLogger - INFO - State:
<MultirotorState> {   'collision': <CollisionInfo> {   'has_collided': False,
    'impact_point': <Vector3r> {   'x_val': 0.0,
    'y_val': 0.0,
    'z_val': 0.0},
    'normal': <Vector3r> {   'x_val': 0.0,
    'y_val': 0.0,
    'z_val': 0.0},
    'object_id': -1,
    'object_name': '',
    'penetration_depth': 0.0,
    'position': <Vector3r> {   'x_val': 0.0,
    'y_val': 0.0,
    'z_val': 0.0},
    'time_stamp': 0},
    'gps_location': <GeoPoint> {   'altitude': 128.72767639160156,
    'latitude': 47.64171377720928,
    'longitude': -122.14016529672408},
    'kinematics_estimated': <KinematicsState> {   'angular_acceleration': <Vector3r> {   'x_val': -8.868170880305115e-06,
    'y_val': -1.1177917098870171e-11,
    'z_val': 0.0020328955724835396},
    'angular_velocity': <Vector3r> {   'x_val': 1.0223132562714454e-08,
    'y_val': 1.7899174364899295e-09,
    'z_val': -0.0005024527199566364},
    'linear_acceleration': <Vector3r> {   'x_val': 3.427922168341979e-09,
    'y_val': 7.162110460257054e-09,
    'z_val': 4.755505084991455},
    'linear_velocity': <Vector3r> {   'x_val': -2.3153511108375824e-08,
    'y_val': 1.2331534904319597e-08,
    'z_val': 0.8632931113243103},
    'orientation': <Quaternionr> {   'w_val': 0.044064074754714966,
    'x_val': -3.0887950530633645e-10,
    'y_val': -6.878491110029472e-10,
    'z_val': 0.999028742313385},
    'position': <Vector3r> {   'x_val': 27.31789207458496,
    'y_val': -0.018971245735883713,
    'z_val': -6.715353488922119}},
    'landed_state': 1,
    'rc_data': <RCData> {   'is_initialized': False,
    'is_valid': False,
    'left_z': 0.0,
    'pitch': 0.0,
    'right_z': 0.0,
    'roll': 0.0,
    'switches': 0,
    'throttle': 0.0,
    'timestamp': 0,
    'vendor_id': '',
    'yaw': 0.0},
    'timestamp': 1664974660098415360}
2022-10-05 15:57:43,379 - mainLogger - INFO - Collision:
<CollisionInfo> {   'has_collided': False,
    'impact_point': <Vector3r> {   'x_val': -0.05197513476014137,
    'y_val': 0.2584356665611267,
    'z_val': 0.39307159185409546},
    'normal': <Vector3r> {   'x_val': -1.1444301506458032e-08,
    'y_val': -5.705657457610869e-08,
    'z_val': -1.0},
    'object_id': -1,
    'object_name': 'Landscape_0',
    'penetration_depth': 0.0,
    'position': <Vector3r> {   'x_val': 0.0,
    'y_val': 0.0,
    'z_val': 0.19971856474876404},
    'time_stamp': 1664974634315865344}
2022-10-05 15:57:43,639 - mainLogger - INFO - Command received: Move Forward
2022-10-05 15:57:44,210 - mainLogger - INFO - Command received: Move Forward
2022-10-05 15:57:44,288 - mainLogger - INFO - Command received: Move Forward
2022-10-05 15:57:44,425 - mainLogger - INFO - Command received: Move Forward
2022-10-05 15:57:44,553 - mainLogger - INFO - Command received: Move Forward
2022-10-05 15:57:44,583 - mainLogger - INFO - Command received: Move Forward
2022-10-05 15:57:44,702 - mainLogger - INFO - Command received: Move Forward
2022-10-05 15:57:44,995 - mainLogger - INFO - Command received: Move Forward
2022-10-05 15:57:45,056 - mainLogger - INFO - Command received: Move Forward
2022-10-05 15:57:45,252 - mainLogger - INFO - Command received: Move Forward
2022-10-05 15:57:45,313 - mainLogger - INFO - Command received: Move Forward
2022-10-05 15:57:45,470 - mainLogger - INFO - Command received: Move Forward
2022-10-05 15:57:45,493 - mainLogger - INFO - Command received: Move Forward
2022-10-05 15:57:45,520 - mainLogger - INFO - Command received: Move Forward
2022-10-05 15:57:45,578 - mainLogger - INFO - Command received: Move Forward
2022-10-05 15:57:45,646 - mainLogger - INFO - Command received: Move Forward
2022-10-05 15:57:45,672 - mainLogger - INFO - Command received: Move Forward
2022-10-05 15:57:45,694 - mainLogger - INFO - Command received: Move Forward
2022-10-05 15:57:45,711 - mainLogger - INFO - Command received: Move Forward
2022-10-05 15:57:45,727 - mainLogger - INFO - Command received: Move Forward
2022-10-05 15:57:45,756 - mainLogger - INFO - Command received: Move Forward
2022-10-05 15:57:45,780 - mainLogger - INFO - Command received: Move Forward
2022-10-05 15:57:45,808 - mainLogger - INFO - Command received: Move Forward
2022-10-05 15:57:45,832 - mainLogger - INFO - Command received: Move Forward
2022-10-05 15:57:46,170 - mainLogger - INFO - Command received: Move Forward
2022-10-05 15:57:46,175 - mainLogger - INFO - Command received: Move Forward
2022-10-05 15:57:46,207 - mainLogger - INFO - Command received: Move Forward
2022-10-05 15:57:46,251 - mainLogger - INFO - Command received: Move Forward
2022-10-05 15:57:46,264 - mainLogger - INFO - Command received: Move Forward
2022-10-05 15:57:46,313 - mainLogger - INFO - Command received: Move Forward
2022-10-05 15:57:46,336 - mainLogger - INFO - Command received: Move Forward
2022-10-05 15:57:46,357 - mainLogger - INFO - Command received: Move Forward
2022-10-05 15:57:46,413 - mainLogger - INFO - Command received: Move Forward
2022-10-05 15:57:46,438 - mainLogger - INFO - Command received: Move Forward
2022-10-05 15:57:46,438 - mainLogger - INFO - Command received: Move Forward
2022-10-05 15:57:46,445 - mainLogger - INFO - Command received: Move Forward
2022-10-05 15:57:46,475 - mainLogger - INFO - Command received: Move Forward
2022-10-05 15:57:46,506 - mainLogger - INFO - Command received: Move Forward
2022-10-05 15:57:46,536 - mainLogger - INFO - Command received: Move Forward
2022-10-05 15:57:46,566 - mainLogger - INFO - Command received: Move Forward
2022-10-05 15:57:46,597 - mainLogger - INFO - Command received: Move Forward
2022-10-05 15:57:46,625 - mainLogger - INFO - Command received: Move Forward
2022-10-05 15:57:46,656 - mainLogger - INFO - Command received: Move Forward
2022-10-05 15:57:46,687 - mainLogger - INFO - Command received: Move Forward
2022-10-05 15:57:46,716 - mainLogger - INFO - Command received: Move Forward
2022-10-05 15:57:46,747 - mainLogger - INFO - Command received: Move Forward
2022-10-05 15:57:46,776 - mainLogger - INFO - Command received: Move Forward
2022-10-05 15:57:46,807 - mainLogger - INFO - Command received: Move Forward
2022-10-05 15:57:46,836 - mainLogger - INFO - Command received: Move Forward
2022-10-05 15:57:46,864 - mainLogger - INFO - Command received: Move Forward
2022-10-05 15:57:46,896 - mainLogger - INFO - Command received: Move Forward
2022-10-05 15:57:46,926 - mainLogger - INFO - Command received: Move Forward
2022-10-05 15:57:46,956 - mainLogger - INFO - Command received: Move Forward
2022-10-05 15:57:47,205 - mainLogger - INFO - Command received: Move Right
2022-10-05 15:57:47,623 - mainLogger - INFO - Command received: Move Right
2022-10-05 15:57:47,888 - mainLogger - INFO - Command received: Move Right
2022-10-05 15:57:48,219 - mainLogger - INFO - Command received: Move Right
2022-10-05 15:57:48,485 - mainLogger - INFO - Command received: Move Right
2022-10-05 15:57:50,795 - mainLogger - INFO - Command received: Move Back
