2022-10-09 00:28:46,788 - ServerLogger - INFO - Logging initiated
2022-10-09 00:28:46,789 - ServerLogger - INFO - Connected to instance of Airsim
2022-10-09 00:28:48,537 - ServerLogger - INFO - Created map
2022-10-09 00:28:48,537 - ServerLogger - INFO - Simulation ready to start...

2022-10-09 00:28:48,539 - ServerLogger - INFO - State:
<MultirotorState> {   'collision': <CollisionInfo> {   'has_collided': False,
    'impact_point': <Vector3r> {   'x_val': 0.0,
    'y_val': 0.0,
    'z_val': 0.0},
    'normal': <Vector3r> {   'x_val': 0.0,
    'y_val': 0.0,
    'z_val': 0.0},
    'object_id': -1,
    'object_name': '',
    'penetration_depth': 0.0,
    'position': <Vector3r> {   'x_val': 0.0,
    'y_val': 0.0,
    'z_val': 0.0},
    'time_stamp': 0},
    'gps_location': <GeoPoint> {   'altitude': 121.81904602050781,
    'latitude': 47.6414680808809,
    'longitude': -122.14016504425251},
    'kinematics_estimated': <KinematicsState> {   'angular_acceleration': <Vector3r> {   'x_val': 0.0,
    'y_val': 0.0,
    'z_val': 0.0},
    'angular_velocity': <Vector3r> {   'x_val': 0.0,
    'y_val': 0.0,
    'z_val': 0.0},
    'linear_acceleration': <Vector3r> {   'x_val': 0.0,
    'y_val': 0.0,
    'z_val': 0.0},
    'linear_velocity': <Vector3r> {   'x_val': 0.0,
    'y_val': 0.0,
    'z_val': 0.0},
    'orientation': <Quaternionr> {   'w_val': 0.9999998807907104,
    'x_val': 0.0,
    'y_val': 0.0,
    'z_val': 0.0},
    'position': <Vector3r> {   'x_val': 0.0,
    'y_val': 0.0,
    'z_val': 0.19065611064434052}},
    'landed_state': 0,
    'rc_data': <RCData> {   'is_initialized': False,
    'is_valid': False,
    'left_z': 0.0,
    'pitch': 0.0,
    'right_z': 0.0,
    'roll': 0.0,
    'switches': 0,
    'throttle': 0.0,
    'timestamp': 0,
    'vendor_id': '',
    'yaw': 0.0},
    'timestamp': 1665264528395299072}
2022-10-09 00:28:48,540 - ServerLogger - INFO - Collision:
<CollisionInfo> {   'has_collided': True,
    'impact_point': <Vector3r> {   'x_val': -0.22481729090213776,
    'y_val': 0.31564638018608093,
    'z_val': 0.3930765390396118},
    'normal': <Vector3r> {   'x_val': -2.092225592775776e-08,
    'y_val': -2.0812269241332615e-08,
    'z_val': -1.0},
    'object_id': -1,
    'object_name': 'Landscape_0',
    'penetration_depth': 0.0,
    'position': <Vector3r> {   'x_val': 0.0,
    'y_val': 0.0,
    'z_val': 0.19065611064434052},
    'time_stamp': 1665264525014226944}
2022-10-09 00:28:49,549 - ServerLogger - INFO - State:
<MultirotorState> {   'collision': <CollisionInfo> {   'has_collided': False,
    'impact_point': <Vector3r> {   'x_val': 0.0,
    'y_val': 0.0,
    'z_val': 0.0},
    'normal': <Vector3r> {   'x_val': 0.0,
    'y_val': 0.0,
    'z_val': 0.0},
    'object_id': -1,
    'object_name': '',
    'penetration_depth': 0.0,
    'position': <Vector3r> {   'x_val': 0.0,
    'y_val': 0.0,
    'z_val': 0.0},
    'time_stamp': 0},
    'gps_location': <GeoPoint> {   'altitude': 121.81904602050781,
    'latitude': 47.6414680808809,
    'longitude': -122.14016504425251},
    'kinematics_estimated': <KinematicsState> {   'angular_acceleration': <Vector3r> {   'x_val': 0.0,
    'y_val': 0.0,
    'z_val': 0.0},
    'angular_velocity': <Vector3r> {   'x_val': 0.0,
    'y_val': 0.0,
    'z_val': 0.0},
    'linear_acceleration': <Vector3r> {   'x_val': 0.0,
    'y_val': 0.0,
    'z_val': 0.0},
    'linear_velocity': <Vector3r> {   'x_val': 0.0,
    'y_val': 0.0,
    'z_val': 0.0},
    'orientation': <Quaternionr> {   'w_val': 0.9999998807907104,
    'x_val': 0.0,
    'y_val': 0.0,
    'z_val': 0.0},
    'position': <Vector3r> {   'x_val': 0.0,
    'y_val': 0.0,
    'z_val': 0.19065611064434052}},
    'landed_state': 0,
    'rc_data': <RCData> {   'is_initialized': False,
    'is_valid': False,
    'left_z': 0.0,
    'pitch': 0.0,
    'right_z': 0.0,
    'roll': 0.0,
    'switches': 0,
    'throttle': 0.0,
    'timestamp': 0,
    'vendor_id': '',
    'yaw': 0.0},
    'timestamp': 1665264529400320512}
2022-10-09 00:28:49,549 - ServerLogger - INFO - Collision:
<CollisionInfo> {   'has_collided': False,
    'impact_point': <Vector3r> {   'x_val': -0.22481729090213776,
    'y_val': 0.31564638018608093,
    'z_val': 0.3930765390396118},
    'normal': <Vector3r> {   'x_val': -2.092225592775776e-08,
    'y_val': -2.0812269241332615e-08,
    'z_val': -1.0},
    'object_id': -1,
    'object_name': 'Landscape_0',
    'penetration_depth': 0.0,
    'position': <Vector3r> {   'x_val': 0.0,
    'y_val': 0.0,
    'z_val': 0.19065611064434052},
    'time_stamp': 1665264525014226944}
2022-10-09 00:28:50,565 - ServerLogger - INFO - State:
<MultirotorState> {   'collision': <CollisionInfo> {   'has_collided': False,
    'impact_point': <Vector3r> {   'x_val': 0.0,
    'y_val': 0.0,
    'z_val': 0.0},
    'normal': <Vector3r> {   'x_val': 0.0,
    'y_val': 0.0,
    'z_val': 0.0},
    'object_id': -1,
    'object_name': '',
    'penetration_depth': 0.0,
    'position': <Vector3r> {   'x_val': 0.0,
    'y_val': 0.0,
    'z_val': 0.0},
    'time_stamp': 0},
    'gps_location': <GeoPoint> {   'altitude': 121.81904602050781,
    'latitude': 47.6414680808809,
    'longitude': -122.14016504425251},
    'kinematics_estimated': <KinematicsState> {   'angular_acceleration': <Vector3r> {   'x_val': 0.0,
    'y_val': 0.0,
    'z_val': 0.0},
    'angular_velocity': <Vector3r> {   'x_val': 0.0,
    'y_val': 0.0,
    'z_val': 0.0},
    'linear_acceleration': <Vector3r> {   'x_val': 0.0,
    'y_val': 0.0,
    'z_val': 0.0},
    'linear_velocity': <Vector3r> {   'x_val': 0.0,
    'y_val': 0.0,
    'z_val': 0.0},
    'orientation': <Quaternionr> {   'w_val': 0.9999998807907104,
    'x_val': 0.0,
    'y_val': 0.0,
    'z_val': 0.0},
    'position': <Vector3r> {   'x_val': 0.0,
    'y_val': 0.0,
    'z_val': 0.19065611064434052}},
    'landed_state': 0,
    'rc_data': <RCData> {   'is_initialized': False,
    'is_valid': False,
    'left_z': 0.0,
    'pitch': 0.0,
    'right_z': 0.0,
    'roll': 0.0,
    'switches': 0,
    'throttle': 0.0,
    'timestamp': 0,
    'vendor_id': '',
    'yaw': 0.0},
    'timestamp': 1665264530417342208}
2022-10-09 00:28:50,566 - ServerLogger - INFO - Collision:
<CollisionInfo> {   'has_collided': False,
    'impact_point': <Vector3r> {   'x_val': -0.22481729090213776,
    'y_val': 0.31564638018608093,
    'z_val': 0.3930765390396118},
    'normal': <Vector3r> {   'x_val': -2.092225592775776e-08,
    'y_val': -2.0812269241332615e-08,
    'z_val': -1.0},
    'object_id': -1,
    'object_name': 'Landscape_0',
    'penetration_depth': 0.0,
    'position': <Vector3r> {   'x_val': 0.0,
    'y_val': 0.0,
    'z_val': 0.19065611064434052},
    'time_stamp': 1665264525014226944}
2022-10-09 00:28:51,325 - ServerLogger - INFO - Command received: Move Forward
2022-10-09 00:28:51,581 - ServerLogger - INFO - State:
<MultirotorState> {   'collision': <CollisionInfo> {   'has_collided': False,
    'impact_point': <Vector3r> {   'x_val': 0.0,
    'y_val': 0.0,
    'z_val': 0.0},
    'normal': <Vector3r> {   'x_val': 0.0,
    'y_val': 0.0,
    'z_val': 0.0},
    'object_id': -1,
    'object_name': '',
    'penetration_depth': 0.0,
    'position': <Vector3r> {   'x_val': 0.0,
    'y_val': 0.0,
    'z_val': 0.0},
    'time_stamp': 0},
    'gps_location': <GeoPoint> {   'altitude': 121.81904602050781,
    'latitude': 47.6414680808809,
    'longitude': -122.14016504425251},
    'kinematics_estimated': <KinematicsState> {   'angular_acceleration': <Vector3r> {   'x_val': 0.0,
    'y_val': 0.0,
    'z_val': 0.0},
    'angular_velocity': <Vector3r> {   'x_val': 0.0,
    'y_val': 0.0,
    'z_val': 0.0},
    'linear_acceleration': <Vector3r> {   'x_val': 0.0,
    'y_val': 0.0,
    'z_val': 0.0},
    'linear_velocity': <Vector3r> {   'x_val': 0.0,
    'y_val': 0.0,
    'z_val': 0.0},
    'orientation': <Quaternionr> {   'w_val': 0.9999998807907104,
    'x_val': 0.0,
    'y_val': 0.0,
    'z_val': 0.0},
    'position': <Vector3r> {   'x_val': 0.0,
    'y_val': 0.0,
    'z_val': 0.19065611064434052}},
    'landed_state': 0,
    'rc_data': <RCData> {   'is_initialized': False,
    'is_valid': False,
    'left_z': 0.0,
    'pitch': 0.0,
    'right_z': 0.0,
    'roll': 0.0,
    'switches': 0,
    'throttle': 0.0,
    'timestamp': 0,
    'vendor_id': '',
    'yaw': 0.0},
    'timestamp': 1665264531431363840}
2022-10-09 00:28:51,581 - ServerLogger - INFO - Collision:
<CollisionInfo> {   'has_collided': False,
    'impact_point': <Vector3r> {   'x_val': -0.22481729090213776,
    'y_val': 0.31564638018608093,
    'z_val': 0.3930765390396118},
    'normal': <Vector3r> {   'x_val': -2.092225592775776e-08,
    'y_val': -2.0812269241332615e-08,
    'z_val': -1.0},
    'object_id': -1,
    'object_name': 'Landscape_0',
    'penetration_depth': 0.0,
    'position': <Vector3r> {   'x_val': 0.0,
    'y_val': 0.0,
    'z_val': 0.19065611064434052},
    'time_stamp': 1665264525014226944}
2022-10-09 00:28:51,830 - ServerLogger - INFO - Command received: Move Forward
2022-10-09 00:28:51,861 - ServerLogger - INFO - Command received: Move Forward
2022-10-09 00:28:51,893 - ServerLogger - INFO - Command received: Move Forward
2022-10-09 00:28:51,924 - ServerLogger - INFO - Command received: Move Forward
2022-10-09 00:28:51,970 - ServerLogger - INFO - Command received: Move Forward
2022-10-09 00:28:52,002 - ServerLogger - INFO - Command received: Move Forward
2022-10-09 00:28:52,032 - ServerLogger - INFO - Command received: Move Forward
2022-10-09 00:28:52,065 - ServerLogger - INFO - Command received: Move Forward
2022-10-09 00:28:52,096 - ServerLogger - INFO - Command received: Move Forward
2022-10-09 00:28:52,127 - ServerLogger - INFO - Command received: Move Forward
2022-10-09 00:28:52,158 - ServerLogger - INFO - Command received: Move Forward
2022-10-09 00:28:52,190 - ServerLogger - INFO - Command received: Move Forward
2022-10-09 00:28:52,220 - ServerLogger - INFO - Command received: Move Forward
2022-10-09 00:28:52,266 - ServerLogger - INFO - Command received: Move Forward
2022-10-09 00:28:52,297 - ServerLogger - INFO - Command received: Move Forward
2022-10-09 00:28:52,328 - ServerLogger - INFO - Command received: Move Forward
2022-10-09 00:28:52,359 - ServerLogger - INFO - Command received: Move Forward
2022-10-09 00:28:52,391 - ServerLogger - INFO - Command received: Move Forward
2022-10-09 00:28:52,421 - ServerLogger - INFO - Command received: Move Forward
2022-10-09 00:28:52,453 - ServerLogger - INFO - Command received: Move Forward
2022-10-09 00:28:52,484 - ServerLogger - INFO - Command received: Move Forward
2022-10-09 00:28:52,532 - ServerLogger - INFO - Command received: Move Forward
2022-10-09 00:28:52,564 - ServerLogger - INFO - Command received: Move Forward
2022-10-09 00:28:52,595 - ServerLogger - INFO - Command received: Move Forward
2022-10-09 00:28:52,598 - ServerLogger - INFO - State:
<MultirotorState> {   'collision': <CollisionInfo> {   'has_collided': False,
    'impact_point': <Vector3r> {   'x_val': 0.0,
    'y_val': 0.0,
    'z_val': 0.0},
    'normal': <Vector3r> {   'x_val': 0.0,
    'y_val': 0.0,
    'z_val': 0.0},
    'object_id': -1,
    'object_name': '',
    'penetration_depth': 0.0,
    'position': <Vector3r> {   'x_val': 0.0,
    'y_val': 0.0,
    'z_val': 0.0},
    'time_stamp': 0},
    'gps_location': <GeoPoint> {   'altitude': 121.81904602050781,
    'latitude': 47.6414680808809,
    'longitude': -122.14016504425251},
    'kinematics_estimated': <KinematicsState> {   'angular_acceleration': <Vector3r> {   'x_val': 0.0,
    'y_val': 0.0,
    'z_val': 0.0},
    'angular_velocity': <Vector3r> {   'x_val': 0.0,
    'y_val': 0.0,
    'z_val': 0.0},
    'linear_acceleration': <Vector3r> {   'x_val': 0.0,
    'y_val': 0.0,
    'z_val': 0.0},
    'linear_velocity': <Vector3r> {   'x_val': 0.0,
    'y_val': 0.0,
    'z_val': 0.0},
    'orientation': <Quaternionr> {   'w_val': 0.9999998807907104,
    'x_val': 0.0,
    'y_val': 0.0,
    'z_val': 0.0},
    'position': <Vector3r> {   'x_val': 0.0,
    'y_val': 0.0,
    'z_val': 0.19065611064434052}},
    'landed_state': 0,
    'rc_data': <RCData> {   'is_initialized': False,
    'is_valid': False,
    'left_z': 0.0,
    'pitch': 0.0,
    'right_z': 0.0,
    'roll': 0.0,
    'switches': 0,
    'throttle': 0.0,
    'timestamp': 0,
    'vendor_id': '',
    'yaw': 0.0},
    'timestamp': 1665264532448385536}
2022-10-09 00:28:52,598 - ServerLogger - INFO - Collision:
<CollisionInfo> {   'has_collided': False,
    'impact_point': <Vector3r> {   'x_val': -0.22481729090213776,
    'y_val': 0.31564638018608093,
    'z_val': 0.3930765390396118},
    'normal': <Vector3r> {   'x_val': -2.092225592775776e-08,
    'y_val': -2.0812269241332615e-08,
    'z_val': -1.0},
    'object_id': -1,
    'object_name': 'Landscape_0',
    'penetration_depth': 0.0,
    'position': <Vector3r> {   'x_val': 0.0,
    'y_val': 0.0,
    'z_val': 0.19065611064434052},
    'time_stamp': 1665264525014226944}
2022-10-09 00:28:52,627 - ServerLogger - INFO - Command received: Move Forward
2022-10-09 00:28:52,658 - ServerLogger - INFO - Command received: Move Forward
2022-10-09 00:28:52,690 - ServerLogger - INFO - Command received: Move Forward
2022-10-09 00:28:52,720 - ServerLogger - INFO - Command received: Move Forward
2022-10-09 00:28:52,752 - ServerLogger - INFO - Command received: Move Forward
2022-10-09 00:28:53,570 - ServerLogger - INFO - Command received: Move Forward
2022-10-09 00:28:53,614 - ServerLogger - INFO - State:
<MultirotorState> {   'collision': <CollisionInfo> {   'has_collided': False,
    'impact_point': <Vector3r> {   'x_val': 0.0,
    'y_val': 0.0,
    'z_val': 0.0},
    'normal': <Vector3r> {   'x_val': 0.0,
    'y_val': 0.0,
    'z_val': 0.0},
    'object_id': -1,
    'object_name': '',
    'penetration_depth': 0.0,
    'position': <Vector3r> {   'x_val': 0.0,
    'y_val': 0.0,
    'z_val': 0.0},
    'time_stamp': 0},
    'gps_location': <GeoPoint> {   'altitude': 121.81904602050781,
    'latitude': 47.6414680808809,
    'longitude': -122.14016504425251},
    'kinematics_estimated': <KinematicsState> {   'angular_acceleration': <Vector3r> {   'x_val': 0.0,
    'y_val': 0.0,
    'z_val': 0.0},
    'angular_velocity': <Vector3r> {   'x_val': 0.0,
    'y_val': 0.0,
    'z_val': 0.0},
    'linear_acceleration': <Vector3r> {   'x_val': 0.0,
    'y_val': 0.0,
    'z_val': 0.0},
    'linear_velocity': <Vector3r> {   'x_val': 0.0,
    'y_val': 0.0,
    'z_val': 0.0},
    'orientation': <Quaternionr> {   'w_val': 0.9999998807907104,
    'x_val': 0.0,
    'y_val': 0.0,
    'z_val': 0.0},
    'position': <Vector3r> {   'x_val': 0.0,
    'y_val': 0.0,
    'z_val': 0.19065611064434052}},
    'landed_state': 0,
    'rc_data': <RCData> {   'is_initialized': False,
    'is_valid': False,
    'left_z': 0.0,
    'pitch': 0.0,
    'right_z': 0.0,
    'roll': 0.0,
    'switches': 0,
    'throttle': 0.0,
    'timestamp': 0,
    'vendor_id': '',
    'yaw': 0.0},
    'timestamp': 1665264533462407168}
2022-10-09 00:28:53,614 - ServerLogger - INFO - Collision:
<CollisionInfo> {   'has_collided': False,
    'impact_point': <Vector3r> {   'x_val': -0.22481729090213776,
    'y_val': 0.31564638018608093,
    'z_val': 0.3930765390396118},
    'normal': <Vector3r> {   'x_val': -2.092225592775776e-08,
    'y_val': -2.0812269241332615e-08,
    'z_val': -1.0},
    'object_id': -1,
    'object_name': 'Landscape_0',
    'penetration_depth': 0.0,
    'position': <Vector3r> {   'x_val': 0.0,
    'y_val': 0.0,
    'z_val': 0.19065611064434052},
    'time_stamp': 1665264525014226944}
2022-10-09 00:28:54,188 - ServerLogger - INFO - Command received: Move Forward
2022-10-09 00:28:54,487 - ServerLogger - INFO - Command received: Move Forward
2022-10-09 00:28:54,622 - ServerLogger - INFO - State:
<MultirotorState> {   'collision': <CollisionInfo> {   'has_collided': False,
    'impact_point': <Vector3r> {   'x_val': 0.0,
    'y_val': 0.0,
    'z_val': 0.0},
    'normal': <Vector3r> {   'x_val': 0.0,
    'y_val': 0.0,
    'z_val': 0.0},
    'object_id': -1,
    'object_name': '',
    'penetration_depth': 0.0,
    'position': <Vector3r> {   'x_val': 0.0,
    'y_val': 0.0,
    'z_val': 0.0},
    'time_stamp': 0},
    'gps_location': <GeoPoint> {   'altitude': 121.81904602050781,
    'latitude': 47.6414680808809,
    'longitude': -122.14016504425251},
    'kinematics_estimated': <KinematicsState> {   'angular_acceleration': <Vector3r> {   'x_val': 0.0,
    'y_val': 0.0,
    'z_val': 0.0},
    'angular_velocity': <Vector3r> {   'x_val': 0.0,
    'y_val': 0.0,
    'z_val': 0.0},
    'linear_acceleration': <Vector3r> {   'x_val': 0.0,
    'y_val': 0.0,
    'z_val': 0.0},
    'linear_velocity': <Vector3r> {   'x_val': 0.0,
    'y_val': 0.0,
    'z_val': 0.0},
    'orientation': <Quaternionr> {   'w_val': 0.9999998807907104,
    'x_val': 0.0,
    'y_val': 0.0,
    'z_val': 0.0},
    'position': <Vector3r> {   'x_val': 0.0,
    'y_val': 0.0,
    'z_val': 0.19065611064434052}},
    'landed_state': 0,
    'rc_data': <RCData> {   'is_initialized': False,
    'is_valid': False,
    'left_z': 0.0,
    'pitch': 0.0,
    'right_z': 0.0,
    'roll': 0.0,
    'switches': 0,
    'throttle': 0.0,
    'timestamp': 0,
    'vendor_id': '',
    'yaw': 0.0},
    'timestamp': 1665264534467428608}
2022-10-09 00:28:54,622 - ServerLogger - INFO - Collision:
<CollisionInfo> {   'has_collided': False,
    'impact_point': <Vector3r> {   'x_val': -0.22481729090213776,
    'y_val': 0.31564638018608093,
    'z_val': 0.3930765390396118},
    'normal': <Vector3r> {   'x_val': -2.092225592775776e-08,
    'y_val': -2.0812269241332615e-08,
    'z_val': -1.0},
    'object_id': -1,
    'object_name': 'Landscape_0',
    'penetration_depth': 0.0,
    'position': <Vector3r> {   'x_val': 0.0,
    'y_val': 0.0,
    'z_val': 0.19065611064434052},
    'time_stamp': 1665264525014226944}
2022-10-09 00:28:55,639 - ServerLogger - INFO - State:
<MultirotorState> {   'collision': <CollisionInfo> {   'has_collided': False,
    'impact_point': <Vector3r> {   'x_val': 0.0,
    'y_val': 0.0,
    'z_val': 0.0},
    'normal': <Vector3r> {   'x_val': 0.0,
    'y_val': 0.0,
    'z_val': 0.0},
    'object_id': -1,
    'object_name': '',
    'penetration_depth': 0.0,
    'position': <Vector3r> {   'x_val': 0.0,
    'y_val': 0.0,
    'z_val': 0.0},
    'time_stamp': 0},
    'gps_location': <GeoPoint> {   'altitude': 121.81904602050781,
    'latitude': 47.6414680808809,
    'longitude': -122.14016504425251},
    'kinematics_estimated': <KinematicsState> {   'angular_acceleration': <Vector3r> {   'x_val': 0.0,
    'y_val': 0.0,
    'z_val': 0.0},
    'angular_velocity': <Vector3r> {   'x_val': 0.0,
    'y_val': 0.0,
    'z_val': 0.0},
    'linear_acceleration': <Vector3r> {   'x_val': 0.0,
    'y_val': 0.0,
    'z_val': 0.0},
    'linear_velocity': <Vector3r> {   'x_val': 0.0,
    'y_val': 0.0,
    'z_val': 0.0},
    'orientation': <Quaternionr> {   'w_val': 0.9999998807907104,
    'x_val': 0.0,
    'y_val': 0.0,
    'z_val': 0.0},
    'position': <Vector3r> {   'x_val': 0.0,
    'y_val': 0.0,
    'z_val': 0.19065611064434052}},
    'landed_state': 0,
    'rc_data': <RCData> {   'is_initialized': False,
    'is_valid': False,
    'left_z': 0.0,
    'pitch': 0.0,
    'right_z': 0.0,
    'roll': 0.0,
    'switches': 0,
    'throttle': 0.0,
    'timestamp': 0,
    'vendor_id': '',
    'yaw': 0.0},
    'timestamp': 1665264535484450304}
2022-10-09 00:28:55,640 - ServerLogger - INFO - Collision:
<CollisionInfo> {   'has_collided': False,
    'impact_point': <Vector3r> {   'x_val': -0.22481729090213776,
    'y_val': 0.31564638018608093,
    'z_val': 0.3930765390396118},
    'normal': <Vector3r> {   'x_val': -2.092225592775776e-08,
    'y_val': -2.0812269241332615e-08,
    'z_val': -1.0},
    'object_id': -1,
    'object_name': 'Landscape_0',
    'penetration_depth': 0.0,
    'position': <Vector3r> {   'x_val': 0.0,
    'y_val': 0.0,
    'z_val': 0.19065611064434052},
    'time_stamp': 1665264525014226944}
2022-10-09 00:28:55,893 - ServerLogger - INFO - Command received: Move Forward
2022-10-09 00:28:56,643 - ServerLogger - INFO - State:
<MultirotorState> {   'collision': <CollisionInfo> {   'has_collided': False,
    'impact_point': <Vector3r> {   'x_val': 0.0,
    'y_val': 0.0,
    'z_val': 0.0},
    'normal': <Vector3r> {   'x_val': 0.0,
    'y_val': 0.0,
    'z_val': 0.0},
    'object_id': -1,
    'object_name': '',
    'penetration_depth': 0.0,
    'position': <Vector3r> {   'x_val': 0.0,
    'y_val': 0.0,
    'z_val': 0.0},
    'time_stamp': 0},
    'gps_location': <GeoPoint> {   'altitude': 121.81904602050781,
    'latitude': 47.6414680808809,
    'longitude': -122.14016504425251},
    'kinematics_estimated': <KinematicsState> {   'angular_acceleration': <Vector3r> {   'x_val': 0.0,
    'y_val': 0.0,
    'z_val': 0.0},
    'angular_velocity': <Vector3r> {   'x_val': 0.0,
    'y_val': 0.0,
    'z_val': 0.0},
    'linear_acceleration': <Vector3r> {   'x_val': 0.0,
    'y_val': 0.0,
    'z_val': 0.0},
    'linear_velocity': <Vector3r> {   'x_val': 0.0,
    'y_val': 0.0,
    'z_val': 0.0},
    'orientation': <Quaternionr> {   'w_val': 0.9999998807907104,
    'x_val': 0.0,
    'y_val': 0.0,
    'z_val': 0.0},
    'position': <Vector3r> {   'x_val': 0.0,
    'y_val': 0.0,
    'z_val': 0.19065611064434052}},
    'landed_state': 0,
    'rc_data': <RCData> {   'is_initialized': False,
    'is_valid': False,
    'left_z': 0.0,
    'pitch': 0.0,
    'right_z': 0.0,
    'roll': 0.0,
    'switches': 0,
    'throttle': 0.0,
    'timestamp': 0,
    'vendor_id': '',
    'yaw': 0.0},
    'timestamp': 1665264536486471680}
2022-10-09 00:28:56,644 - ServerLogger - INFO - Collision:
<CollisionInfo> {   'has_collided': False,
    'impact_point': <Vector3r> {   'x_val': -0.22481729090213776,
    'y_val': 0.31564638018608093,
    'z_val': 0.3930765390396118},
    'normal': <Vector3r> {   'x_val': -2.092225592775776e-08,
    'y_val': -2.0812269241332615e-08,
    'z_val': -1.0},
    'object_id': -1,
    'object_name': 'Landscape_0',
    'penetration_depth': 0.0,
    'position': <Vector3r> {   'x_val': 0.0,
    'y_val': 0.0,
    'z_val': 0.19065611064434052},
    'time_stamp': 1665264525014226944}
2022-10-09 00:28:57,514 - ServerLogger - INFO - Command received: Move Forward
2022-10-09 00:28:57,658 - ServerLogger - INFO - State:
<MultirotorState> {   'collision': <CollisionInfo> {   'has_collided': False,
    'impact_point': <Vector3r> {   'x_val': 0.0,
    'y_val': 0.0,
    'z_val': 0.0},
    'normal': <Vector3r> {   'x_val': 0.0,
    'y_val': 0.0,
    'z_val': 0.0},
    'object_id': -1,
    'object_name': '',
    'penetration_depth': 0.0,
    'position': <Vector3r> {   'x_val': 0.0,
    'y_val': 0.0,
    'z_val': 0.0},
    'time_stamp': 0},
    'gps_location': <GeoPoint> {   'altitude': 121.81904602050781,
    'latitude': 47.6414680808809,
    'longitude': -122.14016504425251},
    'kinematics_estimated': <KinematicsState> {   'angular_acceleration': <Vector3r> {   'x_val': 0.0,
    'y_val': 0.0,
    'z_val': 0.0},
    'angular_velocity': <Vector3r> {   'x_val': 0.0,
    'y_val': 0.0,
    'z_val': 0.0},
    'linear_acceleration': <Vector3r> {   'x_val': 0.0,
    'y_val': 0.0,
    'z_val': 0.0},
    'linear_velocity': <Vector3r> {   'x_val': 0.0,
    'y_val': 0.0,
    'z_val': 0.0},
    'orientation': <Quaternionr> {   'w_val': 0.9999998807907104,
    'x_val': 0.0,
    'y_val': 0.0,
    'z_val': 0.0},
    'position': <Vector3r> {   'x_val': 0.0,
    'y_val': 0.0,
    'z_val': 0.19065611064434052}},
    'landed_state': 0,
    'rc_data': <RCData> {   'is_initialized': False,
    'is_valid': False,
    'left_z': 0.0,
    'pitch': 0.0,
    'right_z': 0.0,
    'roll': 0.0,
    'switches': 0,
    'throttle': 0.0,
    'timestamp': 0,
    'vendor_id': '',
    'yaw': 0.0},
    'timestamp': 1665264537500493312}
2022-10-09 00:28:57,658 - ServerLogger - INFO - Collision:
<CollisionInfo> {   'has_collided': False,
    'impact_point': <Vector3r> {   'x_val': -0.22481729090213776,
    'y_val': 0.31564638018608093,
    'z_val': 0.3930765390396118},
    'normal': <Vector3r> {   'x_val': -2.092225592775776e-08,
    'y_val': -2.0812269241332615e-08,
    'z_val': -1.0},
    'object_id': -1,
    'object_name': 'Landscape_0',
    'penetration_depth': 0.0,
    'position': <Vector3r> {   'x_val': 0.0,
    'y_val': 0.0,
    'z_val': 0.19065611064434052},
    'time_stamp': 1665264525014226944}
2022-10-09 00:28:58,027 - ServerLogger - INFO - Command received: Move Forward
2022-10-09 00:28:58,059 - ServerLogger - INFO - Command received: Move Forward
2022-10-09 00:28:58,090 - ServerLogger - INFO - Command received: Move Forward
2022-10-09 00:28:58,121 - ServerLogger - INFO - Command received: Move Forward
2022-10-09 00:28:58,152 - ServerLogger - INFO - Command received: Move Forward
2022-10-09 00:28:58,183 - ServerLogger - INFO - Command received: Move Forward
2022-10-09 00:28:58,214 - ServerLogger - INFO - Command received: Move Forward
2022-10-09 00:28:58,474 - ServerLogger - INFO - Command received: Move Forward
2022-10-09 00:28:58,669 - ServerLogger - INFO - State:
<MultirotorState> {   'collision': <CollisionInfo> {   'has_collided': False,
    'impact_point': <Vector3r> {   'x_val': 0.0,
    'y_val': 0.0,
    'z_val': 0.0},
    'normal': <Vector3r> {   'x_val': 0.0,
    'y_val': 0.0,
    'z_val': 0.0},
    'object_id': -1,
    'object_name': '',
    'penetration_depth': 0.0,
    'position': <Vector3r> {   'x_val': 0.0,
    'y_val': 0.0,
    'z_val': 0.0},
    'time_stamp': 0},
    'gps_location': <GeoPoint> {   'altitude': 121.81904602050781,
    'latitude': 47.6414680808809,
    'longitude': -122.14016504425251},
    'kinematics_estimated': <KinematicsState> {   'angular_acceleration': <Vector3r> {   'x_val': 0.0,
    'y_val': 0.0,
    'z_val': 0.0},
    'angular_velocity': <Vector3r> {   'x_val': 0.0,
    'y_val': 0.0,
    'z_val': 0.0},
    'linear_acceleration': <Vector3r> {   'x_val': 0.0,
    'y_val': 0.0,
    'z_val': 0.0},
    'linear_velocity': <Vector3r> {   'x_val': 0.0,
    'y_val': 0.0,
    'z_val': 0.0},
    'orientation': <Quaternionr> {   'w_val': 0.9999998807907104,
    'x_val': 0.0,
    'y_val': 0.0,
    'z_val': 0.0},
    'position': <Vector3r> {   'x_val': 0.0,
    'y_val': 0.0,
    'z_val': 0.19065611064434052}},
    'landed_state': 0,
    'rc_data': <RCData> {   'is_initialized': False,
    'is_valid': False,
    'left_z': 0.0,
    'pitch': 0.0,
    'right_z': 0.0,
    'roll': 0.0,
    'switches': 0,
    'throttle': 0.0,
    'timestamp': 0,
    'vendor_id': '',
    'yaw': 0.0},
    'timestamp': 1665264538508514816}
2022-10-09 00:28:58,669 - ServerLogger - INFO - Collision:
<CollisionInfo> {   'has_collided': False,
    'impact_point': <Vector3r> {   'x_val': -0.22481729090213776,
    'y_val': 0.31564638018608093,
    'z_val': 0.3930765390396118},
    'normal': <Vector3r> {   'x_val': -2.092225592775776e-08,
    'y_val': -2.0812269241332615e-08,
    'z_val': -1.0},
    'object_id': -1,
    'object_name': 'Landscape_0',
    'penetration_depth': 0.0,
    'position': <Vector3r> {   'x_val': 0.0,
    'y_val': 0.0,
    'z_val': 0.19065611064434052},
    'time_stamp': 1665264525014226944}
2022-10-09 00:28:58,912 - ServerLogger - INFO - Command received: Move Forward
2022-10-09 00:28:59,477 - ServerLogger - INFO - Command received: Move Forward
2022-10-09 00:28:59,676 - ServerLogger - INFO - State:
<MultirotorState> {   'collision': <CollisionInfo> {   'has_collided': False,
    'impact_point': <Vector3r> {   'x_val': 0.0,
    'y_val': 0.0,
    'z_val': 0.0},
    'normal': <Vector3r> {   'x_val': 0.0,
    'y_val': 0.0,
    'z_val': 0.0},
    'object_id': -1,
    'object_name': '',
    'penetration_depth': 0.0,
    'position': <Vector3r> {   'x_val': 0.0,
    'y_val': 0.0,
    'z_val': 0.0},
    'time_stamp': 0},
    'gps_location': <GeoPoint> {   'altitude': 121.81904602050781,
    'latitude': 47.6414680808809,
    'longitude': -122.14016504425251},
    'kinematics_estimated': <KinematicsState> {   'angular_acceleration': <Vector3r> {   'x_val': 0.0,
    'y_val': 0.0,
    'z_val': 0.0},
    'angular_velocity': <Vector3r> {   'x_val': 0.0,
    'y_val': 0.0,
    'z_val': 0.0},
    'linear_acceleration': <Vector3r> {   'x_val': 0.0,
    'y_val': 0.0,
    'z_val': 0.0},
    'linear_velocity': <Vector3r> {   'x_val': 0.0,
    'y_val': 0.0,
    'z_val': 0.0},
    'orientation': <Quaternionr> {   'w_val': 0.9999998807907104,
    'x_val': 0.0,
    'y_val': 0.0,
    'z_val': 0.0},
    'position': <Vector3r> {   'x_val': 0.0,
    'y_val': 0.0,
    'z_val': 0.19065611064434052}},
    'landed_state': 0,
    'rc_data': <RCData> {   'is_initialized': False,
    'is_valid': False,
    'left_z': 0.0,
    'pitch': 0.0,
    'right_z': 0.0,
    'roll': 0.0,
    'switches': 0,
    'throttle': 0.0,
    'timestamp': 0,
    'vendor_id': '',
    'yaw': 0.0},
    'timestamp': 1665264539516536320}
2022-10-09 00:28:59,676 - ServerLogger - INFO - Collision:
<CollisionInfo> {   'has_collided': False,
    'impact_point': <Vector3r> {   'x_val': -0.22481729090213776,
    'y_val': 0.31564638018608093,
    'z_val': 0.3930765390396118},
    'normal': <Vector3r> {   'x_val': -2.092225592775776e-08,
    'y_val': -2.0812269241332615e-08,
    'z_val': -1.0},
    'object_id': -1,
    'object_name': 'Landscape_0',
    'penetration_depth': 0.0,
    'position': <Vector3r> {   'x_val': 0.0,
    'y_val': 0.0,
    'z_val': 0.19065611064434052},
    'time_stamp': 1665264525014226944}
2022-10-09 00:29:00,693 - ServerLogger - INFO - State:
<MultirotorState> {   'collision': <CollisionInfo> {   'has_collided': False,
    'impact_point': <Vector3r> {   'x_val': 0.0,
    'y_val': 0.0,
    'z_val': 0.0},
    'normal': <Vector3r> {   'x_val': 0.0,
    'y_val': 0.0,
    'z_val': 0.0},
    'object_id': -1,
    'object_name': '',
    'penetration_depth': 0.0,
    'position': <Vector3r> {   'x_val': 0.0,
    'y_val': 0.0,
    'z_val': 0.0},
    'time_stamp': 0},
    'gps_location': <GeoPoint> {   'altitude': 121.81904602050781,
    'latitude': 47.6414680808809,
    'longitude': -122.14016504425251},
    'kinematics_estimated': <KinematicsState> {   'angular_acceleration': <Vector3r> {   'x_val': 0.0,
    'y_val': 0.0,
    'z_val': 0.0},
    'angular_velocity': <Vector3r> {   'x_val': 0.0,
    'y_val': 0.0,
    'z_val': 0.0},
    'linear_acceleration': <Vector3r> {   'x_val': 0.0,
    'y_val': 0.0,
    'z_val': 0.0},
    'linear_velocity': <Vector3r> {   'x_val': 0.0,
    'y_val': 0.0,
    'z_val': 0.0},
    'orientation': <Quaternionr> {   'w_val': 0.9999998807907104,
    'x_val': 0.0,
    'y_val': 0.0,
    'z_val': 0.0},
    'position': <Vector3r> {   'x_val': 0.0,
    'y_val': 0.0,
    'z_val': 0.19065611064434052}},
    'landed_state': 0,
    'rc_data': <RCData> {   'is_initialized': False,
    'is_valid': False,
    'left_z': 0.0,
    'pitch': 0.0,
    'right_z': 0.0,
    'roll': 0.0,
    'switches': 0,
    'throttle': 0.0,
    'timestamp': 0,
    'vendor_id': '',
    'yaw': 0.0},
    'timestamp': 1665264540527557888}
2022-10-09 00:29:00,693 - ServerLogger - INFO - Collision:
<CollisionInfo> {   'has_collided': False,
    'impact_point': <Vector3r> {   'x_val': -0.22481729090213776,
    'y_val': 0.31564638018608093,
    'z_val': 0.3930765390396118},
    'normal': <Vector3r> {   'x_val': -2.092225592775776e-08,
    'y_val': -2.0812269241332615e-08,
    'z_val': -1.0},
    'object_id': -1,
    'object_name': 'Landscape_0',
    'penetration_depth': 0.0,
    'position': <Vector3r> {   'x_val': 0.0,
    'y_val': 0.0,
    'z_val': 0.19065611064434052},
    'time_stamp': 1665264525014226944}
2022-10-09 00:29:01,422 - ServerLogger - INFO - Command received: Move Back
2022-10-09 00:29:01,709 - ServerLogger - INFO - State:
<MultirotorState> {   'collision': <CollisionInfo> {   'has_collided': False,
    'impact_point': <Vector3r> {   'x_val': 0.0,
    'y_val': 0.0,
    'z_val': 0.0},
    'normal': <Vector3r> {   'x_val': 0.0,
    'y_val': 0.0,
    'z_val': 0.0},
    'object_id': -1,
    'object_name': '',
    'penetration_depth': 0.0,
    'position': <Vector3r> {   'x_val': 0.0,
    'y_val': 0.0,
    'z_val': 0.0},
    'time_stamp': 0},
    'gps_location': <GeoPoint> {   'altitude': 121.81904602050781,
    'latitude': 47.6414680808809,
    'longitude': -122.14016504425251},
    'kinematics_estimated': <KinematicsState> {   'angular_acceleration': <Vector3r> {   'x_val': 0.0,
    'y_val': 0.0,
    'z_val': 0.0},
    'angular_velocity': <Vector3r> {   'x_val': 0.0,
    'y_val': 0.0,
    'z_val': 0.0},
    'linear_acceleration': <Vector3r> {   'x_val': 0.0,
    'y_val': 0.0,
    'z_val': 0.0},
    'linear_velocity': <Vector3r> {   'x_val': 0.0,
    'y_val': 0.0,
    'z_val': 0.0},
    'orientation': <Quaternionr> {   'w_val': 0.9999998807907104,
    'x_val': 0.0,
    'y_val': 0.0,
    'z_val': 0.0},
    'position': <Vector3r> {   'x_val': 0.0,
    'y_val': 0.0,
    'z_val': 0.19065611064434052}},
    'landed_state': 0,
    'rc_data': <RCData> {   'is_initialized': False,
    'is_valid': False,
    'left_z': 0.0,
    'pitch': 0.0,
    'right_z': 0.0,
    'roll': 0.0,
    'switches': 0,
    'throttle': 0.0,
    'timestamp': 0,
    'vendor_id': '',
    'yaw': 0.0},
    'timestamp': 1665264541544579584}
2022-10-09 00:29:01,709 - ServerLogger - INFO - Collision:
<CollisionInfo> {   'has_collided': False,
    'impact_point': <Vector3r> {   'x_val': -0.22481729090213776,
    'y_val': 0.31564638018608093,
    'z_val': 0.3930765390396118},
    'normal': <Vector3r> {   'x_val': -2.092225592775776e-08,
    'y_val': -2.0812269241332615e-08,
    'z_val': -1.0},
    'object_id': -1,
    'object_name': 'Landscape_0',
    'penetration_depth': 0.0,
    'position': <Vector3r> {   'x_val': 0.0,
    'y_val': 0.0,
    'z_val': 0.19065611064434052},
    'time_stamp': 1665264525014226944}
2022-10-09 00:29:01,928 - ServerLogger - INFO - Command received: Move Back
2022-10-09 00:29:01,959 - ServerLogger - INFO - Command received: Move Back
2022-10-09 00:29:01,990 - ServerLogger - INFO - Command received: Move Back
2022-10-09 00:29:02,021 - ServerLogger - INFO - Command received: Move Back
2022-10-09 00:29:02,054 - ServerLogger - INFO - Command received: Move Back
2022-10-09 00:29:02,501 - ServerLogger - INFO - Command received: Move Forward
2022-10-09 00:29:02,713 - ServerLogger - INFO - State:
<MultirotorState> {   'collision': <CollisionInfo> {   'has_collided': False,
    'impact_point': <Vector3r> {   'x_val': 0.0,
    'y_val': 0.0,
    'z_val': 0.0},
    'normal': <Vector3r> {   'x_val': 0.0,
    'y_val': 0.0,
    'z_val': 0.0},
    'object_id': -1,
    'object_name': '',
    'penetration_depth': 0.0,
    'position': <Vector3r> {   'x_val': 0.0,
    'y_val': 0.0,
    'z_val': 0.0},
    'time_stamp': 0},
    'gps_location': <GeoPoint> {   'altitude': 121.81904602050781,
    'latitude': 47.6414680808809,
    'longitude': -122.14016504425251},
    'kinematics_estimated': <KinematicsState> {   'angular_acceleration': <Vector3r> {   'x_val': 0.0,
    'y_val': 0.0,
    'z_val': 0.0},
    'angular_velocity': <Vector3r> {   'x_val': 0.0,
    'y_val': 0.0,
    'z_val': 0.0},
    'linear_acceleration': <Vector3r> {   'x_val': 0.0,
    'y_val': 0.0,
    'z_val': 0.0},
    'linear_velocity': <Vector3r> {   'x_val': 0.0,
    'y_val': 0.0,
    'z_val': 0.0},
    'orientation': <Quaternionr> {   'w_val': 0.9999998807907104,
    'x_val': 0.0,
    'y_val': 0.0,
    'z_val': 0.0},
    'position': <Vector3r> {   'x_val': 0.0,
    'y_val': 0.0,
    'z_val': 0.19065611064434052}},
    'landed_state': 0,
    'rc_data': <RCData> {   'is_initialized': False,
    'is_valid': False,
    'left_z': 0.0,
    'pitch': 0.0,
    'right_z': 0.0,
    'roll': 0.0,
    'switches': 0,
    'throttle': 0.0,
    'timestamp': 0,
    'vendor_id': '',
    'yaw': 0.0},
    'timestamp': 1665264542546600960}
2022-10-09 00:29:02,713 - ServerLogger - INFO - Collision:
<CollisionInfo> {   'has_collided': False,
    'impact_point': <Vector3r> {   'x_val': -0.22481729090213776,
    'y_val': 0.31564638018608093,
    'z_val': 0.3930765390396118},
    'normal': <Vector3r> {   'x_val': -2.092225592775776e-08,
    'y_val': -2.0812269241332615e-08,
    'z_val': -1.0},
    'object_id': -1,
    'object_name': 'Landscape_0',
    'penetration_depth': 0.0,
    'position': <Vector3r> {   'x_val': 0.0,
    'y_val': 0.0,
    'z_val': 0.19065611064434052},
    'time_stamp': 1665264525014226944}
2022-10-09 00:29:03,102 - ServerLogger - INFO - Command received: Move Right
2022-10-09 00:29:03,731 - ServerLogger - INFO - State:
<MultirotorState> {   'collision': <CollisionInfo> {   'has_collided': False,
    'impact_point': <Vector3r> {   'x_val': 0.0,
    'y_val': 0.0,
    'z_val': 0.0},
    'normal': <Vector3r> {   'x_val': 0.0,
    'y_val': 0.0,
    'z_val': 0.0},
    'object_id': -1,
    'object_name': '',
    'penetration_depth': 0.0,
    'position': <Vector3r> {   'x_val': 0.0,
    'y_val': 0.0,
    'z_val': 0.0},
    'time_stamp': 0},
    'gps_location': <GeoPoint> {   'altitude': 121.81904602050781,
    'latitude': 47.6414680808809,
    'longitude': -122.14016504425251},
    'kinematics_estimated': <KinematicsState> {   'angular_acceleration': <Vector3r> {   'x_val': 0.0,
    'y_val': 0.0,
    'z_val': 0.0},
    'angular_velocity': <Vector3r> {   'x_val': 0.0,
    'y_val': 0.0,
    'z_val': 0.0},
    'linear_acceleration': <Vector3r> {   'x_val': 0.0,
    'y_val': 0.0,
    'z_val': 0.0},
    'linear_velocity': <Vector3r> {   'x_val': 0.0,
    'y_val': 0.0,
    'z_val': 0.0},
    'orientation': <Quaternionr> {   'w_val': 0.9999998807907104,
    'x_val': 0.0,
    'y_val': 0.0,
    'z_val': 0.0},
    'position': <Vector3r> {   'x_val': 0.0,
    'y_val': 0.0,
    'z_val': 0.19065611064434052}},
    'landed_state': 0,
    'rc_data': <RCData> {   'is_initialized': False,
    'is_valid': False,
    'left_z': 0.0,
    'pitch': 0.0,
    'right_z': 0.0,
    'roll': 0.0,
    'switches': 0,
    'throttle': 0.0,
    'timestamp': 0,
    'vendor_id': '',
    'yaw': 0.0},
    'timestamp': 1665264543563622656}
2022-10-09 00:29:03,731 - ServerLogger - INFO - Collision:
<CollisionInfo> {   'has_collided': False,
    'impact_point': <Vector3r> {   'x_val': -0.22481729090213776,
    'y_val': 0.31564638018608093,
    'z_val': 0.3930765390396118},
    'normal': <Vector3r> {   'x_val': -2.092225592775776e-08,
    'y_val': -2.0812269241332615e-08,
    'z_val': -1.0},
    'object_id': -1,
    'object_name': 'Landscape_0',
    'penetration_depth': 0.0,
    'position': <Vector3r> {   'x_val': 0.0,
    'y_val': 0.0,
    'z_val': 0.19065611064434052},
    'time_stamp': 1665264525014226944}
2022-10-09 00:29:04,450 - ServerLogger - INFO - Command received: Move Forward
2022-10-09 00:29:04,750 - ServerLogger - INFO - State:
<MultirotorState> {   'collision': <CollisionInfo> {   'has_collided': False,
    'impact_point': <Vector3r> {   'x_val': 0.0,
    'y_val': 0.0,
    'z_val': 0.0},
    'normal': <Vector3r> {   'x_val': 0.0,
    'y_val': 0.0,
    'z_val': 0.0},
    'object_id': -1,
    'object_name': '',
    'penetration_depth': 0.0,
    'position': <Vector3r> {   'x_val': 0.0,
    'y_val': 0.0,
    'z_val': 0.0},
    'time_stamp': 0},
    'gps_location': <GeoPoint> {   'altitude': 121.81904602050781,
    'latitude': 47.6414680808809,
    'longitude': -122.14016504425251},
    'kinematics_estimated': <KinematicsState> {   'angular_acceleration': <Vector3r> {   'x_val': 0.0,
    'y_val': 0.0,
    'z_val': 0.0},
    'angular_velocity': <Vector3r> {   'x_val': 0.0,
    'y_val': 0.0,
    'z_val': 0.0},
    'linear_acceleration': <Vector3r> {   'x_val': 0.0,
    'y_val': 0.0,
    'z_val': 0.0},
    'linear_velocity': <Vector3r> {   'x_val': 0.0,
    'y_val': 0.0,
    'z_val': 0.0},
    'orientation': <Quaternionr> {   'w_val': 0.9999998807907104,
    'x_val': 0.0,
    'y_val': 0.0,
    'z_val': 0.0},
    'position': <Vector3r> {   'x_val': 0.0,
    'y_val': 0.0,
    'z_val': 0.19065611064434052}},
    'landed_state': 0,
    'rc_data': <RCData> {   'is_initialized': False,
    'is_valid': False,
    'left_z': 0.0,
    'pitch': 0.0,
    'right_z': 0.0,
    'roll': 0.0,
    'switches': 0,
    'throttle': 0.0,
    'timestamp': 0,
    'vendor_id': '',
    'yaw': 0.0},
    'timestamp': 1665264544583644416}
2022-10-09 00:29:04,750 - ServerLogger - INFO - Collision:
<CollisionInfo> {   'has_collided': False,
    'impact_point': <Vector3r> {   'x_val': -0.22481729090213776,
    'y_val': 0.31564638018608093,
    'z_val': 0.3930765390396118},
    'normal': <Vector3r> {   'x_val': -2.092225592775776e-08,
    'y_val': -2.0812269241332615e-08,
    'z_val': -1.0},
    'object_id': -1,
    'object_name': 'Landscape_0',
    'penetration_depth': 0.0,
    'position': <Vector3r> {   'x_val': 0.0,
    'y_val': 0.0,
    'z_val': 0.19065611064434052},
    'time_stamp': 1665264525014226944}
2022-10-09 00:29:04,952 - ServerLogger - INFO - Command received: Move Forward
2022-10-09 00:29:04,984 - ServerLogger - INFO - Command received: Move Forward
2022-10-09 00:29:05,015 - ServerLogger - INFO - Command received: Move Forward
2022-10-09 00:29:05,062 - ServerLogger - INFO - Command received: Move Forward
2022-10-09 00:29:05,093 - ServerLogger - INFO - Command received: Move Forward
2022-10-09 00:29:05,125 - ServerLogger - INFO - Command received: Move Forward
2022-10-09 00:29:05,155 - ServerLogger - INFO - Command received: Move Forward
2022-10-09 00:29:05,191 - ServerLogger - INFO - Command received: Move Forward
2022-10-09 00:29:05,219 - ServerLogger - INFO - Command received: Move Forward
2022-10-09 00:29:05,767 - ServerLogger - INFO - State:
<MultirotorState> {   'collision': <CollisionInfo> {   'has_collided': False,
    'impact_point': <Vector3r> {   'x_val': 0.0,
    'y_val': 0.0,
    'z_val': 0.0},
    'normal': <Vector3r> {   'x_val': 0.0,
    'y_val': 0.0,
    'z_val': 0.0},
    'object_id': -1,
    'object_name': '',
    'penetration_depth': 0.0,
    'position': <Vector3r> {   'x_val': 0.0,
    'y_val': 0.0,
    'z_val': 0.0},
    'time_stamp': 0},
    'gps_location': <GeoPoint> {   'altitude': 121.81904602050781,
    'latitude': 47.6414680808809,
    'longitude': -122.14016504425251},
    'kinematics_estimated': <KinematicsState> {   'angular_acceleration': <Vector3r> {   'x_val': 0.0,
    'y_val': 0.0,
    'z_val': 0.0},
    'angular_velocity': <Vector3r> {   'x_val': 0.0,
    'y_val': 0.0,
    'z_val': 0.0},
    'linear_acceleration': <Vector3r> {   'x_val': 0.0,
    'y_val': 0.0,
    'z_val': 0.0},
    'linear_velocity': <Vector3r> {   'x_val': 0.0,
    'y_val': 0.0,
    'z_val': 0.0},
    'orientation': <Quaternionr> {   'w_val': 0.9999998807907104,
    'x_val': 0.0,
    'y_val': 0.0,
    'z_val': 0.0},
    'position': <Vector3r> {   'x_val': 0.0,
    'y_val': 0.0,
    'z_val': 0.19065611064434052}},
    'landed_state': 0,
    'rc_data': <RCData> {   'is_initialized': False,
    'is_valid': False,
    'left_z': 0.0,
    'pitch': 0.0,
    'right_z': 0.0,
    'roll': 0.0,
    'switches': 0,
    'throttle': 0.0,
    'timestamp': 0,
    'vendor_id': '',
    'yaw': 0.0},
    'timestamp': 1665264545597666048}
2022-10-09 00:29:05,767 - ServerLogger - INFO - Collision:
<CollisionInfo> {   'has_collided': False,
    'impact_point': <Vector3r> {   'x_val': -0.22481729090213776,
    'y_val': 0.31564638018608093,
    'z_val': 0.3930765390396118},
    'normal': <Vector3r> {   'x_val': -2.092225592775776e-08,
    'y_val': -2.0812269241332615e-08,
    'z_val': -1.0},
    'object_id': -1,
    'object_name': 'Landscape_0',
    'penetration_depth': 0.0,
    'position': <Vector3r> {   'x_val': 0.0,
    'y_val': 0.0,
    'z_val': 0.19065611064434052},
    'time_stamp': 1665264525014226944}
2022-10-09 00:29:06,077 - ServerLogger - INFO - Command received: Move Forward
2022-10-09 00:29:06,785 - ServerLogger - INFO - State:
<MultirotorState> {   'collision': <CollisionInfo> {   'has_collided': False,
    'impact_point': <Vector3r> {   'x_val': 0.0,
    'y_val': 0.0,
    'z_val': 0.0},
    'normal': <Vector3r> {   'x_val': 0.0,
    'y_val': 0.0,
    'z_val': 0.0},
    'object_id': -1,
    'object_name': '',
    'penetration_depth': 0.0,
    'position': <Vector3r> {   'x_val': 0.0,
    'y_val': 0.0,
    'z_val': 0.0},
    'time_stamp': 0},
    'gps_location': <GeoPoint> {   'altitude': 121.81904602050781,
    'latitude': 47.6414680808809,
    'longitude': -122.14016504425251},
    'kinematics_estimated': <KinematicsState> {   'angular_acceleration': <Vector3r> {   'x_val': 0.0,
    'y_val': 0.0,
    'z_val': 0.0},
    'angular_velocity': <Vector3r> {   'x_val': 0.0,
    'y_val': 0.0,
    'z_val': 0.0},
    'linear_acceleration': <Vector3r> {   'x_val': 0.0,
    'y_val': 0.0,
    'z_val': 0.0},
    'linear_velocity': <Vector3r> {   'x_val': 0.0,
    'y_val': 0.0,
    'z_val': 0.0},
    'orientation': <Quaternionr> {   'w_val': 0.9999998807907104,
    'x_val': 0.0,
    'y_val': 0.0,
    'z_val': 0.0},
    'position': <Vector3r> {   'x_val': 0.0,
    'y_val': 0.0,
    'z_val': 0.19065611064434052}},
    'landed_state': 0,
    'rc_data': <RCData> {   'is_initialized': False,
    'is_valid': False,
    'left_z': 0.0,
    'pitch': 0.0,
    'right_z': 0.0,
    'roll': 0.0,
    'switches': 0,
    'throttle': 0.0,
    'timestamp': 0,
    'vendor_id': '',
    'yaw': 0.0},
    'timestamp': 1665264546614687744}
2022-10-09 00:29:06,786 - ServerLogger - INFO - Collision:
<CollisionInfo> {   'has_collided': False,
    'impact_point': <Vector3r> {   'x_val': -0.22481729090213776,
    'y_val': 0.31564638018608093,
    'z_val': 0.3930765390396118},
    'normal': <Vector3r> {   'x_val': -2.092225592775776e-08,
    'y_val': -2.0812269241332615e-08,
    'z_val': -1.0},
    'object_id': -1,
    'object_name': 'Landscape_0',
    'penetration_depth': 0.0,
    'position': <Vector3r> {   'x_val': 0.0,
    'y_val': 0.0,
    'z_val': 0.19065611064434052},
    'time_stamp': 1665264525014226944}
2022-10-09 00:29:06,896 - ServerLogger - INFO - Command received: Move Forward
2022-10-09 00:29:07,797 - ServerLogger - INFO - State:
<MultirotorState> {   'collision': <CollisionInfo> {   'has_collided': False,
    'impact_point': <Vector3r> {   'x_val': 0.0,
    'y_val': 0.0,
    'z_val': 0.0},
    'normal': <Vector3r> {   'x_val': 0.0,
    'y_val': 0.0,
    'z_val': 0.0},
    'object_id': -1,
    'object_name': '',
    'penetration_depth': 0.0,
    'position': <Vector3r> {   'x_val': 0.0,
    'y_val': 0.0,
    'z_val': 0.0},
    'time_stamp': 0},
    'gps_location': <GeoPoint> {   'altitude': 121.81904602050781,
    'latitude': 47.6414680808809,
    'longitude': -122.14016504425251},
    'kinematics_estimated': <KinematicsState> {   'angular_acceleration': <Vector3r> {   'x_val': 0.0,
    'y_val': 0.0,
    'z_val': 0.0},
    'angular_velocity': <Vector3r> {   'x_val': 0.0,
    'y_val': 0.0,
    'z_val': 0.0},
    'linear_acceleration': <Vector3r> {   'x_val': 0.0,
    'y_val': 0.0,
    'z_val': 0.0},
    'linear_velocity': <Vector3r> {   'x_val': 0.0,
    'y_val': 0.0,
    'z_val': 0.0},
    'orientation': <Quaternionr> {   'w_val': 0.9999998807907104,
    'x_val': 0.0,
    'y_val': 0.0,
    'z_val': 0.0},
    'position': <Vector3r> {   'x_val': 0.0,
    'y_val': 0.0,
    'z_val': 0.19065611064434052}},
    'landed_state': 0,
    'rc_data': <RCData> {   'is_initialized': False,
    'is_valid': False,
    'left_z': 0.0,
    'pitch': 0.0,
    'right_z': 0.0,
    'roll': 0.0,
    'switches': 0,
    'throttle': 0.0,
    'timestamp': 0,
    'vendor_id': '',
    'yaw': 0.0},
    'timestamp': 1665264547628709376}
2022-10-09 00:29:07,798 - ServerLogger - INFO - Collision:
<CollisionInfo> {   'has_collided': False,
    'impact_point': <Vector3r> {   'x_val': -0.22481729090213776,
    'y_val': 0.31564638018608093,
    'z_val': 0.3930765390396118},
    'normal': <Vector3r> {   'x_val': -2.092225592775776e-08,
    'y_val': -2.0812269241332615e-08,
    'z_val': -1.0},
    'object_id': -1,
    'object_name': 'Landscape_0',
    'penetration_depth': 0.0,
    'position': <Vector3r> {   'x_val': 0.0,
    'y_val': 0.0,
    'z_val': 0.19065611064434052},
    'time_stamp': 1665264525014226944}
2022-10-09 00:29:08,237 - ServerLogger - INFO - Command received: Move Forward
2022-10-09 00:29:08,812 - ServerLogger - INFO - State:
<MultirotorState> {   'collision': <CollisionInfo> {   'has_collided': False,
    'impact_point': <Vector3r> {   'x_val': 0.0,
    'y_val': 0.0,
    'z_val': 0.0},
    'normal': <Vector3r> {   'x_val': 0.0,
    'y_val': 0.0,
    'z_val': 0.0},
    'object_id': -1,
    'object_name': '',
    'penetration_depth': 0.0,
    'position': <Vector3r> {   'x_val': 0.0,
    'y_val': 0.0,
    'z_val': 0.0},
    'time_stamp': 0},
    'gps_location': <GeoPoint> {   'altitude': 121.81904602050781,
    'latitude': 47.6414680808809,
    'longitude': -122.14016504425251},
    'kinematics_estimated': <KinematicsState> {   'angular_acceleration': <Vector3r> {   'x_val': 0.0,
    'y_val': 0.0,
    'z_val': 0.0},
    'angular_velocity': <Vector3r> {   'x_val': 0.0,
    'y_val': 0.0,
    'z_val': 0.0},
    'linear_acceleration': <Vector3r> {   'x_val': 0.0,
    'y_val': 0.0,
    'z_val': 0.0},
    'linear_velocity': <Vector3r> {   'x_val': 0.0,
    'y_val': 0.0,
    'z_val': 0.0},
    'orientation': <Quaternionr> {   'w_val': 0.9999998807907104,
    'x_val': 0.0,
    'y_val': 0.0,
    'z_val': 0.0},
    'position': <Vector3r> {   'x_val': 0.0,
    'y_val': 0.0,
    'z_val': 0.19065611064434052}},
    'landed_state': 0,
    'rc_data': <RCData> {   'is_initialized': False,
    'is_valid': False,
    'left_z': 0.0,
    'pitch': 0.0,
    'right_z': 0.0,
    'roll': 0.0,
    'switches': 0,
    'throttle': 0.0,
    'timestamp': 0,
    'vendor_id': '',
    'yaw': 0.0},
    'timestamp': 1665264548642731008}
2022-10-09 00:29:08,813 - ServerLogger - INFO - Collision:
<CollisionInfo> {   'has_collided': False,
    'impact_point': <Vector3r> {   'x_val': -0.22481729090213776,
    'y_val': 0.31564638018608093,
    'z_val': 0.3930765390396118},
    'normal': <Vector3r> {   'x_val': -2.092225592775776e-08,
    'y_val': -2.0812269241332615e-08,
    'z_val': -1.0},
    'object_id': -1,
    'object_name': 'Landscape_0',
    'penetration_depth': 0.0,
    'position': <Vector3r> {   'x_val': 0.0,
    'y_val': 0.0,
    'z_val': 0.19065611064434052},
    'time_stamp': 1665264525014226944}
2022-10-09 00:29:09,038 - ServerLogger - INFO - Command received: Move Left
2022-10-09 00:29:09,565 - ServerLogger - INFO - Command received: Move Left
2022-10-09 00:29:09,828 - ServerLogger - INFO - State:
<MultirotorState> {   'collision': <CollisionInfo> {   'has_collided': False,
    'impact_point': <Vector3r> {   'x_val': 0.0,
    'y_val': 0.0,
    'z_val': 0.0},
    'normal': <Vector3r> {   'x_val': 0.0,
    'y_val': 0.0,
    'z_val': 0.0},
    'object_id': -1,
    'object_name': '',
    'penetration_depth': 0.0,
    'position': <Vector3r> {   'x_val': 0.0,
    'y_val': 0.0,
    'z_val': 0.0},
    'time_stamp': 0},
    'gps_location': <GeoPoint> {   'altitude': 121.81904602050781,
    'latitude': 47.6414680808809,
    'longitude': -122.14016504425251},
    'kinematics_estimated': <KinematicsState> {   'angular_acceleration': <Vector3r> {   'x_val': 0.0,
    'y_val': 0.0,
    'z_val': 0.0},
    'angular_velocity': <Vector3r> {   'x_val': 0.0,
    'y_val': 0.0,
    'z_val': 0.0},
    'linear_acceleration': <Vector3r> {   'x_val': 0.0,
    'y_val': 0.0,
    'z_val': 0.0},
    'linear_velocity': <Vector3r> {   'x_val': 0.0,
    'y_val': 0.0,
    'z_val': 0.0},
    'orientation': <Quaternionr> {   'w_val': 0.9999998807907104,
    'x_val': 0.0,
    'y_val': 0.0,
    'z_val': 0.0},
    'position': <Vector3r> {   'x_val': 0.0,
    'y_val': 0.0,
    'z_val': 0.19065611064434052}},
    'landed_state': 0,
    'rc_data': <RCData> {   'is_initialized': False,
    'is_valid': False,
    'left_z': 0.0,
    'pitch': 0.0,
    'right_z': 0.0,
    'roll': 0.0,
    'switches': 0,
    'throttle': 0.0,
    'timestamp': 0,
    'vendor_id': '',
    'yaw': 0.0},
    'timestamp': 1665264549656752640}
2022-10-09 00:29:09,828 - ServerLogger - INFO - Collision:
<CollisionInfo> {   'has_collided': False,
    'impact_point': <Vector3r> {   'x_val': -0.22481729090213776,
    'y_val': 0.31564638018608093,
    'z_val': 0.3930765390396118},
    'normal': <Vector3r> {   'x_val': -2.092225592775776e-08,
    'y_val': -2.0812269241332615e-08,
    'z_val': -1.0},
    'object_id': -1,
    'object_name': 'Landscape_0',
    'penetration_depth': 0.0,
    'position': <Vector3r> {   'x_val': 0.0,
    'y_val': 0.0,
    'z_val': 0.19065611064434052},
    'time_stamp': 1665264525014226944}
2022-10-09 00:29:10,510 - ServerLogger - INFO - Command received: Move Forward
2022-10-09 00:29:10,845 - ServerLogger - INFO - State:
<MultirotorState> {   'collision': <CollisionInfo> {   'has_collided': False,
    'impact_point': <Vector3r> {   'x_val': 0.0,
    'y_val': 0.0,
    'z_val': 0.0},
    'normal': <Vector3r> {   'x_val': 0.0,
    'y_val': 0.0,
    'z_val': 0.0},
    'object_id': -1,
    'object_name': '',
    'penetration_depth': 0.0,
    'position': <Vector3r> {   'x_val': 0.0,
    'y_val': 0.0,
    'z_val': 0.0},
    'time_stamp': 0},
    'gps_location': <GeoPoint> {   'altitude': 121.81904602050781,
    'latitude': 47.6414680808809,
    'longitude': -122.14016504425251},
    'kinematics_estimated': <KinematicsState> {   'angular_acceleration': <Vector3r> {   'x_val': 0.0,
    'y_val': 0.0,
    'z_val': 0.0},
    'angular_velocity': <Vector3r> {   'x_val': 0.0,
    'y_val': 0.0,
    'z_val': 0.0},
    'linear_acceleration': <Vector3r> {   'x_val': 0.0,
    'y_val': 0.0,
    'z_val': 0.0},
    'linear_velocity': <Vector3r> {   'x_val': 0.0,
    'y_val': 0.0,
    'z_val': 0.0},
    'orientation': <Quaternionr> {   'w_val': 0.9999998807907104,
    'x_val': 0.0,
    'y_val': 0.0,
    'z_val': 0.0},
    'position': <Vector3r> {   'x_val': 0.0,
    'y_val': 0.0,
    'z_val': 0.19065611064434052}},
    'landed_state': 0,
    'rc_data': <RCData> {   'is_initialized': False,
    'is_valid': False,
    'left_z': 0.0,
    'pitch': 0.0,
    'right_z': 0.0,
    'roll': 0.0,
    'switches': 0,
    'throttle': 0.0,
    'timestamp': 0,
    'vendor_id': '',
    'yaw': 0.0},
    'timestamp': 1665264550673774336}
2022-10-09 00:29:10,845 - ServerLogger - INFO - Collision:
<CollisionInfo> {   'has_collided': False,
    'impact_point': <Vector3r> {   'x_val': -0.22481729090213776,
    'y_val': 0.31564638018608093,
    'z_val': 0.3930765390396118},
    'normal': <Vector3r> {   'x_val': -2.092225592775776e-08,
    'y_val': -2.0812269241332615e-08,
    'z_val': -1.0},
    'object_id': -1,
    'object_name': 'Landscape_0',
    'penetration_depth': 0.0,
    'position': <Vector3r> {   'x_val': 0.0,
    'y_val': 0.0,
    'z_val': 0.19065611064434052},
    'time_stamp': 1665264525014226944}
2022-10-09 00:29:11,189 - ServerLogger - INFO - Command received: Move Right
2022-10-09 00:29:11,861 - ServerLogger - INFO - State:
<MultirotorState> {   'collision': <CollisionInfo> {   'has_collided': False,
    'impact_point': <Vector3r> {   'x_val': 0.0,
    'y_val': 0.0,
    'z_val': 0.0},
    'normal': <Vector3r> {   'x_val': 0.0,
    'y_val': 0.0,
    'z_val': 0.0},
    'object_id': -1,
    'object_name': '',
    'penetration_depth': 0.0,
    'position': <Vector3r> {   'x_val': 0.0,
    'y_val': 0.0,
    'z_val': 0.0},
    'time_stamp': 0},
    'gps_location': <GeoPoint> {   'altitude': 121.81904602050781,
    'latitude': 47.6414680808809,
    'longitude': -122.14016504425251},
    'kinematics_estimated': <KinematicsState> {   'angular_acceleration': <Vector3r> {   'x_val': 0.0,
    'y_val': 0.0,
    'z_val': 0.0},
    'angular_velocity': <Vector3r> {   'x_val': 0.0,
    'y_val': 0.0,
    'z_val': 0.0},
    'linear_acceleration': <Vector3r> {   'x_val': 0.0,
    'y_val': 0.0,
    'z_val': 0.0},
    'linear_velocity': <Vector3r> {   'x_val': 0.0,
    'y_val': 0.0,
    'z_val': 0.0},
    'orientation': <Quaternionr> {   'w_val': 0.9999998807907104,
    'x_val': 0.0,
    'y_val': 0.0,
    'z_val': 0.0},
    'position': <Vector3r> {   'x_val': 0.0,
    'y_val': 0.0,
    'z_val': 0.19065611064434052}},
    'landed_state': 0,
    'rc_data': <RCData> {   'is_initialized': False,
    'is_valid': False,
    'left_z': 0.0,
    'pitch': 0.0,
    'right_z': 0.0,
    'roll': 0.0,
    'switches': 0,
    'throttle': 0.0,
    'timestamp': 0,
    'vendor_id': '',
    'yaw': 0.0},
    'timestamp': 1665264551687795968}
2022-10-09 00:29:11,861 - ServerLogger - INFO - Collision:
<CollisionInfo> {   'has_collided': False,
    'impact_point': <Vector3r> {   'x_val': -0.22481729090213776,
    'y_val': 0.31564638018608093,
    'z_val': 0.3930765390396118},
    'normal': <Vector3r> {   'x_val': -2.092225592775776e-08,
    'y_val': -2.0812269241332615e-08,
    'z_val': -1.0},
    'object_id': -1,
    'object_name': 'Landscape_0',
    'penetration_depth': 0.0,
    'position': <Vector3r> {   'x_val': 0.0,
    'y_val': 0.0,
    'z_val': 0.19065611064434052},
    'time_stamp': 1665264525014226944}
2022-10-09 00:29:12,874 - ServerLogger - INFO - State:
<MultirotorState> {   'collision': <CollisionInfo> {   'has_collided': False,
    'impact_point': <Vector3r> {   'x_val': 0.0,
    'y_val': 0.0,
    'z_val': 0.0},
    'normal': <Vector3r> {   'x_val': 0.0,
    'y_val': 0.0,
    'z_val': 0.0},
    'object_id': -1,
    'object_name': '',
    'penetration_depth': 0.0,
    'position': <Vector3r> {   'x_val': 0.0,
    'y_val': 0.0,
    'z_val': 0.0},
    'time_stamp': 0},
    'gps_location': <GeoPoint> {   'altitude': 121.81904602050781,
    'latitude': 47.6414680808809,
    'longitude': -122.14016504425251},
    'kinematics_estimated': <KinematicsState> {   'angular_acceleration': <Vector3r> {   'x_val': 0.0,
    'y_val': 0.0,
    'z_val': 0.0},
    'angular_velocity': <Vector3r> {   'x_val': 0.0,
    'y_val': 0.0,
    'z_val': 0.0},
    'linear_acceleration': <Vector3r> {   'x_val': 0.0,
    'y_val': 0.0,
    'z_val': 0.0},
    'linear_velocity': <Vector3r> {   'x_val': 0.0,
    'y_val': 0.0,
    'z_val': 0.0},
    'orientation': <Quaternionr> {   'w_val': 0.9999998807907104,
    'x_val': 0.0,
    'y_val': 0.0,
    'z_val': 0.0},
    'position': <Vector3r> {   'x_val': 0.0,
    'y_val': 0.0,
    'z_val': 0.19065611064434052}},
    'landed_state': 0,
    'rc_data': <RCData> {   'is_initialized': False,
    'is_valid': False,
    'left_z': 0.0,
    'pitch': 0.0,
    'right_z': 0.0,
    'roll': 0.0,
    'switches': 0,
    'throttle': 0.0,
    'timestamp': 0,
    'vendor_id': '',
    'yaw': 0.0},
    'timestamp': 1665264552695817472}
2022-10-09 00:29:12,874 - ServerLogger - INFO - Collision:
<CollisionInfo> {   'has_collided': False,
    'impact_point': <Vector3r> {   'x_val': -0.22481729090213776,
    'y_val': 0.31564638018608093,
    'z_val': 0.3930765390396118},
    'normal': <Vector3r> {   'x_val': -2.092225592775776e-08,
    'y_val': -2.0812269241332615e-08,
    'z_val': -1.0},
    'object_id': -1,
    'object_name': 'Landscape_0',
    'penetration_depth': 0.0,
    'position': <Vector3r> {   'x_val': 0.0,
    'y_val': 0.0,
    'z_val': 0.19065611064434052},
    'time_stamp': 1665264525014226944}
2022-10-09 00:29:13,144 - ServerLogger - INFO - Command received: Move Right
2022-10-09 00:29:13,889 - ServerLogger - INFO - State:
<MultirotorState> {   'collision': <CollisionInfo> {   'has_collided': False,
    'impact_point': <Vector3r> {   'x_val': 0.0,
    'y_val': 0.0,
    'z_val': 0.0},
    'normal': <Vector3r> {   'x_val': 0.0,
    'y_val': 0.0,
    'z_val': 0.0},
    'object_id': -1,
    'object_name': '',
    'penetration_depth': 0.0,
    'position': <Vector3r> {   'x_val': 0.0,
    'y_val': 0.0,
    'z_val': 0.0},
    'time_stamp': 0},
    'gps_location': <GeoPoint> {   'altitude': 121.81904602050781,
    'latitude': 47.6414680808809,
    'longitude': -122.14016504425251},
    'kinematics_estimated': <KinematicsState> {   'angular_acceleration': <Vector3r> {   'x_val': 0.0,
    'y_val': 0.0,
    'z_val': 0.0},
    'angular_velocity': <Vector3r> {   'x_val': 0.0,
    'y_val': 0.0,
    'z_val': 0.0},
    'linear_acceleration': <Vector3r> {   'x_val': 0.0,
    'y_val': 0.0,
    'z_val': 0.0},
    'linear_velocity': <Vector3r> {   'x_val': 0.0,
    'y_val': 0.0,
    'z_val': 0.0},
    'orientation': <Quaternionr> {   'w_val': 0.9999998807907104,
    'x_val': 0.0,
    'y_val': 0.0,
    'z_val': 0.0},
    'position': <Vector3r> {   'x_val': 0.0,
    'y_val': 0.0,
    'z_val': 0.19065611064434052}},
    'landed_state': 0,
    'rc_data': <RCData> {   'is_initialized': False,
    'is_valid': False,
    'left_z': 0.0,
    'pitch': 0.0,
    'right_z': 0.0,
    'roll': 0.0,
    'switches': 0,
    'throttle': 0.0,
    'timestamp': 0,
    'vendor_id': '',
    'yaw': 0.0},
    'timestamp': 1665264553709839104}
2022-10-09 00:29:13,889 - ServerLogger - INFO - Collision:
<CollisionInfo> {   'has_collided': False,
    'impact_point': <Vector3r> {   'x_val': -0.22481729090213776,
    'y_val': 0.31564638018608093,
    'z_val': 0.3930765390396118},
    'normal': <Vector3r> {   'x_val': -2.092225592775776e-08,
    'y_val': -2.0812269241332615e-08,
    'z_val': -1.0},
    'object_id': -1,
    'object_name': 'Landscape_0',
    'penetration_depth': 0.0,
    'position': <Vector3r> {   'x_val': 0.0,
    'y_val': 0.0,
    'z_val': 0.19065611064434052},
    'time_stamp': 1665264525014226944}
2022-10-09 00:29:14,658 - ServerLogger - INFO - Command received: Move Left
2022-10-09 00:29:14,901 - ServerLogger - INFO - State:
<MultirotorState> {   'collision': <CollisionInfo> {   'has_collided': False,
    'impact_point': <Vector3r> {   'x_val': 0.0,
    'y_val': 0.0,
    'z_val': 0.0},
    'normal': <Vector3r> {   'x_val': 0.0,
    'y_val': 0.0,
    'z_val': 0.0},
    'object_id': -1,
    'object_name': '',
    'penetration_depth': 0.0,
    'position': <Vector3r> {   'x_val': 0.0,
    'y_val': 0.0,
    'z_val': 0.0},
    'time_stamp': 0},
    'gps_location': <GeoPoint> {   'altitude': 121.81904602050781,
    'latitude': 47.6414680808809,
    'longitude': -122.14016504425251},
    'kinematics_estimated': <KinematicsState> {   'angular_acceleration': <Vector3r> {   'x_val': 0.0,
    'y_val': 0.0,
    'z_val': 0.0},
    'angular_velocity': <Vector3r> {   'x_val': 0.0,
    'y_val': 0.0,
    'z_val': 0.0},
    'linear_acceleration': <Vector3r> {   'x_val': 0.0,
    'y_val': 0.0,
    'z_val': 0.0},
    'linear_velocity': <Vector3r> {   'x_val': 0.0,
    'y_val': 0.0,
    'z_val': 0.0},
    'orientation': <Quaternionr> {   'w_val': 0.9999998807907104,
    'x_val': 0.0,
    'y_val': 0.0,
    'z_val': 0.0},
    'position': <Vector3r> {   'x_val': 0.0,
    'y_val': 0.0,
    'z_val': 0.19065611064434052}},
    'landed_state': 0,
    'rc_data': <RCData> {   'is_initialized': False,
    'is_valid': False,
    'left_z': 0.0,
    'pitch': 0.0,
    'right_z': 0.0,
    'roll': 0.0,
    'switches': 0,
    'throttle': 0.0,
    'timestamp': 0,
    'vendor_id': '',
    'yaw': 0.0},
    'timestamp': 1665264554720860672}
2022-10-09 00:29:14,901 - ServerLogger - INFO - Collision:
<CollisionInfo> {   'has_collided': False,
    'impact_point': <Vector3r> {   'x_val': -0.22481729090213776,
    'y_val': 0.31564638018608093,
    'z_val': 0.3930765390396118},
    'normal': <Vector3r> {   'x_val': -2.092225592775776e-08,
    'y_val': -2.0812269241332615e-08,
    'z_val': -1.0},
    'object_id': -1,
    'object_name': 'Landscape_0',
    'penetration_depth': 0.0,
    'position': <Vector3r> {   'x_val': 0.0,
    'y_val': 0.0,
    'z_val': 0.19065611064434052},
    'time_stamp': 1665264525014226944}
2022-10-09 00:29:15,390 - ServerLogger - INFO - Command received: Move Forward
2022-10-09 00:29:15,897 - ServerLogger - INFO - Command received: Move Forward
2022-10-09 00:29:15,914 - ServerLogger - INFO - State:
<MultirotorState> {   'collision': <CollisionInfo> {   'has_collided': False,
    'impact_point': <Vector3r> {   'x_val': 0.0,
    'y_val': 0.0,
    'z_val': 0.0},
    'normal': <Vector3r> {   'x_val': 0.0,
    'y_val': 0.0,
    'z_val': 0.0},
    'object_id': -1,
    'object_name': '',
    'penetration_depth': 0.0,
    'position': <Vector3r> {   'x_val': 0.0,
    'y_val': 0.0,
    'z_val': 0.0},
    'time_stamp': 0},
    'gps_location': <GeoPoint> {   'altitude': 121.81904602050781,
    'latitude': 47.6414680808809,
    'longitude': -122.14016504425251},
    'kinematics_estimated': <KinematicsState> {   'angular_acceleration': <Vector3r> {   'x_val': 0.0,
    'y_val': 0.0,
    'z_val': 0.0},
    'angular_velocity': <Vector3r> {   'x_val': 0.0,
    'y_val': 0.0,
    'z_val': 0.0},
    'linear_acceleration': <Vector3r> {   'x_val': 0.0,
    'y_val': 0.0,
    'z_val': 0.0},
    'linear_velocity': <Vector3r> {   'x_val': 0.0,
    'y_val': 0.0,
    'z_val': 0.0},
    'orientation': <Quaternionr> {   'w_val': 0.9999998807907104,
    'x_val': 0.0,
    'y_val': 0.0,
    'z_val': 0.0},
    'position': <Vector3r> {   'x_val': 0.0,
    'y_val': 0.0,
    'z_val': 0.19065611064434052}},
    'landed_state': 0,
    'rc_data': <RCData> {   'is_initialized': False,
    'is_valid': False,
    'left_z': 0.0,
    'pitch': 0.0,
    'right_z': 0.0,
    'roll': 0.0,
    'switches': 0,
    'throttle': 0.0,
    'timestamp': 0,
    'vendor_id': '',
    'yaw': 0.0},
    'timestamp': 1665264555734882304}
2022-10-09 00:29:15,915 - ServerLogger - INFO - Collision:
<CollisionInfo> {   'has_collided': False,
    'impact_point': <Vector3r> {   'x_val': -0.22481729090213776,
    'y_val': 0.31564638018608093,
    'z_val': 0.3930765390396118},
    'normal': <Vector3r> {   'x_val': -2.092225592775776e-08,
    'y_val': -2.0812269241332615e-08,
    'z_val': -1.0},
    'object_id': -1,
    'object_name': 'Landscape_0',
    'penetration_depth': 0.0,
    'position': <Vector3r> {   'x_val': 0.0,
    'y_val': 0.0,
    'z_val': 0.19065611064434052},
    'time_stamp': 1665264525014226944}
2022-10-09 00:29:16,057 - ServerLogger - INFO - Command received: Move Forward
2022-10-09 00:29:16,779 - ServerLogger - INFO - Command received: Move Forward
2022-10-09 00:29:16,932 - ServerLogger - INFO - State:
<MultirotorState> {   'collision': <CollisionInfo> {   'has_collided': False,
    'impact_point': <Vector3r> {   'x_val': 0.0,
    'y_val': 0.0,
    'z_val': 0.0},
    'normal': <Vector3r> {   'x_val': 0.0,
    'y_val': 0.0,
    'z_val': 0.0},
    'object_id': -1,
    'object_name': '',
    'penetration_depth': 0.0,
    'position': <Vector3r> {   'x_val': 0.0,
    'y_val': 0.0,
    'z_val': 0.0},
    'time_stamp': 0},
    'gps_location': <GeoPoint> {   'altitude': 121.81904602050781,
    'latitude': 47.6414680808809,
    'longitude': -122.14016504425251},
    'kinematics_estimated': <KinematicsState> {   'angular_acceleration': <Vector3r> {   'x_val': 0.0,
    'y_val': 0.0,
    'z_val': 0.0},
    'angular_velocity': <Vector3r> {   'x_val': 0.0,
    'y_val': 0.0,
    'z_val': 0.0},
    'linear_acceleration': <Vector3r> {   'x_val': 0.0,
    'y_val': 0.0,
    'z_val': 0.0},
    'linear_velocity': <Vector3r> {   'x_val': 0.0,
    'y_val': 0.0,
    'z_val': 0.0},
    'orientation': <Quaternionr> {   'w_val': 0.9999998807907104,
    'x_val': 0.0,
    'y_val': 0.0,
    'z_val': 0.0},
    'position': <Vector3r> {   'x_val': 0.0,
    'y_val': 0.0,
    'z_val': 0.19065611064434052}},
    'landed_state': 0,
    'rc_data': <RCData> {   'is_initialized': False,
    'is_valid': False,
    'left_z': 0.0,
    'pitch': 0.0,
    'right_z': 0.0,
    'roll': 0.0,
    'switches': 0,
    'throttle': 0.0,
    'timestamp': 0,
    'vendor_id': '',
    'yaw': 0.0},
    'timestamp': 1665264556751904000}
2022-10-09 00:29:16,932 - ServerLogger - INFO - Collision:
<CollisionInfo> {   'has_collided': False,
    'impact_point': <Vector3r> {   'x_val': -0.22481729090213776,
    'y_val': 0.31564638018608093,
    'z_val': 0.3930765390396118},
    'normal': <Vector3r> {   'x_val': -2.092225592775776e-08,
    'y_val': -2.0812269241332615e-08,
    'z_val': -1.0},
    'object_id': -1,
    'object_name': 'Landscape_0',
    'penetration_depth': 0.0,
    'position': <Vector3r> {   'x_val': 0.0,
    'y_val': 0.0,
    'z_val': 0.19065611064434052},
    'time_stamp': 1665264525014226944}
2022-10-09 00:29:17,289 - ServerLogger - INFO - Command received: Move Forward
2022-10-09 00:29:17,321 - ServerLogger - INFO - Command received: Move Forward
2022-10-09 00:29:17,352 - ServerLogger - INFO - Command received: Move Forward
2022-10-09 00:29:17,383 - ServerLogger - INFO - Command received: Move Forward
2022-10-09 00:29:17,412 - ServerLogger - INFO - Command received: Move Forward
2022-10-09 00:29:17,666 - ServerLogger - INFO - Command received: Move Forward
2022-10-09 00:29:17,948 - ServerLogger - INFO - State:
<MultirotorState> {   'collision': <CollisionInfo> {   'has_collided': False,
    'impact_point': <Vector3r> {   'x_val': 0.0,
    'y_val': 0.0,
    'z_val': 0.0},
    'normal': <Vector3r> {   'x_val': 0.0,
    'y_val': 0.0,
    'z_val': 0.0},
    'object_id': -1,
    'object_name': '',
    'penetration_depth': 0.0,
    'position': <Vector3r> {   'x_val': 0.0,
    'y_val': 0.0,
    'z_val': 0.0},
    'time_stamp': 0},
    'gps_location': <GeoPoint> {   'altitude': 121.81904602050781,
    'latitude': 47.6414680808809,
    'longitude': -122.14016504425251},
    'kinematics_estimated': <KinematicsState> {   'angular_acceleration': <Vector3r> {   'x_val': 0.0,
    'y_val': 0.0,
    'z_val': 0.0},
    'angular_velocity': <Vector3r> {   'x_val': 0.0,
    'y_val': 0.0,
    'z_val': 0.0},
    'linear_acceleration': <Vector3r> {   'x_val': 0.0,
    'y_val': 0.0,
    'z_val': 0.0},
    'linear_velocity': <Vector3r> {   'x_val': 0.0,
    'y_val': 0.0,
    'z_val': 0.0},
    'orientation': <Quaternionr> {   'w_val': 0.9999998807907104,
    'x_val': 0.0,
    'y_val': 0.0,
    'z_val': 0.0},
    'position': <Vector3r> {   'x_val': 0.0,
    'y_val': 0.0,
    'z_val': 0.19065611064434052}},
    'landed_state': 0,
    'rc_data': <RCData> {   'is_initialized': False,
    'is_valid': False,
    'left_z': 0.0,
    'pitch': 0.0,
    'right_z': 0.0,
    'roll': 0.0,
    'switches': 0,
    'throttle': 0.0,
    'timestamp': 0,
    'vendor_id': '',
    'yaw': 0.0},
    'timestamp': 1665264557765925632}
2022-10-09 00:29:17,949 - ServerLogger - INFO - Collision:
<CollisionInfo> {   'has_collided': False,
    'impact_point': <Vector3r> {   'x_val': -0.22481729090213776,
    'y_val': 0.31564638018608093,
    'z_val': 0.3930765390396118},
    'normal': <Vector3r> {   'x_val': -2.092225592775776e-08,
    'y_val': -2.0812269241332615e-08,
    'z_val': -1.0},
    'object_id': -1,
    'object_name': 'Landscape_0',
    'penetration_depth': 0.0,
    'position': <Vector3r> {   'x_val': 0.0,
    'y_val': 0.0,
    'z_val': 0.19065611064434052},
    'time_stamp': 1665264525014226944}
2022-10-09 00:29:18,318 - ServerLogger - INFO - Command received: Move Forward
2022-10-09 00:29:18,826 - ServerLogger - INFO - Command received: Move Forward
2022-10-09 00:29:18,858 - ServerLogger - INFO - Command received: Move Forward
2022-10-09 00:29:18,890 - ServerLogger - INFO - Command received: Move Forward
2022-10-09 00:29:18,921 - ServerLogger - INFO - Command received: Move Forward
2022-10-09 00:29:18,953 - ServerLogger - INFO - Command received: Move Forward
2022-10-09 00:29:18,985 - ServerLogger - INFO - Command received: Move Forward
2022-10-09 00:29:19,031 - ServerLogger - INFO - Command received: Move Forward
2022-10-09 00:29:19,062 - ServerLogger - INFO - Command received: Move Forward
2022-10-09 00:29:19,094 - ServerLogger - INFO - Command received: Move Forward
2022-10-09 00:29:19,125 - ServerLogger - INFO - Command received: Move Forward
2022-10-09 00:29:19,156 - ServerLogger - INFO - Command received: Move Forward
2022-10-09 00:29:19,188 - ServerLogger - INFO - Command received: Move Forward
2022-10-09 00:29:19,219 - ServerLogger - INFO - Command received: Move Forward
2022-10-09 00:29:19,379 - ServerLogger - INFO - Command received: Move Forward
2022-10-09 00:29:19,893 - ServerLogger - INFO - Command received: Move Forward
2022-10-09 00:29:19,925 - ServerLogger - INFO - Command received: Move Forward
2022-10-09 00:29:19,956 - ServerLogger - INFO - Command received: Move Forward
2022-10-09 00:29:19,989 - ServerLogger - INFO - Command received: Move Forward
2022-10-09 00:29:20,020 - ServerLogger - INFO - Command received: Move Forward
2022-10-09 00:29:20,051 - ServerLogger - INFO - Command received: Move Forward
2022-10-09 00:29:20,082 - ServerLogger - INFO - Command received: Move Forward
2022-10-09 00:29:20,112 - ServerLogger - INFO - Command received: Move Forward
2022-10-09 00:29:20,144 - ServerLogger - INFO - Command received: Move Forward
2022-10-09 00:29:20,190 - ServerLogger - INFO - Command received: Move Forward
2022-10-09 00:29:20,220 - ServerLogger - INFO - Command received: Move Forward
2022-10-09 00:29:20,252 - ServerLogger - INFO - Command received: Move Forward
2022-10-09 00:29:20,284 - ServerLogger - INFO - Command received: Move Forward
2022-10-09 00:29:21,092 - ServerLogger - INFO - Command received: Move Forward
2022-10-09 00:29:21,597 - ServerLogger - INFO - Command received: Move Forward
2022-10-09 00:29:21,629 - ServerLogger - INFO - Command received: Move Forward
2022-10-09 00:29:21,660 - ServerLogger - INFO - Command received: Move Forward
2022-10-09 00:29:21,706 - ServerLogger - INFO - Command received: Move Forward
2022-10-09 00:29:21,737 - ServerLogger - INFO - Command received: Move Forward
2022-10-09 00:29:21,769 - ServerLogger - INFO - Command received: Move Forward
2022-10-09 00:29:21,800 - ServerLogger - INFO - Command received: Move Forward
2022-10-09 00:29:21,831 - ServerLogger - INFO - Command received: Move Forward
2022-10-09 00:29:21,863 - ServerLogger - INFO - Command received: Move Forward
2022-10-09 00:29:21,895 - ServerLogger - INFO - Command received: Move Forward
2022-10-09 00:29:21,926 - ServerLogger - INFO - Command received: Move Forward
2022-10-09 00:29:21,957 - ServerLogger - INFO - Command received: Move Forward
2022-10-09 00:29:21,988 - ServerLogger - INFO - Command received: Move Forward
2022-10-09 00:29:22,035 - ServerLogger - INFO - Command received: Move Forward
2022-10-09 00:29:22,065 - ServerLogger - INFO - Command received: Move Forward
2022-10-09 00:29:22,096 - ServerLogger - INFO - Command received: Move Forward
2022-10-09 00:29:22,128 - ServerLogger - INFO - Command received: Move Forward
2022-10-09 00:29:22,159 - ServerLogger - INFO - Command received: Move Forward
2022-10-09 00:29:22,190 - ServerLogger - INFO - Command received: Move Forward
2022-10-09 00:29:22,221 - ServerLogger - INFO - Command received: Move Forward
2022-10-09 00:29:22,253 - ServerLogger - INFO - Command received: Move Forward
2022-10-09 00:29:22,300 - ServerLogger - INFO - Command received: Move Forward
2022-10-09 00:29:22,332 - ServerLogger - INFO - Command received: Move Forward
2022-10-09 00:29:22,363 - ServerLogger - INFO - Command received: Move Forward
2022-10-09 00:29:22,394 - ServerLogger - INFO - Command received: Move Forward
2022-10-09 00:29:22,425 - ServerLogger - INFO - Command received: Move Forward
2022-10-09 00:29:22,455 - ServerLogger - INFO - Command received: Move Forward
2022-10-09 00:29:22,487 - ServerLogger - INFO - Command received: Move Forward
2022-10-09 00:29:22,518 - ServerLogger - INFO - Command received: Move Forward
2022-10-09 00:29:22,550 - ServerLogger - INFO - Command received: Move Forward
2022-10-09 00:29:22,597 - ServerLogger - INFO - Command received: Move Forward
2022-10-09 00:29:22,629 - ServerLogger - INFO - Command received: Move Forward
2022-10-09 00:29:22,659 - ServerLogger - INFO - Command received: Move Forward
2022-10-09 00:29:22,690 - ServerLogger - INFO - Command received: Move Forward
2022-10-09 00:29:22,721 - ServerLogger - INFO - Command received: Move Forward
2022-10-09 00:29:22,752 - ServerLogger - INFO - Command received: Move Forward
2022-10-09 00:29:22,784 - ServerLogger - INFO - Command received: Move Forward
2022-10-09 00:29:22,815 - ServerLogger - INFO - Command received: Move Forward
2022-10-09 00:29:22,846 - ServerLogger - INFO - Command received: Move Forward
2022-10-09 00:29:22,896 - ServerLogger - INFO - Command received: Move Forward
2022-10-09 00:29:22,925 - ServerLogger - INFO - Command received: Move Forward
2022-10-09 00:29:22,955 - ServerLogger - INFO - Command received: Move Forward
2022-10-09 00:29:22,985 - ServerLogger - INFO - Command received: Move Forward
2022-10-09 00:29:23,017 - ServerLogger - INFO - Command received: Move Forward
2022-10-09 00:29:23,049 - ServerLogger - INFO - Command received: Move Forward
2022-10-09 00:29:23,081 - ServerLogger - INFO - Command received: Move Forward
2022-10-09 00:29:23,112 - ServerLogger - INFO - Command received: Move Forward
2022-10-09 00:29:23,144 - ServerLogger - INFO - Command received: Move Forward
2022-10-09 00:29:23,190 - ServerLogger - INFO - Command received: Move Forward
2022-10-09 00:29:23,222 - ServerLogger - INFO - Command received: Move Forward
2022-10-09 00:29:23,253 - ServerLogger - INFO - Command received: Move Forward
2022-10-09 00:29:23,285 - ServerLogger - INFO - Command received: Move Forward
2022-10-09 00:29:23,316 - ServerLogger - INFO - Command received: Move Forward
2022-10-09 00:29:23,348 - ServerLogger - INFO - Command received: Move Forward
2022-10-09 00:29:23,380 - ServerLogger - INFO - Command received: Move Forward
2022-10-09 00:29:23,412 - ServerLogger - INFO - Command received: Move Forward
2022-10-09 00:29:23,444 - ServerLogger - INFO - Command received: Move Forward
2022-10-09 00:29:23,475 - ServerLogger - INFO - Command received: Move Forward
2022-10-09 00:29:23,521 - ServerLogger - INFO - Command received: Move Forward
2022-10-09 00:29:23,552 - ServerLogger - INFO - Command received: Move Forward
2022-10-09 00:29:23,583 - ServerLogger - INFO - Command received: Move Forward
2022-10-09 00:29:23,615 - ServerLogger - INFO - Command received: Move Forward
2022-10-09 00:29:23,646 - ServerLogger - INFO - Command received: Move Forward
2022-10-09 00:29:23,678 - ServerLogger - INFO - Command received: Move Forward
2022-10-09 00:29:23,709 - ServerLogger - INFO - Command received: Move Forward
2022-10-09 00:29:23,740 - ServerLogger - INFO - Command received: Move Forward
2022-10-09 00:29:23,772 - ServerLogger - INFO - Command received: Move Forward
2022-10-09 00:29:23,803 - ServerLogger - INFO - Command received: Move Forward
2022-10-09 00:29:23,850 - ServerLogger - INFO - Command received: Move Forward
2022-10-09 00:29:23,881 - ServerLogger - INFO - Command received: Move Forward
2022-10-09 00:29:23,913 - ServerLogger - INFO - Command received: Move Forward
2022-10-09 00:29:23,945 - ServerLogger - INFO - Command received: Move Forward
2022-10-09 00:29:23,976 - ServerLogger - INFO - Command received: Move Forward
2022-10-09 00:29:24,008 - ServerLogger - INFO - Command received: Move Forward
2022-10-09 00:29:24,039 - ServerLogger - INFO - Command received: Move Forward
2022-10-09 00:29:24,070 - ServerLogger - INFO - Command received: Move Forward
2022-10-09 00:29:24,101 - ServerLogger - INFO - Command received: Move Forward
2022-10-09 00:29:24,134 - ServerLogger - INFO - Command received: Move Forward
2022-10-09 00:29:24,181 - ServerLogger - INFO - Command received: Move Forward
2022-10-09 00:29:24,212 - ServerLogger - INFO - Command received: Move Forward
2022-10-09 00:29:24,243 - ServerLogger - INFO - Command received: Move Forward
2022-10-09 00:29:24,275 - ServerLogger - INFO - Command received: Move Forward
2022-10-09 00:29:24,306 - ServerLogger - INFO - Command received: Move Forward
2022-10-09 00:29:24,338 - ServerLogger - INFO - Command received: Move Forward
2022-10-09 00:29:24,369 - ServerLogger - INFO - Command received: Move Forward
2022-10-09 00:29:24,400 - ServerLogger - INFO - Command received: Move Forward
2022-10-09 00:29:24,431 - ServerLogger - INFO - Command received: Move Forward
2022-10-09 00:29:24,478 - ServerLogger - INFO - Command received: Move Forward
2022-10-09 00:29:24,510 - ServerLogger - INFO - Command received: Move Forward
2022-10-09 00:29:24,541 - ServerLogger - INFO - Command received: Move Forward
2022-10-09 00:29:24,572 - ServerLogger - INFO - Command received: Move Forward
2022-10-09 00:29:24,602 - ServerLogger - INFO - Command received: Move Forward
2022-10-09 00:29:24,633 - ServerLogger - INFO - Command received: Move Forward
2022-10-09 00:29:24,664 - ServerLogger - INFO - Command received: Move Forward
2022-10-09 00:29:24,696 - ServerLogger - INFO - Command received: Move Forward
2022-10-09 00:29:24,727 - ServerLogger - INFO - Command received: Move Forward
2022-10-09 00:29:24,774 - ServerLogger - INFO - Command received: Move Forward
2022-10-09 00:29:24,889 - ServerLogger - INFO - Command received: Move Forward
2022-10-09 00:29:25,737 - ServerLogger - INFO - Command received: Move Forward
2022-10-09 00:29:26,715 - ServerLogger - INFO - Command received: Move Back
2022-10-09 00:29:27,224 - ServerLogger - INFO - Command received: Move Back
2022-10-09 00:29:27,255 - ServerLogger - INFO - Command received: Move Back
2022-10-09 00:29:27,286 - ServerLogger - INFO - Command received: Move Back
2022-10-09 00:29:27,317 - ServerLogger - INFO - Command received: Move Back
2022-10-09 00:29:27,349 - ServerLogger - INFO - Command received: Move Back
2022-10-09 00:29:27,380 - ServerLogger - INFO - Command received: Move Back
2022-10-09 00:29:27,426 - ServerLogger - INFO - Command received: Move Back
2022-10-09 00:29:27,457 - ServerLogger - INFO - Command received: Move Back
2022-10-09 00:29:27,488 - ServerLogger - INFO - Command received: Move Back
2022-10-09 00:29:27,520 - ServerLogger - INFO - Command received: Move Back
2022-10-09 00:29:27,551 - ServerLogger - INFO - Command received: Move Back
2022-10-09 00:29:27,582 - ServerLogger - INFO - Command received: Move Back
2022-10-09 00:29:27,613 - ServerLogger - INFO - Command received: Move Back
2022-10-09 00:29:27,649 - ServerLogger - INFO - Command received: Move Back
2022-10-09 00:29:27,676 - ServerLogger - INFO - Command received: Move Back
2022-10-09 00:29:27,724 - ServerLogger - INFO - Command received: Move Back
2022-10-09 00:29:27,755 - ServerLogger - INFO - Command received: Move Back
2022-10-09 00:29:27,786 - ServerLogger - INFO - Command received: Move Back
2022-10-09 00:29:27,817 - ServerLogger - INFO - Command received: Move Back
2022-10-09 00:29:27,849 - ServerLogger - INFO - Command received: Move Back
2022-10-09 00:29:27,880 - ServerLogger - INFO - Command received: Move Back
2022-10-09 00:29:27,911 - ServerLogger - INFO - Command received: Move Back
2022-10-09 00:29:27,942 - ServerLogger - INFO - Command received: Move Back
2022-10-09 00:29:27,973 - ServerLogger - INFO - Command received: Move Back
2022-10-09 00:29:28,020 - ServerLogger - INFO - Command received: Move Back
2022-10-09 00:29:28,051 - ServerLogger - INFO - Command received: Move Back
2022-10-09 00:29:28,085 - ServerLogger - INFO - Command received: Move Back
2022-10-09 00:29:28,113 - ServerLogger - INFO - Command received: Move Back
2022-10-09 00:29:46,641 - ServerLogger - INFO - Command received: Move Right
2022-10-09 00:29:51,704 - ServerLogger - INFO - Command received: Move Forward
2022-10-09 00:29:58,203 - ServerLogger - INFO - Command received: Move Forward
2022-10-09 00:29:59,664 - ServerLogger - INFO - Command received: Move Forward
2022-10-09 00:30:00,630 - ServerLogger - INFO - Command received: Move Forward
2022-10-09 00:30:00,985 - ServerLogger - INFO - Command received: Move Forward
2022-10-09 00:30:01,606 - ServerLogger - INFO - Command received: Move Back
2022-10-09 00:30:05,601 - ServerLogger - INFO - Command received: Move Back
2022-10-09 00:30:06,108 - ServerLogger - INFO - Command received: Move Back
2022-10-09 00:30:06,140 - ServerLogger - INFO - Command received: Move Back
2022-10-09 00:30:06,170 - ServerLogger - INFO - Command received: Move Back
2022-10-09 00:30:06,201 - ServerLogger - INFO - Command received: Move Back
2022-10-09 00:30:06,777 - ServerLogger - INFO - Command received: Move Back
2022-10-09 00:30:07,282 - ServerLogger - INFO - Command received: Move Back
2022-10-09 00:30:07,314 - ServerLogger - INFO - Command received: Move Back
2022-10-09 00:30:07,345 - ServerLogger - INFO - Command received: Move Back
2022-10-09 00:30:07,390 - ServerLogger - INFO - Command received: Move Back
2022-10-09 00:30:07,422 - ServerLogger - INFO - Command received: Move Back
2022-10-09 00:30:07,453 - ServerLogger - INFO - Command received: Move Back
2022-10-09 00:30:07,484 - ServerLogger - INFO - Command received: Move Back
2022-10-09 00:30:07,515 - ServerLogger - INFO - Command received: Move Back
2022-10-09 00:30:07,547 - ServerLogger - INFO - Command received: Move Back
2022-10-09 00:30:07,578 - ServerLogger - INFO - Command received: Move Back
2022-10-09 00:30:07,610 - ServerLogger - INFO - Command received: Move Back
2022-10-09 00:30:07,641 - ServerLogger - INFO - Command received: Move Back
2022-10-09 00:30:07,673 - ServerLogger - INFO - Command received: Move Back
2022-10-09 00:30:08,546 - ServerLogger - INFO - Command received: Move Forward
2022-10-09 00:30:09,048 - ServerLogger - INFO - Command received: Move Forward
2022-10-09 00:30:09,079 - ServerLogger - INFO - Command received: Move Forward
2022-10-09 00:30:09,125 - ServerLogger - INFO - Command received: Move Forward
2022-10-09 00:30:09,156 - ServerLogger - INFO - Command received: Move Forward
2022-10-09 00:30:09,188 - ServerLogger - INFO - Command received: Move Forward
2022-10-09 00:30:14,379 - ServerLogger - INFO - Command received: Move Forward
2022-10-09 00:30:14,886 - ServerLogger - INFO - Command received: Move Forward
2022-10-09 00:30:14,918 - ServerLogger - INFO - Command received: Move Forward
2022-10-09 00:30:14,949 - ServerLogger - INFO - Command received: Move Forward
2022-10-09 00:30:14,980 - ServerLogger - INFO - Command received: Move Forward
2022-10-09 00:30:15,011 - ServerLogger - INFO - Command received: Move Forward
2022-10-09 00:30:17,640 - ServerLogger - INFO - Command received: Move Back
2022-10-09 00:30:19,033 - ServerLogger - INFO - Command received: Move Forward
2022-10-09 00:30:19,545 - ServerLogger - INFO - Command received: Move Forward
2022-10-09 00:30:19,575 - ServerLogger - INFO - Command received: Move Forward
2022-10-09 00:30:19,606 - ServerLogger - INFO - Command received: Move Forward
2022-10-09 00:30:19,638 - ServerLogger - INFO - Command received: Move Forward
2022-10-09 00:30:19,668 - ServerLogger - INFO - Command received: Move Forward
2022-10-09 00:30:19,699 - ServerLogger - INFO - Command received: Move Forward
2022-10-09 00:30:19,747 - ServerLogger - INFO - Command received: Move Forward
2022-10-09 00:30:19,777 - ServerLogger - INFO - Command received: Move Forward
2022-10-09 00:30:19,807 - ServerLogger - INFO - Command received: Move Forward
2022-10-09 00:30:19,839 - ServerLogger - INFO - Command received: Move Forward
2022-10-09 00:30:19,870 - ServerLogger - INFO - Command received: Move Forward
2022-10-09 00:30:19,901 - ServerLogger - INFO - Command received: Move Forward
2022-10-09 00:30:19,931 - ServerLogger - INFO - Command received: Move Forward
2022-10-09 00:30:20,149 - ServerLogger - INFO - Command received: Move Forward
2022-10-09 00:30:20,954 - ServerLogger - INFO - Command received: Move Back
2022-10-09 00:30:21,465 - ServerLogger - INFO - Command received: Move Back
2022-10-09 00:30:21,496 - ServerLogger - INFO - Command received: Move Back
2022-10-09 00:30:21,529 - ServerLogger - INFO - Command received: Move Back
2022-10-09 00:30:21,559 - ServerLogger - INFO - Command received: Move Back
2022-10-09 00:30:21,591 - ServerLogger - INFO - Command received: Move Back
2022-10-09 00:30:21,622 - ServerLogger - INFO - Command received: Move Back
2022-10-09 00:30:21,653 - ServerLogger - INFO - Command received: Move Back
2022-10-09 00:30:21,699 - ServerLogger - INFO - Command received: Move Back
2022-10-09 00:30:21,731 - ServerLogger - INFO - Command received: Move Back
2022-10-09 00:30:21,762 - ServerLogger - INFO - Command received: Move Back
2022-10-09 00:30:21,794 - ServerLogger - INFO - Command received: Move Back
2022-10-09 00:30:21,825 - ServerLogger - INFO - Command received: Move Back
2022-10-09 00:30:21,857 - ServerLogger - INFO - Command received: Move Back
2022-10-09 00:30:21,890 - ServerLogger - INFO - Command received: Move Back
2022-10-09 00:30:21,921 - ServerLogger - INFO - Command received: Move Back
2022-10-09 00:30:21,952 - ServerLogger - INFO - Command received: Move Back
2022-10-09 00:30:21,985 - ServerLogger - INFO - Command received: Move Back
2022-10-09 00:30:22,016 - ServerLogger - INFO - Command received: Move Back
2022-10-09 00:30:22,048 - ServerLogger - INFO - Command received: Move Back
2022-10-09 00:30:22,204 - ServerLogger - INFO - Command received: Move Forward
2022-10-09 00:30:22,707 - ServerLogger - INFO - Command received: Move Forward
2022-10-09 00:30:22,739 - ServerLogger - INFO - Command received: Move Forward
2022-10-09 00:30:22,786 - ServerLogger - INFO - Command received: Move Forward
2022-10-09 00:30:22,817 - ServerLogger - INFO - Command received: Move Forward
2022-10-09 00:30:22,848 - ServerLogger - INFO - Command received: Move Forward
2022-10-09 00:30:22,880 - ServerLogger - INFO - Command received: Move Forward
2022-10-09 00:30:22,911 - ServerLogger - INFO - Command received: Move Forward
2022-10-09 00:30:22,941 - ServerLogger - INFO - Command received: Move Forward
2022-10-09 00:30:22,973 - ServerLogger - INFO - Command received: Move Forward
2022-10-09 00:30:23,004 - ServerLogger - INFO - Command received: Move Forward
2022-10-09 00:30:23,035 - ServerLogger - INFO - Command received: Move Forward
2022-10-09 00:30:23,067 - ServerLogger - INFO - Command received: Move Forward
2022-10-09 00:30:23,114 - ServerLogger - INFO - Command received: Move Forward
2022-10-09 00:30:23,146 - ServerLogger - INFO - Command received: Move Forward
2022-10-09 00:30:23,177 - ServerLogger - INFO - Command received: Move Forward
2022-10-09 00:30:23,208 - ServerLogger - INFO - Command received: Move Forward
2022-10-09 00:30:23,239 - ServerLogger - INFO - Command received: Move Forward
2022-10-09 00:30:23,269 - ServerLogger - INFO - Command received: Move Forward
2022-10-09 00:30:23,300 - ServerLogger - INFO - Command received: Move Forward
2022-10-09 00:30:23,332 - ServerLogger - INFO - Command received: Move Forward
2022-10-09 00:30:23,377 - ServerLogger - INFO - Command received: Move Forward
2022-10-09 00:30:23,409 - ServerLogger - INFO - Command received: Move Forward
2022-10-09 00:30:23,584 - ServerLogger - INFO - Command received: Move Back
2022-10-09 00:30:24,093 - ServerLogger - INFO - Command received: Move Back
2022-10-09 00:30:24,125 - ServerLogger - INFO - Command received: Move Back
2022-10-09 00:30:24,157 - ServerLogger - INFO - Command received: Move Back
2022-10-09 00:30:24,188 - ServerLogger - INFO - Command received: Move Back
2022-10-09 00:30:27,030 - ServerLogger - INFO - Command received: Move Forward
2022-10-09 00:30:27,535 - ServerLogger - INFO - Command received: Move Forward
2022-10-09 00:30:27,566 - ServerLogger - INFO - Command received: Move Forward
2022-10-09 00:30:27,597 - ServerLogger - INFO - Command received: Move Forward
2022-10-09 00:30:27,628 - ServerLogger - INFO - Command received: Move Forward
2022-10-09 00:30:27,675 - ServerLogger - INFO - Command received: Move Forward
2022-10-09 00:30:27,705 - ServerLogger - INFO - Command received: Move Forward
2022-10-09 00:30:27,736 - ServerLogger - INFO - Command received: Move Forward
2022-10-09 00:30:27,768 - ServerLogger - INFO - Command received: Move Forward
2022-10-09 00:30:27,799 - ServerLogger - INFO - Command received: Move Forward
2022-10-09 00:30:27,830 - ServerLogger - INFO - Command received: Move Forward
2022-10-09 00:30:27,861 - ServerLogger - INFO - Command received: Move Forward
2022-10-09 00:30:27,893 - ServerLogger - INFO - Command received: Move Forward
2022-10-09 00:30:28,093 - ServerLogger - INFO - Command received: Move Back
2022-10-09 00:30:30,882 - ServerLogger - INFO - Command received: Finish Simulation
